#! /c/Source/iverilog-install/bin/vvp
:ivl_version "12.0 (devel)" "(s20150603-1539-g2693dd32b)";
:ivl_delay_selection "TYPICAL";
:vpi_time_precision - 12;
:vpi_module "D:\iverilog\lib\ivl\system.vpi";
:vpi_module "D:\iverilog\lib\ivl\vhdl_sys.vpi";
:vpi_module "D:\iverilog\lib\ivl\vhdl_textio.vpi";
:vpi_module "D:\iverilog\lib\ivl\v2005_math.vpi";
:vpi_module "D:\iverilog\lib\ivl\va_math.vpi";
S_000002c47276f1c0 .scope module, "Multi_tb" "Multi_tb" 2 2;
 .timescale -9 -12;
v000002c4727d21e0_0 .var "clk", 0 0;
v000002c4727d17e0_0 .var/i "i", 31 0;
v000002c4727d1100_0 .var "reset", 0 0;
S_000002c4722bb860 .scope module, "Multi" "Multi" 2 7, 3 2 0, S_000002c47276f1c0;
 .timescale -9 -12;
    .port_info 0 /INPUT 1 "clk";
    .port_info 1 /INPUT 1 "reset";
L_000002c4727e2130 .functor BUFZ 32, L_000002c4727e03a0, C4<00000000000000000000000000000000>, C4<00000000000000000000000000000000>, C4<00000000000000000000000000000000>;
L_000002c4727e2360 .functor BUFZ 32, L_000002c4727e1160, C4<00000000000000000000000000000000>, C4<00000000000000000000000000000000>, C4<00000000000000000000000000000000>;
L_000002c4727e3010 .functor BUFZ 3, v000002c472759560_0, C4<000>, C4<000>, C4<000>;
L_000002c4727e2280 .functor BUFZ 6, v000002c47275a460_0, C4<000000>, C4<000000>, C4<000000>;
L_000002c4727e3320 .functor BUFZ 32, L_000002c4727dfa40, C4<00000000000000000000000000000000>, C4<00000000000000000000000000000000>, C4<00000000000000000000000000000000>;
L_000002c4727e1f70 .functor BUFZ 32, v000002c4727c6ca0_0, C4<00000000000000000000000000000000>, C4<00000000000000000000000000000000>, C4<00000000000000000000000000000000>;
L_000002c4727e2f30 .functor BUFZ 1, L_000002c4727d8ce0, C4<0>, C4<0>, C4<0>;
L_000002c4727e2980 .functor BUFZ 1, L_000002c4727de460, C4<0>, C4<0>, C4<0>;
L_000002c4727e2bb0 .functor BUFZ 32, v000002c47275a000_0, C4<00000000000000000000000000000000>, C4<00000000000000000000000000000000>, C4<00000000000000000000000000000000>;
L_000002c4727e3470 .functor BUFZ 1, L_000002c4727dfea0, C4<0>, C4<0>, C4<0>;
L_000002c4727e29f0 .functor BUFZ 5, v000002c47275a0a0_0, C4<00000>, C4<00000>, C4<00000>;
L_000002c4727e3940 .functor BUFZ 5, v000002c472759d80_0, C4<00000>, C4<00000>, C4<00000>;
L_000002c4727e2440 .functor BUFZ 1, L_000002c4727d8f80, C4<0>, C4<0>, C4<0>;
L_000002c4727e2590 .functor BUFZ 32, v000002c4727c60c0_0, C4<00000000000000000000000000000000>, C4<00000000000000000000000000000000>, C4<00000000000000000000000000000000>;
L_000002c4727e24b0 .functor BUFZ 32, v000002c4727c6980_0, C4<00000000000000000000000000000000>, C4<00000000000000000000000000000000>, C4<00000000000000000000000000000000>;
L_000002c4727e2a60 .functor BUFZ 1, L_000002c4727d8c70, C4<0>, C4<0>, C4<0>;
L_000002c4727e3710 .functor BUFZ 32, v000002c4727c60c0_0, C4<00000000000000000000000000000000>, C4<00000000000000000000000000000000>, C4<00000000000000000000000000000000>;
L_000002c4727e3a20 .functor BUFZ 32, v000002c4727596a0_0, C4<00000000000000000000000000000000>, C4<00000000000000000000000000000000>, C4<00000000000000000000000000000000>;
L_000002c4727e35c0 .functor BUFZ 1, L_000002c4727dd4c0, C4<0>, C4<0>, C4<0>;
L_000002c4727e31d0 .functor BUFZ 32, v000002c4727596a0_0, C4<00000000000000000000000000000000>, C4<00000000000000000000000000000000>, C4<00000000000000000000000000000000>;
L_000002c4727e23d0 .functor BUFZ 32, v000002c4727c44f0_0, C4<00000000000000000000000000000000>, C4<00000000000000000000000000000000>, C4<00000000000000000000000000000000>;
L_000002c4727e2210 .functor BUFZ 2, L_000002c4727dd560, C4<00>, C4<00>, C4<00>;
L_000002c4727e34e0 .functor BUFZ 32, v000002c472759e20_0, C4<00000000000000000000000000000000>, C4<00000000000000000000000000000000>, C4<00000000000000000000000000000000>;
L_000002c4727e2ad0 .functor BUFZ 32, v000002c4727596a0_0, C4<00000000000000000000000000000000>, C4<00000000000000000000000000000000>, C4<00000000000000000000000000000000>;
L_000002c4727e2fa0 .functor BUFZ 2, L_000002c4727de5a0, C4<00>, C4<00>, C4<00>;
L_000002c4727e2b40 .functor BUFZ 32, v000002c4727c6ca0_0, C4<00000000000000000000000000000000>, C4<00000000000000000000000000000000>, C4<00000000000000000000000000000000>;
L_000002c4727e2e50 .functor BUFZ 32, L_000002c4727da7c0, C4<00000000000000000000000000000000>, C4<00000000000000000000000000000000>, C4<00000000000000000000000000000000>;
L_000002c4727e3a90 .functor BUFZ 32, L_000002c4727dacc0, C4<00000000000000000000000000000000>, C4<00000000000000000000000000000000>, C4<00000000000000000000000000000000>;
L_000002c4727e2c20 .functor BUFZ 32, L_000002c4727dfb80, C4<00000000000000000000000000000000>, C4<00000000000000000000000000000000>, C4<00000000000000000000000000000000>;
L_000002c4727e3b00 .functor AND 1, L_000002c4727dc980, v000002c472759c40_0, C4<1>, C4<1>;
L_000002c4727e3390 .functor OR 1, L_000002c4727d8c00, L_000002c4727e3b00, C4<0>, C4<0>;
L_000002c4727e2c90 .functor BUFZ 1, L_000002c4727e38d0, C4<0>, C4<0>, C4<0>;
L_000002c4727e2d00 .functor BUFZ 32, L_000002c4727dee60, C4<00000000000000000000000000000000>, C4<00000000000000000000000000000000>, C4<00000000000000000000000000000000>;
L_000002c4727e3780 .functor BUFZ 5, L_000002c4727df400, C4<00000>, C4<00000>, C4<00000>;
L_000002c4727e2520 .functor BUFZ 5, v000002c4727591a0_0, C4<00000>, C4<00000>, C4<00000>;
L_000002c4727e2ec0 .functor BUFZ 5, v000002c47275a0a0_0, C4<00000>, C4<00000>, C4<00000>;
L_000002c4727e3400 .functor BUFZ 26, v000002c47275a780_0, C4<00000000000000000000000000>, C4<00000000000000000000000000>, C4<00000000000000000000000000>;
L_000002c4727e2670 .functor BUFZ 32, L_000002c4727da7c0, C4<00000000000000000000000000000000>, C4<00000000000000000000000000000000>, C4<00000000000000000000000000000000>;
L_000002c4727e2600 .functor BUFZ 16, v000002c472759ce0_0, C4<0000000000000000>, C4<0000000000000000>, C4<0000000000000000>;
L_000002c4727e3160 .functor BUFZ 32, L_000002c4727e1a20, C4<00000000000000000000000000000000>, C4<00000000000000000000000000000000>, C4<00000000000000000000000000000000>;
L_000002c4727e3240 .functor BUFZ 32, L_000002c4727d9fa0, C4<00000000000000000000000000000000>, C4<00000000000000000000000000000000>, C4<00000000000000000000000000000000>;
L_000002c4727e32b0 .functor BUFZ 32, v000002c472759e20_0, C4<00000000000000000000000000000000>, C4<00000000000000000000000000000000>, C4<00000000000000000000000000000000>;
L_000002c4727e3860 .functor BUFZ 32, v000002c47275a000_0, C4<00000000000000000000000000000000>, C4<00000000000000000000000000000000>, C4<00000000000000000000000000000000>;
v000002c4727ccab0_0 .net "ALUCU_funct", 5 0, L_000002c4727e2280;  1 drivers
v000002c4727ce6d0_0 .net "ALUCtrl", 2 0, v000002c472759560_0;  1 drivers
v000002c4727cc830_0 .net "ALUOp", 1 0, L_000002c4727ddc40;  1 drivers
v000002c4727ce130_0 .net "ALUOut_in", 31 0, L_000002c4727e32b0;  1 drivers
v000002c4727ce9f0_0 .net "ALUOut_out", 31 0, v000002c4727596a0_0;  1 drivers
v000002c4727cd870_0 .net "ALUSrcA", 0 0, L_000002c4727d8f80;  1 drivers
v000002c4727ce770_0 .net "ALUSrcB", 1 0, L_000002c4727de5a0;  1 drivers
v000002c4727cdf50_0 .net "ALU_a", 31 0, L_000002c4727e2130;  1 drivers
v000002c4727cd910_0 .net "ALU_b", 31 0, L_000002c4727e2360;  1 drivers
v000002c4727ccb50_0 .net "ALU_c", 31 0, v000002c472759e20_0;  1 drivers
v000002c4727ccbf0_0 .net "ALU_mod", 2 0, L_000002c4727e3010;  1 drivers
v000002c4727cedb0_0 .net "ALU_o", 0 0, v000002c472759b00_0;  1 drivers
v000002c4727cd9b0_0 .net "ALU_z", 0 0, v000002c472759c40_0;  1 drivers
v000002c4727ccc90_0 .net "A_in", 31 0, L_000002c4727e3160;  1 drivers
v000002c4727cc790_0 .net "A_out", 31 0, v000002c4727c6980_0;  1 drivers
v000002c4727ce4f0_0 .net "Addr26", 25 0, v000002c47275a780_0;  1 drivers
v000002c4727cce70_0 .net "B_in", 31 0, L_000002c4727e3240;  1 drivers
v000002c4727cda50_0 .net "B_out", 31 0, v000002c4727c6ca0_0;  1 drivers
v000002c4727ce8b0_0 .net "DM_Addr", 31 0, L_000002c4727e3320;  1 drivers
v000002c4727cdff0_0 .net "DM_R", 0 0, L_000002c4727e2f30;  1 drivers
v000002c4727ce1d0_0 .net "DM_R_data", 31 0, v000002c47275a000_0;  1 drivers
v000002c4727ce270_0 .net "DM_W", 0 0, L_000002c4727e2980;  1 drivers
v000002c4727cf170_0 .net "DM_W_data", 31 0, L_000002c4727e1f70;  1 drivers
v000002c4727cf490_0 .net "Func", 5 0, v000002c47275a460_0;  1 drivers
v000002c4727d0430_0 .net "IRWr", 0 0, L_000002c4727dcde0;  1 drivers
v000002c4727ceef0_0 .net "Imm16", 15 0, v000002c472759ce0_0;  1 drivers
v000002c4727cfdf0_0 .net "Inst", 31 0, L_000002c4727e2bb0;  1 drivers
v000002c4727cf5d0_0 .net "IorD", 0 0, L_000002c4727d8c70;  1 drivers
v000002c4727cf670_0 .net "MDR_in", 31 0, L_000002c4727e3860;  1 drivers
v000002c4727cffd0_0 .net "MDR_out", 31 0, v000002c4727c44f0_0;  1 drivers
v000002c4727cf030_0 .net "MUX32_21_c", 0 0, L_000002c4727e2440;  1 drivers
v000002c4727d04d0_0 .net "MUX32_21_i0", 31 0, L_000002c4727e2590;  1 drivers
v000002c4727d0110_0 .net "MUX32_21_i1", 31 0, L_000002c4727e24b0;  1 drivers
v000002c4727cf710_0 .net "MUX32_21_out", 31 0, L_000002c4727e03a0;  1 drivers
v000002c4727d01b0_0 .net "MUX32_22_c", 0 0, L_000002c4727e2a60;  1 drivers
v000002c4727cf3f0_0 .net "MUX32_22_i0", 31 0, L_000002c4727e3710;  1 drivers
v000002c4727cfcb0_0 .net "MUX32_22_i1", 31 0, L_000002c4727e3a20;  1 drivers
v000002c4727cfad0_0 .net "MUX32_22_out", 31 0, L_000002c4727dfa40;  1 drivers
v000002c4727d0070_0 .net "MUX32_23_c", 0 0, L_000002c4727e35c0;  1 drivers
v000002c4727cfd50_0 .net "MUX32_23_i0", 31 0, L_000002c4727e31d0;  1 drivers
v000002c4727cf210_0 .net "MUX32_23_i1", 31 0, L_000002c4727e23d0;  1 drivers
v000002c4727cfb70_0 .net "MUX32_23_out", 31 0, L_000002c4727dee60;  1 drivers
v000002c4727cfc10_0 .net "MUX32_41_c", 1 0, L_000002c4727e2210;  1 drivers
v000002c4727cfe90_0 .net "MUX32_41_i0", 31 0, L_000002c4727e34e0;  1 drivers
v000002c4727cff30_0 .net "MUX32_41_i1", 31 0, L_000002c4727e2ad0;  1 drivers
v000002c4727cf0d0_0 .net "MUX32_41_i2", 31 0, L_000002c4727db620;  1 drivers
o000002c472774978 .functor BUFZ 32, C4<zzzzzzzzzzzzzzzzzzzzzzzzzzzzzzzz>; HiZ drive
v000002c4727cf7b0_0 .net "MUX32_41_i3", 31 0, o000002c472774978;  0 drivers
v000002c4727cf990_0 .net "MUX32_41_out", 31 0, L_000002c4727dfb80;  1 drivers
v000002c4727d0570_0 .net "MUX32_42_c", 1 0, L_000002c4727e2fa0;  1 drivers
v000002c4727d0250_0 .net "MUX32_42_i0", 31 0, L_000002c4727e2b40;  1 drivers
L_000002c4727e8f00 .functor BUFT 1, C4<00000000000000000000000000000100>, C4<0>, C4<0>, C4<0>;
v000002c4727cf850_0 .net "MUX32_42_i1", 31 0, L_000002c4727e8f00;  1 drivers
v000002c4727cef90_0 .net "MUX32_42_i2", 31 0, L_000002c4727e2e50;  1 drivers
v000002c4727d02f0_0 .net "MUX32_42_i3", 31 0, L_000002c4727e3a90;  1 drivers
v000002c4727cf8f0_0 .net "MUX32_42_out", 31 0, L_000002c4727e1160;  1 drivers
v000002c4727cf530_0 .net "MUX5_c", 0 0, L_000002c4727e3470;  1 drivers
v000002c4727d0390_0 .net "MUX5_i0", 4 0, L_000002c4727e29f0;  1 drivers
v000002c4727cf2b0_0 .net "MUX5_i1", 4 0, L_000002c4727e3940;  1 drivers
v000002c4727cf350_0 .net "MUX5_out", 4 0, L_000002c4727df400;  1 drivers
v000002c4727cfa30_0 .net "MemRd", 0 0, L_000002c4727d8ce0;  1 drivers
v000002c4727d26e0_0 .net "MemWr", 0 0, L_000002c4727de460;  1 drivers
v000002c4727d1740_0 .net "MemtoReg", 0 0, L_000002c4727dd4c0;  1 drivers
v000002c4727d2d20_0 .net "NS", 3 0, L_000002c4727df2c0;  1 drivers
v000002c4727d19c0_0 .net "OP_Code", 5 0, v000002c47275a820_0;  1 drivers
v000002c4727d2aa0_0 .net "PCSrc", 1 0, L_000002c4727dd560;  1 drivers
v000002c4727d1d80_0 .net "PCWr", 0 0, L_000002c4727d8c00;  1 drivers
v000002c4727d1420_0 .net "PCWrCond", 0 0, L_000002c4727dc980;  1 drivers
v000002c4727d1560_0 .net "PC_W", 0 0, L_000002c4727e3390;  1 drivers
v000002c4727d1380_0 .net "PC_in", 31 0, L_000002c4727e2c20;  1 drivers
v000002c4727d1600_0 .net "PC_out", 31 0, v000002c4727c60c0_0;  1 drivers
v000002c4727d23c0_0 .net "RF_R_Reg1", 4 0, L_000002c4727e2520;  1 drivers
v000002c4727d08e0_0 .net "RF_R_Reg2", 4 0, L_000002c4727e2ec0;  1 drivers
v000002c4727d0f20_0 .net "RF_R_data1", 31 0, L_000002c4727e1a20;  1 drivers
v000002c4727d0840_0 .net "RF_R_data2", 31 0, L_000002c4727d9fa0;  1 drivers
v000002c4727d0de0_0 .net "RF_W", 0 0, L_000002c4727e2c90;  1 drivers
v000002c4727d2640_0 .net "RF_W_Reg", 4 0, L_000002c4727e3780;  1 drivers
v000002c4727d1ce0_0 .net "RF_W_data", 31 0, L_000002c4727e2d00;  1 drivers
v000002c4727d14c0_0 .net "Rd", 4 0, v000002c472759d80_0;  1 drivers
v000002c4727d16a0_0 .net "RegDst", 0 0, L_000002c4727dfea0;  1 drivers
v000002c4727d0e80_0 .net "RegWr", 0 0, L_000002c4727e38d0;  1 drivers
v000002c4727d28c0_0 .net "Rs", 4 0, v000002c4727591a0_0;  1 drivers
v000002c4727d2be0_0 .net "Rt", 4 0, v000002c47275a0a0_0;  1 drivers
v000002c4727d1e20_0 .net "S", 3 0, v000002c4727cde10_0;  1 drivers
v000002c4727d07a0_0 .net "SHL26_in", 25 0, L_000002c4727e3400;  1 drivers
v000002c4727d0ac0_0 .net "SHL26_out", 27 0, L_000002c4727dc160;  1 drivers
v000002c4727d0980_0 .net "SHL32_in", 31 0, L_000002c4727e2670;  1 drivers
v000002c4727d2dc0_0 .net "SHL32_out", 31 0, L_000002c4727dacc0;  1 drivers
v000002c4727d1ec0_0 .net "Shamt", 4 0, v000002c47275a3c0_0;  1 drivers
v000002c4727d0a20_0 .net "Sig16", 15 0, L_000002c4727e2600;  1 drivers
v000002c4727d1f60_0 .net "Sig32", 31 0, L_000002c4727da7c0;  1 drivers
v000002c4727d2780_0 .net *"_ivl_49", 3 0, L_000002c4727db9e0;  1 drivers
v000002c4727d1a60_0 .net *"_ivl_50", 3 0, L_000002c4727dba80;  1 drivers
v000002c4727d2820_0 .net *"_ivl_52", 27 0, L_000002c4727db3a0;  1 drivers
v000002c4727d1240_0 .net *"_ivl_68", 0 0, L_000002c4727e3b00;  1 drivers
v000002c4727d2000_0 .net "clk", 0 0, v000002c4727d21e0_0;  1 drivers
v000002c4727d2a00_0 .net "reset", 0 0, v000002c4727d1100_0;  1 drivers
L_000002c4727db9e0 .part v000002c4727c60c0_0, 28, 4;
L_000002c4727dba80 .concat [ 4 0 0 0], L_000002c4727db9e0;
L_000002c4727db3a0 .concat [ 28 0 0 0], L_000002c4727dc160;
L_000002c4727db620 .concat [ 28 4 0 0], L_000002c4727db3a0, L_000002c4727dba80;
S_000002c4722bb9f0 .scope module, "ALUOut" "TmpR" 3 50, 4 2 0, S_000002c4722bb860;
 .timescale -9 -12;
    .port_info 0 /INPUT 1 "clk";
    .port_info 1 /INPUT 32 "Data";
    .port_info 2 /OUTPUT 32 "Output";
v000002c47275aa00_0 .net "Data", 31 0, L_000002c4727e32b0;  alias, 1 drivers
v000002c4727596a0_0 .var "Output", 31 0;
v000002c47275adc0_0 .net "clk", 0 0, v000002c4727d21e0_0;  alias, 1 drivers
E_000002c472735750 .event posedge, v000002c47275adc0_0;
S_000002c4722b9550 .scope module, "alu" "ALU" 3 33, 5 2 0, S_000002c4722bb860;
 .timescale -9 -12;
    .port_info 0 /INPUT 32 "a";
    .port_info 1 /INPUT 32 "b";
    .port_info 2 /OUTPUT 32 "out";
    .port_info 3 /INPUT 3 "mod";
    .port_info 4 /OUTPUT 1 "zero";
    .port_info 5 /OUTPUT 1 "overflow";
v000002c4727594c0_0 .net "a", 31 0, L_000002c4727e2130;  alias, 1 drivers
v000002c47275aaa0_0 .net "b", 31 0, L_000002c4727e2360;  alias, 1 drivers
v000002c472759240_0 .net "mod", 2 0, L_000002c4727e3010;  alias, 1 drivers
v000002c472759e20_0 .var "out", 31 0;
v000002c472759b00_0 .var "overflow", 0 0;
v000002c472759c40_0 .var "zero", 0 0;
E_000002c472735c50 .event anyedge, v000002c472759240_0, v000002c4727594c0_0, v000002c47275aaa0_0, v000002c472759e20_0;
S_000002c4722b96e0 .scope module, "alucu" "ALUCU" 3 34, 6 2 0, S_000002c4722bb860;
 .timescale -9 -12;
    .port_info 0 /INPUT 2 "ALUOp";
    .port_info 1 /INPUT 6 "funct";
    .port_info 2 /OUTPUT 3 "ALUCtrl";
v000002c472759560_0 .var "ALUCtrl", 2 0;
v000002c47275ad20_0 .net "ALUOp", 1 0, L_000002c4727ddc40;  alias, 1 drivers
v000002c47275ab40_0 .net "funct", 5 0, L_000002c4727e2280;  alias, 1 drivers
E_000002c472735250 .event anyedge, v000002c47275ad20_0, v000002c47275ab40_0;
S_000002c4722b8cc0 .scope module, "dm" "DM" 3 35, 7 2 0, S_000002c4722bb860;
 .timescale -9 -12;
    .port_info 0 /INPUT 1 "R";
    .port_info 1 /INPUT 1 "W";
    .port_info 2 /INPUT 1 "IorD";
    .port_info 3 /INPUT 32 "Addr";
    .port_info 4 /INPUT 32 "W_data";
    .port_info 5 /OUTPUT 32 "R_data";
v000002c47275a1e0_0 .net "Addr", 31 0, L_000002c4727e3320;  alias, 1 drivers
v000002c47275a640_0 .net "IorD", 0 0, L_000002c4727d8c70;  alias, 1 drivers
v000002c472759f60_0 .net "R", 0 0, L_000002c4727e2f30;  alias, 1 drivers
v000002c47275a000_0 .var "R_data", 31 0;
v000002c47275a6e0_0 .net "W", 0 0, L_000002c4727e2980;  alias, 1 drivers
v000002c47275a8c0_0 .net "W_data", 31 0, L_000002c4727e1f70;  alias, 1 drivers
v000002c47275a960_0 .var/i "fd1", 31 0;
v000002c47275b040_0 .var/i "i", 31 0;
v000002c472759600 .array "mem", 95 0, 7 0;
v000002c472759600_0 .array/port v000002c472759600, 0;
E_000002c472735390/0 .event anyedge, v000002c472759f60_0, v000002c47275a640_0, v000002c47275a1e0_0, v000002c472759600_0;
v000002c472759600_1 .array/port v000002c472759600, 1;
v000002c472759600_2 .array/port v000002c472759600, 2;
v000002c472759600_3 .array/port v000002c472759600, 3;
v000002c472759600_4 .array/port v000002c472759600, 4;
E_000002c472735390/1 .event anyedge, v000002c472759600_1, v000002c472759600_2, v000002c472759600_3, v000002c472759600_4;
v000002c472759600_5 .array/port v000002c472759600, 5;
v000002c472759600_6 .array/port v000002c472759600, 6;
v000002c472759600_7 .array/port v000002c472759600, 7;
v000002c472759600_8 .array/port v000002c472759600, 8;
E_000002c472735390/2 .event anyedge, v000002c472759600_5, v000002c472759600_6, v000002c472759600_7, v000002c472759600_8;
v000002c472759600_9 .array/port v000002c472759600, 9;
v000002c472759600_10 .array/port v000002c472759600, 10;
v000002c472759600_11 .array/port v000002c472759600, 11;
v000002c472759600_12 .array/port v000002c472759600, 12;
E_000002c472735390/3 .event anyedge, v000002c472759600_9, v000002c472759600_10, v000002c472759600_11, v000002c472759600_12;
v000002c472759600_13 .array/port v000002c472759600, 13;
v000002c472759600_14 .array/port v000002c472759600, 14;
v000002c472759600_15 .array/port v000002c472759600, 15;
v000002c472759600_16 .array/port v000002c472759600, 16;
E_000002c472735390/4 .event anyedge, v000002c472759600_13, v000002c472759600_14, v000002c472759600_15, v000002c472759600_16;
v000002c472759600_17 .array/port v000002c472759600, 17;
v000002c472759600_18 .array/port v000002c472759600, 18;
v000002c472759600_19 .array/port v000002c472759600, 19;
v000002c472759600_20 .array/port v000002c472759600, 20;
E_000002c472735390/5 .event anyedge, v000002c472759600_17, v000002c472759600_18, v000002c472759600_19, v000002c472759600_20;
v000002c472759600_21 .array/port v000002c472759600, 21;
v000002c472759600_22 .array/port v000002c472759600, 22;
v000002c472759600_23 .array/port v000002c472759600, 23;
v000002c472759600_24 .array/port v000002c472759600, 24;
E_000002c472735390/6 .event anyedge, v000002c472759600_21, v000002c472759600_22, v000002c472759600_23, v000002c472759600_24;
v000002c472759600_25 .array/port v000002c472759600, 25;
v000002c472759600_26 .array/port v000002c472759600, 26;
v000002c472759600_27 .array/port v000002c472759600, 27;
v000002c472759600_28 .array/port v000002c472759600, 28;
E_000002c472735390/7 .event anyedge, v000002c472759600_25, v000002c472759600_26, v000002c472759600_27, v000002c472759600_28;
v000002c472759600_29 .array/port v000002c472759600, 29;
v000002c472759600_30 .array/port v000002c472759600, 30;
v000002c472759600_31 .array/port v000002c472759600, 31;
v000002c472759600_32 .array/port v000002c472759600, 32;
E_000002c472735390/8 .event anyedge, v000002c472759600_29, v000002c472759600_30, v000002c472759600_31, v000002c472759600_32;
v000002c472759600_33 .array/port v000002c472759600, 33;
v000002c472759600_34 .array/port v000002c472759600, 34;
v000002c472759600_35 .array/port v000002c472759600, 35;
v000002c472759600_36 .array/port v000002c472759600, 36;
E_000002c472735390/9 .event anyedge, v000002c472759600_33, v000002c472759600_34, v000002c472759600_35, v000002c472759600_36;
v000002c472759600_37 .array/port v000002c472759600, 37;
v000002c472759600_38 .array/port v000002c472759600, 38;
v000002c472759600_39 .array/port v000002c472759600, 39;
v000002c472759600_40 .array/port v000002c472759600, 40;
E_000002c472735390/10 .event anyedge, v000002c472759600_37, v000002c472759600_38, v000002c472759600_39, v000002c472759600_40;
v000002c472759600_41 .array/port v000002c472759600, 41;
v000002c472759600_42 .array/port v000002c472759600, 42;
v000002c472759600_43 .array/port v000002c472759600, 43;
v000002c472759600_44 .array/port v000002c472759600, 44;
E_000002c472735390/11 .event anyedge, v000002c472759600_41, v000002c472759600_42, v000002c472759600_43, v000002c472759600_44;
v000002c472759600_45 .array/port v000002c472759600, 45;
v000002c472759600_46 .array/port v000002c472759600, 46;
v000002c472759600_47 .array/port v000002c472759600, 47;
v000002c472759600_48 .array/port v000002c472759600, 48;
E_000002c472735390/12 .event anyedge, v000002c472759600_45, v000002c472759600_46, v000002c472759600_47, v000002c472759600_48;
v000002c472759600_49 .array/port v000002c472759600, 49;
v000002c472759600_50 .array/port v000002c472759600, 50;
v000002c472759600_51 .array/port v000002c472759600, 51;
v000002c472759600_52 .array/port v000002c472759600, 52;
E_000002c472735390/13 .event anyedge, v000002c472759600_49, v000002c472759600_50, v000002c472759600_51, v000002c472759600_52;
v000002c472759600_53 .array/port v000002c472759600, 53;
v000002c472759600_54 .array/port v000002c472759600, 54;
v000002c472759600_55 .array/port v000002c472759600, 55;
v000002c472759600_56 .array/port v000002c472759600, 56;
E_000002c472735390/14 .event anyedge, v000002c472759600_53, v000002c472759600_54, v000002c472759600_55, v000002c472759600_56;
v000002c472759600_57 .array/port v000002c472759600, 57;
v000002c472759600_58 .array/port v000002c472759600, 58;
v000002c472759600_59 .array/port v000002c472759600, 59;
v000002c472759600_60 .array/port v000002c472759600, 60;
E_000002c472735390/15 .event anyedge, v000002c472759600_57, v000002c472759600_58, v000002c472759600_59, v000002c472759600_60;
v000002c472759600_61 .array/port v000002c472759600, 61;
v000002c472759600_62 .array/port v000002c472759600, 62;
v000002c472759600_63 .array/port v000002c472759600, 63;
v000002c472759600_64 .array/port v000002c472759600, 64;
E_000002c472735390/16 .event anyedge, v000002c472759600_61, v000002c472759600_62, v000002c472759600_63, v000002c472759600_64;
v000002c472759600_65 .array/port v000002c472759600, 65;
v000002c472759600_66 .array/port v000002c472759600, 66;
v000002c472759600_67 .array/port v000002c472759600, 67;
v000002c472759600_68 .array/port v000002c472759600, 68;
E_000002c472735390/17 .event anyedge, v000002c472759600_65, v000002c472759600_66, v000002c472759600_67, v000002c472759600_68;
v000002c472759600_69 .array/port v000002c472759600, 69;
v000002c472759600_70 .array/port v000002c472759600, 70;
v000002c472759600_71 .array/port v000002c472759600, 71;
v000002c472759600_72 .array/port v000002c472759600, 72;
E_000002c472735390/18 .event anyedge, v000002c472759600_69, v000002c472759600_70, v000002c472759600_71, v000002c472759600_72;
v000002c472759600_73 .array/port v000002c472759600, 73;
v000002c472759600_74 .array/port v000002c472759600, 74;
v000002c472759600_75 .array/port v000002c472759600, 75;
v000002c472759600_76 .array/port v000002c472759600, 76;
E_000002c472735390/19 .event anyedge, v000002c472759600_73, v000002c472759600_74, v000002c472759600_75, v000002c472759600_76;
v000002c472759600_77 .array/port v000002c472759600, 77;
v000002c472759600_78 .array/port v000002c472759600, 78;
v000002c472759600_79 .array/port v000002c472759600, 79;
v000002c472759600_80 .array/port v000002c472759600, 80;
E_000002c472735390/20 .event anyedge, v000002c472759600_77, v000002c472759600_78, v000002c472759600_79, v000002c472759600_80;
v000002c472759600_81 .array/port v000002c472759600, 81;
v000002c472759600_82 .array/port v000002c472759600, 82;
v000002c472759600_83 .array/port v000002c472759600, 83;
v000002c472759600_84 .array/port v000002c472759600, 84;
E_000002c472735390/21 .event anyedge, v000002c472759600_81, v000002c472759600_82, v000002c472759600_83, v000002c472759600_84;
v000002c472759600_85 .array/port v000002c472759600, 85;
v000002c472759600_86 .array/port v000002c472759600, 86;
v000002c472759600_87 .array/port v000002c472759600, 87;
v000002c472759600_88 .array/port v000002c472759600, 88;
E_000002c472735390/22 .event anyedge, v000002c472759600_85, v000002c472759600_86, v000002c472759600_87, v000002c472759600_88;
v000002c472759600_89 .array/port v000002c472759600, 89;
v000002c472759600_90 .array/port v000002c472759600, 90;
v000002c472759600_91 .array/port v000002c472759600, 91;
v000002c472759600_92 .array/port v000002c472759600, 92;
E_000002c472735390/23 .event anyedge, v000002c472759600_89, v000002c472759600_90, v000002c472759600_91, v000002c472759600_92;
v000002c472759600_93 .array/port v000002c472759600, 93;
v000002c472759600_94 .array/port v000002c472759600, 94;
v000002c472759600_95 .array/port v000002c472759600, 95;
E_000002c472735390/24 .event anyedge, v000002c472759600_93, v000002c472759600_94, v000002c472759600_95, v000002c47275a6e0_0;
E_000002c472735390/25 .event anyedge, v000002c47275a8c0_0, v000002c47275a960_0;
E_000002c472735390 .event/or E_000002c472735390/0, E_000002c472735390/1, E_000002c472735390/2, E_000002c472735390/3, E_000002c472735390/4, E_000002c472735390/5, E_000002c472735390/6, E_000002c472735390/7, E_000002c472735390/8, E_000002c472735390/9, E_000002c472735390/10, E_000002c472735390/11, E_000002c472735390/12, E_000002c472735390/13, E_000002c472735390/14, E_000002c472735390/15, E_000002c472735390/16, E_000002c472735390/17, E_000002c472735390/18, E_000002c472735390/19, E_000002c472735390/20, E_000002c472735390/21, E_000002c472735390/22, E_000002c472735390/23, E_000002c472735390/24, E_000002c472735390/25;
S_000002c4722b8e50 .scope module, "ir" "IR" 3 36, 8 2 0, S_000002c4722bb860;
 .timescale -9 -12;
    .port_info 0 /INPUT 1 "clk";
    .port_info 1 /INPUT 1 "W";
    .port_info 2 /INPUT 32 "Data";
    .port_info 3 /OUTPUT 6 "OP_Code";
    .port_info 4 /OUTPUT 5 "Rs";
    .port_info 5 /OUTPUT 5 "Rt";
    .port_info 6 /OUTPUT 5 "Rd";
    .port_info 7 /OUTPUT 5 "Shamt";
    .port_info 8 /OUTPUT 6 "Func";
    .port_info 9 /OUTPUT 16 "Imm16";
    .port_info 10 /OUTPUT 26 "Addr26";
v000002c47275a780_0 .var "Addr26", 25 0;
v000002c47275ae60_0 .net "Data", 31 0, L_000002c4727e2bb0;  alias, 1 drivers
v000002c47275a460_0 .var "Func", 5 0;
v000002c472759ce0_0 .var "Imm16", 15 0;
v000002c472759740_0 .var "Inst", 31 0;
v000002c47275a820_0 .var "OP_Code", 5 0;
v000002c472759d80_0 .var "Rd", 4 0;
v000002c4727591a0_0 .var "Rs", 4 0;
v000002c47275a0a0_0 .var "Rt", 4 0;
v000002c47275a3c0_0 .var "Shamt", 4 0;
v000002c47275a320_0 .net "W", 0 0, L_000002c4727dcde0;  alias, 1 drivers
v000002c47275a500_0 .net "clk", 0 0, v000002c4727d21e0_0;  alias, 1 drivers
E_000002c472735510 .event anyedge, v000002c47275a320_0, v000002c47275ae60_0;
S_000002c4722bbd60 .scope module, "mcu" "MCU" 3 37, 9 2 0, S_000002c4722bb860;
 .timescale -9 -12;
    .port_info 0 /INPUT 6 "OP_Code";
    .port_info 1 /INPUT 4 "S";
    .port_info 2 /OUTPUT 1 "PCWr";
    .port_info 3 /OUTPUT 1 "PCWrCond";
    .port_info 4 /OUTPUT 1 "IorD";
    .port_info 5 /OUTPUT 1 "MemRd";
    .port_info 6 /OUTPUT 1 "MemWr";
    .port_info 7 /OUTPUT 1 "IRWr";
    .port_info 8 /OUTPUT 1 "MemtoReg";
    .port_info 9 /OUTPUT 2 "PCSrc";
    .port_info 10 /OUTPUT 2 "ALUOp";
    .port_info 11 /OUTPUT 2 "ALUSrcB";
    .port_info 12 /OUTPUT 1 "ALUSrcA";
    .port_info 13 /OUTPUT 1 "RegWr";
    .port_info 14 /OUTPUT 1 "RegDst";
    .port_info 15 /OUTPUT 4 "NS";
L_000002c47275f9a0 .functor AND 1, L_000002c4727d0c00, L_000002c4727d0ca0, C4<1>, C4<1>;
L_000002c47275f930 .functor AND 1, L_000002c4727d0d40, L_000002c4727d2960, C4<1>, C4<1>;
L_000002c47275fe00 .functor AND 1, L_000002c47275f930, L_000002c4727d1ba0, C4<1>, C4<1>;
L_000002c47275ff50 .functor NOT 2, L_000002c4727d12e0, C4<00>, C4<00>, C4<00>;
L_000002c47275f230 .functor AND 1, L_000002c4727d11a0, L_000002c4727d1c40, C4<1>, C4<1>;
L_000002c47275faf0 .functor NOT 1, L_000002c4727d2140, C4<0>, C4<0>, C4<0>;
L_000002c47275fd90 .functor AND 1, L_000002c4727d20a0, L_000002c4727d2280, C4<1>, C4<1>;
L_000002c47275f7e0 .functor AND 1, L_000002c47275fd90, L_000002c4727d2500, C4<1>, C4<1>;
L_000002c47275f8c0 .functor AND 1, L_000002c4727d2460, L_000002c4727d2e60, C4<1>, C4<1>;
L_000002c47275fb60 .functor AND 1, L_000002c47275f8c0, L_000002c4727d2b40, C4<1>, C4<1>;
L_000002c47275f460 .functor AND 1, L_000002c47275fb60, L_000002c4727d2c80, C4<1>, C4<1>;
L_000002c47275f5b0 .functor NOT 2, L_000002c4727d3040, C4<00>, C4<00>, C4<00>;
L_000002c47275f3f0 .functor AND 1, L_000002c4727d3f40, L_000002c4727d3d60, C4<1>, C4<1>;
L_000002c47275f620 .functor AND 1, L_000002c47275f3f0, L_000002c4727d4580, C4<1>, C4<1>;
L_000002c47275f4d0 .functor NOT 3, L_000002c4727d37c0, C4<000>, C4<000>, C4<000>;
L_000002c47275fc40 .functor AND 1, L_000002c4727d3e00, L_000002c4727d3ea0, C4<1>, C4<1>;
L_000002c47275f540 .functor AND 1, L_000002c4727d3220, L_000002c4727d3cc0, C4<1>, C4<1>;
L_000002c47275f700 .functor AND 1, L_000002c4727d4080, L_000002c4727d39a0, C4<1>, C4<1>;
L_000002c47275fcb0 .functor AND 1, L_000002c47275f700, L_000002c4727d3a40, C4<1>, C4<1>;
L_000002c47275fa10 .functor AND 1, L_000002c4727d41c0, L_000002c4727d3860, C4<1>, C4<1>;
L_000002c47275f850 .functor AND 1, L_000002c47275fa10, L_000002c4727d3400, C4<1>, C4<1>;
L_000002c47275fe70 .functor AND 1, L_000002c47275f850, L_000002c4727d44e0, C4<1>, C4<1>;
L_000002c47275fee0 .functor AND 1, L_000002c47275fe70, L_000002c4727d43a0, C4<1>, C4<1>;
L_000002c472760030 .functor AND 1, L_000002c4727d2f00, L_000002c4727d3680, C4<1>, C4<1>;
L_000002c47232e7d0 .functor AND 1, L_000002c472760030, L_000002c4727d30e0, C4<1>, C4<1>;
L_000002c47232dc00 .functor AND 1, L_000002c47232e7d0, L_000002c4727d3180, C4<1>, C4<1>;
L_000002c472303a70 .functor AND 1, L_000002c47232dc00, L_000002c4727d32c0, C4<1>, C4<1>;
L_000002c4727d91b0 .functor AND 1, L_000002c4727d3360, L_000002c4727d3540, C4<1>, C4<1>;
L_000002c4727d9060 .functor AND 1, L_000002c4727d91b0, L_000002c4727d35e0, C4<1>, C4<1>;
L_000002c4727d9370 .functor AND 1, L_000002c4727ddec0, L_000002c4727dcac0, C4<1>, C4<1>;
L_000002c4727d9530 .functor NOT 2, L_000002c4727dd7e0, C4<00>, C4<00>, C4<00>;
L_000002c4727d9140 .functor AND 1, L_000002c4727d9370, L_000002c4727dc7a0, C4<1>, C4<1>;
L_000002c4727d9220 .functor AND 1, L_000002c4727d9140, L_000002c4727dd9c0, C4<1>, C4<1>;
L_000002c4727d8ff0 .functor AND 1, L_000002c4727d9220, L_000002c4727dd1a0, C4<1>, C4<1>;
L_000002c4727d90d0 .functor AND 1, L_000002c4727d8ff0, L_000002c4727de140, C4<1>, C4<1>;
L_000002c4727d95a0 .functor AND 1, L_000002c4727dc480, L_000002c4727de280, C4<1>, C4<1>;
L_000002c4727d9290 .functor AND 1, L_000002c4727d95a0, L_000002c4727de320, C4<1>, C4<1>;
L_000002c4727d93e0 .functor AND 1, L_000002c4727d9290, L_000002c4727de820, C4<1>, C4<1>;
L_000002c4727d94c0 .functor NOT 2, L_000002c4727de780, C4<00>, C4<00>, C4<00>;
L_000002c4727d96f0 .functor AND 1, L_000002c4727d93e0, L_000002c4727dc660, C4<1>, C4<1>;
L_000002c4727d9760 .functor AND 1, L_000002c4727d96f0, L_000002c4727dda60, C4<1>, C4<1>;
L_000002c4727d97d0 .functor AND 1, L_000002c4727d9760, L_000002c4727dcf20, C4<1>, C4<1>;
L_000002c4727d9610 .functor AND 1, L_000002c4727ddb00, L_000002c4727dc3e0, C4<1>, C4<1>;
L_000002c4727d9300 .functor NOT 2, L_000002c4727dc520, C4<00>, C4<00>, C4<00>;
L_000002c4727d9450 .functor AND 1, L_000002c4727d9610, L_000002c4727dcd40, C4<1>, C4<1>;
L_000002c4727d98b0 .functor AND 1, L_000002c4727d9450, L_000002c4727ddf60, C4<1>, C4<1>;
L_000002c4727d9680 .functor AND 1, L_000002c4727d98b0, L_000002c4727dd380, C4<1>, C4<1>;
L_000002c4727d9840 .functor AND 1, L_000002c4727dea00, L_000002c4727dd2e0, C4<1>, C4<1>;
L_000002c4727d8e30 .functor AND 1, L_000002c4727d9840, L_000002c4727ddd80, C4<1>, C4<1>;
L_000002c4727d9920 .functor AND 1, L_000002c4727d8e30, L_000002c4727dc5c0, C4<1>, C4<1>;
L_000002c4727d8ea0 .functor NOT 2, L_000002c4727dd6a0, C4<00>, C4<00>, C4<00>;
L_000002c4727d9990 .functor AND 1, L_000002c4727d9920, L_000002c4727dd420, C4<1>, C4<1>;
L_000002c4727d9a00 .functor AND 1, L_000002c4727d9990, L_000002c4727dc840, C4<1>, C4<1>;
L_000002c4727d8b20 .functor AND 1, L_000002c4727d9a00, L_000002c4727dcc00, C4<1>, C4<1>;
L_000002c4727d8b90 .functor AND 1, L_000002c4727d8b20, L_000002c4727ddba0, C4<1>, C4<1>;
L_000002c4727d8c00 .functor OR 1, L_000002c4727dca20, L_000002c4727dc8e0, C4<0>, C4<0>;
L_000002c4727d8c70 .functor OR 1, L_000002c4727deaa0, L_000002c4727de3c0, C4<0>, C4<0>;
L_000002c4727d8ce0 .functor OR 1, L_000002c4727dcb60, L_000002c4727dde20, C4<0>, C4<0>;
L_000002c4727d8d50 .functor OR 1, L_000002c4727de000, L_000002c4727de0a0, C4<0>, C4<0>;
L_000002c4727d8dc0 .functor OR 1, L_000002c4727de6e0, L_000002c4727dfae0, C4<0>, C4<0>;
L_000002c4727d8f10 .functor OR 1, L_000002c4727dfcc0, L_000002c4727e0ee0, C4<0>, C4<0>;
L_000002c4727d8f80 .functor OR 1, L_000002c4727d8f10, L_000002c4727e08a0, C4<0>, C4<0>;
L_000002c4727e38d0 .functor OR 1, L_000002c4727df180, L_000002c4727df040, C4<0>, C4<0>;
L_000002c4727e2750 .functor OR 1, L_000002c4727df900, L_000002c4727dfd60, C4<0>, C4<0>;
L_000002c4727e2d70 .functor OR 1, L_000002c4727e0800, L_000002c4727df220, C4<0>, C4<0>;
L_000002c4727e27c0 .functor OR 1, L_000002c4727e2d70, L_000002c4727dff40, C4<0>, C4<0>;
L_000002c4727e3550 .functor OR 1, L_000002c4727e27c0, L_000002c4727df360, C4<0>, C4<0>;
L_000002c4727e3080 .functor OR 1, L_000002c4727e0300, L_000002c4727e0760, C4<0>, C4<0>;
L_000002c4727e26e0 .functor OR 1, L_000002c4727e3080, L_000002c4727e01c0, C4<0>, C4<0>;
L_000002c4727e39b0 .functor OR 1, L_000002c4727e26e0, L_000002c4727e04e0, C4<0>, C4<0>;
L_000002c4727e2830 .functor OR 1, L_000002c4727e39b0, L_000002c4727e12a0, C4<0>, C4<0>;
L_000002c4727e2de0 .functor OR 1, L_000002c4727e0e40, L_000002c4727df9a0, C4<0>, C4<0>;
L_000002c4727e2910 .functor OR 1, L_000002c4727e2de0, L_000002c4727df540, C4<0>, C4<0>;
L_000002c4727e30f0 .functor OR 1, L_000002c4727e2910, L_000002c4727e06c0, C4<0>, C4<0>;
L_000002c4727e28a0 .functor OR 1, L_000002c4727e30f0, L_000002c4727e0f80, C4<0>, C4<0>;
v000002c472742f10_0 .net "ALUOp", 1 0, L_000002c4727ddc40;  alias, 1 drivers
v000002c4727b4a60_0 .net "ALUSrcA", 0 0, L_000002c4727d8f80;  alias, 1 drivers
v000002c4727b47e0_0 .net "ALUSrcB", 1 0, L_000002c4727de5a0;  alias, 1 drivers
v000002c4727b5500_0 .net "IRWr", 0 0, L_000002c4727dcde0;  alias, 1 drivers
v000002c4727b3fc0_0 .net "IorD", 0 0, L_000002c4727d8c70;  alias, 1 drivers
v000002c4727b4380_0 .net "MemRd", 0 0, L_000002c4727d8ce0;  alias, 1 drivers
v000002c4727b3ac0_0 .net "MemWr", 0 0, L_000002c4727de460;  alias, 1 drivers
v000002c4727b4420_0 .net "MemtoReg", 0 0, L_000002c4727dd4c0;  alias, 1 drivers
v000002c4727b44c0_0 .net "NS", 3 0, L_000002c4727df2c0;  alias, 1 drivers
v000002c4727b3b60_0 .net "OP_Code", 5 0, v000002c47275a820_0;  alias, 1 drivers
v000002c4727b5140_0 .net "PCSrc", 1 0, L_000002c4727dd560;  alias, 1 drivers
v000002c4727b4b00_0 .net "PCWr", 0 0, L_000002c4727d8c00;  alias, 1 drivers
v000002c4727b3ca0_0 .net "PCWrCond", 0 0, L_000002c4727dc980;  alias, 1 drivers
v000002c4727b3c00_0 .net "RegDst", 0 0, L_000002c4727dfea0;  alias, 1 drivers
v000002c4727b3660_0 .net "RegWr", 0 0, L_000002c4727e38d0;  alias, 1 drivers
v000002c4727b4c40_0 .net "S", 3 0, v000002c4727cde10_0;  alias, 1 drivers
v000002c4727b4d80_0 .net "Status", 16 0, L_000002c4727de960;  1 drivers
v000002c4727b5280_0 .net *"_ivl_101", 0 0, L_000002c4727d4580;  1 drivers
v000002c4727b3f20_0 .net *"_ivl_102", 0 0, L_000002c47275f620;  1 drivers
v000002c4727b51e0_0 .net *"_ivl_107", 0 0, L_000002c4727d3900;  1 drivers
v000002c4727b4ba0_0 .net *"_ivl_109", 0 0, L_000002c4727d3e00;  1 drivers
v000002c4727b4e20_0 .net *"_ivl_11", 0 0, L_000002c4727d0ca0;  1 drivers
v000002c4727b4880_0 .net *"_ivl_111", 2 0, L_000002c4727d37c0;  1 drivers
v000002c4727b4560_0 .net *"_ivl_112", 2 0, L_000002c47275f4d0;  1 drivers
v000002c4727b4100_0 .net *"_ivl_115", 0 0, L_000002c4727d3ea0;  1 drivers
v000002c4727b4240_0 .net *"_ivl_116", 0 0, L_000002c47275fc40;  1 drivers
v000002c4727b3700_0 .net *"_ivl_12", 0 0, L_000002c47275f9a0;  1 drivers
v000002c4727b5320_0 .net *"_ivl_121", 0 0, L_000002c4727d3220;  1 drivers
v000002c4727b5000_0 .net *"_ivl_123", 2 0, L_000002c4727d3fe0;  1 drivers
v000002c4727b50a0_0 .net *"_ivl_125", 0 0, L_000002c4727d3cc0;  1 drivers
v000002c4727b3d40_0 .net *"_ivl_126", 0 0, L_000002c47275f540;  1 drivers
v000002c4727b4600_0 .net *"_ivl_131", 0 0, L_000002c4727d4080;  1 drivers
v000002c4727b4920_0 .net *"_ivl_133", 1 0, L_000002c4727d4120;  1 drivers
v000002c4727b3de0_0 .net *"_ivl_135", 0 0, L_000002c4727d39a0;  1 drivers
v000002c4727b53c0_0 .net *"_ivl_136", 0 0, L_000002c47275f700;  1 drivers
v000002c4727b5460_0 .net *"_ivl_139", 0 0, L_000002c4727d3a40;  1 drivers
v000002c4727b49c0_0 .net *"_ivl_140", 0 0, L_000002c47275fcb0;  1 drivers
v000002c4727b41a0_0 .net *"_ivl_145", 3 0, L_000002c4727d3ae0;  1 drivers
v000002c4727b46a0_0 .net *"_ivl_147", 0 0, L_000002c4727d41c0;  1 drivers
v000002c4727b3e80_0 .net *"_ivl_149", 0 0, L_000002c4727d3860;  1 drivers
v000002c4727b42e0_0 .net *"_ivl_150", 0 0, L_000002c47275fa10;  1 drivers
v000002c4727b4060_0 .net *"_ivl_153", 0 0, L_000002c4727d4260;  1 drivers
v000002c4727b37a0_0 .net *"_ivl_155", 0 0, L_000002c4727d3400;  1 drivers
v000002c4727b3840_0 .net *"_ivl_156", 0 0, L_000002c47275f850;  1 drivers
v000002c4727b4740_0 .net *"_ivl_159", 2 0, L_000002c4727d4300;  1 drivers
v000002c4727b3980_0 .net *"_ivl_161", 0 0, L_000002c4727d44e0;  1 drivers
v000002c4727b4ce0_0 .net *"_ivl_162", 0 0, L_000002c47275fe70;  1 drivers
v000002c4727b38e0_0 .net *"_ivl_165", 0 0, L_000002c4727d43a0;  1 drivers
v000002c4727b4ec0_0 .net *"_ivl_166", 0 0, L_000002c47275fee0;  1 drivers
v000002c4727b4f60_0 .net *"_ivl_17", 1 0, L_000002c4727d1880;  1 drivers
v000002c4727b3a20_0 .net *"_ivl_171", 2 0, L_000002c4727d4440;  1 drivers
v000002c4727b64d0_0 .net *"_ivl_173", 0 0, L_000002c4727d2f00;  1 drivers
v000002c4727b5f30_0 .net *"_ivl_175", 0 0, L_000002c4727d3680;  1 drivers
v000002c4727b5df0_0 .net *"_ivl_176", 0 0, L_000002c472760030;  1 drivers
v000002c4727b5b70_0 .net *"_ivl_179", 1 0, L_000002c4727d2fa0;  1 drivers
v000002c4727b7150_0 .net *"_ivl_181", 0 0, L_000002c4727d30e0;  1 drivers
v000002c4727b5670_0 .net *"_ivl_182", 0 0, L_000002c47232e7d0;  1 drivers
v000002c4727b6bb0_0 .net *"_ivl_185", 2 0, L_000002c4727d3b80;  1 drivers
v000002c4727b5fd0_0 .net *"_ivl_187", 0 0, L_000002c4727d3180;  1 drivers
v000002c4727b71f0_0 .net *"_ivl_188", 0 0, L_000002c47232dc00;  1 drivers
v000002c4727b6cf0_0 .net *"_ivl_19", 0 0, L_000002c4727d0d40;  1 drivers
v000002c4727b66b0_0 .net *"_ivl_191", 0 0, L_000002c4727d32c0;  1 drivers
v000002c4727b7470_0 .net *"_ivl_192", 0 0, L_000002c472303a70;  1 drivers
v000002c4727b5990_0 .net *"_ivl_197", 0 0, L_000002c4727d3360;  1 drivers
v000002c4727b6110_0 .net *"_ivl_199", 2 0, L_000002c4727d34a0;  1 drivers
v000002c4727b6c50_0 .net *"_ivl_201", 0 0, L_000002c4727d3540;  1 drivers
v000002c4727b6610_0 .net *"_ivl_202", 0 0, L_000002c4727d91b0;  1 drivers
v000002c4727b6b10_0 .net *"_ivl_205", 0 0, L_000002c4727d35e0;  1 drivers
v000002c4727b6390_0 .net *"_ivl_206", 0 0, L_000002c4727d9060;  1 drivers
v000002c4727b6570_0 .net *"_ivl_21", 0 0, L_000002c4727d2960;  1 drivers
v000002c4727b6d90_0 .net *"_ivl_211", 0 0, L_000002c4727ddec0;  1 drivers
v000002c4727b6e30_0 .net *"_ivl_213", 2 0, L_000002c4727dce80;  1 drivers
v000002c4727b6ed0_0 .net *"_ivl_215", 0 0, L_000002c4727dcac0;  1 drivers
v000002c4727b6750_0 .net *"_ivl_216", 0 0, L_000002c4727d9370;  1 drivers
v000002c4727b5e90_0 .net *"_ivl_219", 1 0, L_000002c4727dd7e0;  1 drivers
v000002c4727b6f70_0 .net *"_ivl_22", 0 0, L_000002c47275f930;  1 drivers
v000002c4727b67f0_0 .net *"_ivl_220", 1 0, L_000002c4727d9530;  1 drivers
v000002c4727b62f0_0 .net *"_ivl_223", 0 0, L_000002c4727dc7a0;  1 drivers
v000002c4727b69d0_0 .net *"_ivl_224", 0 0, L_000002c4727d9140;  1 drivers
v000002c4727b6890_0 .net *"_ivl_227", 1 0, L_000002c4727dd600;  1 drivers
v000002c4727b7290_0 .net *"_ivl_229", 0 0, L_000002c4727dd9c0;  1 drivers
v000002c4727b61b0_0 .net *"_ivl_230", 0 0, L_000002c4727d9220;  1 drivers
v000002c4727b7010_0 .net *"_ivl_233", 0 0, L_000002c4727dd1a0;  1 drivers
v000002c4727b5c10_0 .net *"_ivl_234", 0 0, L_000002c4727d8ff0;  1 drivers
v000002c4727b7510_0 .net *"_ivl_237", 0 0, L_000002c4727dd880;  1 drivers
v000002c4727b70b0_0 .net *"_ivl_239", 0 0, L_000002c4727de140;  1 drivers
v000002c4727b6070_0 .net *"_ivl_240", 0 0, L_000002c4727d90d0;  1 drivers
v000002c4727b6250_0 .net *"_ivl_245", 0 0, L_000002c4727dc480;  1 drivers
v000002c4727b5cb0_0 .net *"_ivl_247", 0 0, L_000002c4727de1e0;  1 drivers
v000002c4727b6430_0 .net *"_ivl_249", 0 0, L_000002c4727de280;  1 drivers
v000002c4727b6930_0 .net *"_ivl_25", 0 0, L_000002c4727d0fc0;  1 drivers
v000002c4727b7330_0 .net *"_ivl_250", 0 0, L_000002c4727d95a0;  1 drivers
v000002c4727b5850_0 .net *"_ivl_253", 0 0, L_000002c4727de320;  1 drivers
v000002c4727b6a70_0 .net *"_ivl_254", 0 0, L_000002c4727d9290;  1 drivers
v000002c4727b73d0_0 .net *"_ivl_257", 0 0, L_000002c4727dd100;  1 drivers
v000002c4727b5710_0 .net *"_ivl_259", 0 0, L_000002c4727de820;  1 drivers
v000002c4727b57b0_0 .net *"_ivl_260", 0 0, L_000002c4727d93e0;  1 drivers
v000002c4727b58f0_0 .net *"_ivl_263", 1 0, L_000002c4727de780;  1 drivers
v000002c4727b5d50_0 .net *"_ivl_264", 1 0, L_000002c4727d94c0;  1 drivers
v000002c4727b5a30_0 .net *"_ivl_267", 0 0, L_000002c4727dc660;  1 drivers
v000002c4727b5ad0_0 .net *"_ivl_268", 0 0, L_000002c4727d96f0;  1 drivers
v000002c4727c12b0_0 .net *"_ivl_27", 0 0, L_000002c4727d1ba0;  1 drivers
v000002c4727c0090_0 .net *"_ivl_271", 2 0, L_000002c4727de8c0;  1 drivers
v000002c4727c0e50_0 .net *"_ivl_273", 0 0, L_000002c4727dda60;  1 drivers
v000002c4727c1490_0 .net *"_ivl_274", 0 0, L_000002c4727d9760;  1 drivers
v000002c4727c1170_0 .net *"_ivl_277", 0 0, L_000002c4727dcf20;  1 drivers
v000002c4727c0a90_0 .net *"_ivl_278", 0 0, L_000002c4727d97d0;  1 drivers
v000002c4727c0130_0 .net *"_ivl_28", 0 0, L_000002c47275fe00;  1 drivers
v000002c4727bf690_0 .net *"_ivl_283", 0 0, L_000002c4727ddb00;  1 drivers
v000002c4727bfb90_0 .net *"_ivl_285", 2 0, L_000002c4727de640;  1 drivers
v000002c4727c06d0_0 .net *"_ivl_287", 0 0, L_000002c4727dc3e0;  1 drivers
v000002c4727c0bd0_0 .net *"_ivl_288", 0 0, L_000002c4727d9610;  1 drivers
v000002c4727bff50_0 .net *"_ivl_291", 1 0, L_000002c4727dc520;  1 drivers
v000002c4727c1210_0 .net *"_ivl_292", 1 0, L_000002c4727d9300;  1 drivers
v000002c4727c0c70_0 .net *"_ivl_295", 0 0, L_000002c4727dcd40;  1 drivers
v000002c4727c0ef0_0 .net *"_ivl_296", 0 0, L_000002c4727d9450;  1 drivers
v000002c4727c08b0_0 .net *"_ivl_299", 2 0, L_000002c4727dd240;  1 drivers
v000002c4727c0450_0 .net *"_ivl_3", 0 0, L_000002c4727d1b00;  1 drivers
v000002c4727c0270_0 .net *"_ivl_301", 0 0, L_000002c4727ddf60;  1 drivers
v000002c4727c0630_0 .net *"_ivl_302", 0 0, L_000002c4727d98b0;  1 drivers
v000002c4727c01d0_0 .net *"_ivl_305", 0 0, L_000002c4727dd380;  1 drivers
v000002c4727c0310_0 .net *"_ivl_306", 0 0, L_000002c4727d9680;  1 drivers
v000002c4727bf730_0 .net *"_ivl_312", 0 0, L_000002c4727dea00;  1 drivers
v000002c4727bfc30_0 .net *"_ivl_314", 0 0, L_000002c4727dc340;  1 drivers
v000002c4727bfcd0_0 .net *"_ivl_316", 0 0, L_000002c4727dd2e0;  1 drivers
v000002c4727bfaf0_0 .net *"_ivl_317", 0 0, L_000002c4727d9840;  1 drivers
v000002c4727c1530_0 .net *"_ivl_320", 0 0, L_000002c4727ddd80;  1 drivers
v000002c4727c03b0_0 .net *"_ivl_321", 0 0, L_000002c4727d8e30;  1 drivers
v000002c4727c0db0_0 .net *"_ivl_324", 0 0, L_000002c4727dc700;  1 drivers
v000002c4727bfd70_0 .net *"_ivl_326", 0 0, L_000002c4727dc5c0;  1 drivers
v000002c4727c1350_0 .net *"_ivl_327", 0 0, L_000002c4727d9920;  1 drivers
v000002c4727c0590_0 .net *"_ivl_33", 1 0, L_000002c4727d1060;  1 drivers
v000002c4727c0810_0 .net *"_ivl_330", 1 0, L_000002c4727dd6a0;  1 drivers
v000002c4727bf7d0_0 .net *"_ivl_331", 1 0, L_000002c4727d8ea0;  1 drivers
v000002c4727c13f0_0 .net *"_ivl_334", 0 0, L_000002c4727dd420;  1 drivers
v000002c4727c0d10_0 .net *"_ivl_335", 0 0, L_000002c4727d9990;  1 drivers
v000002c4727bfeb0_0 .net *"_ivl_338", 1 0, L_000002c4727dd060;  1 drivers
v000002c4727bfa50_0 .net *"_ivl_340", 0 0, L_000002c4727dc840;  1 drivers
v000002c4727c09f0_0 .net *"_ivl_341", 0 0, L_000002c4727d9a00;  1 drivers
v000002c4727c0b30_0 .net *"_ivl_344", 0 0, L_000002c4727dcc00;  1 drivers
v000002c4727c0f90_0 .net *"_ivl_345", 0 0, L_000002c4727d8b20;  1 drivers
v000002c4727bf870_0 .net *"_ivl_348", 0 0, L_000002c4727dd920;  1 drivers
v000002c4727c1030_0 .net *"_ivl_35", 0 0, L_000002c4727d11a0;  1 drivers
v000002c4727c04f0_0 .net *"_ivl_350", 0 0, L_000002c4727ddba0;  1 drivers
v000002c4727c10d0_0 .net *"_ivl_351", 0 0, L_000002c4727d8b90;  1 drivers
v000002c4727bf910_0 .net *"_ivl_354", 0 0, L_000002c4727dca20;  1 drivers
v000002c4727bf9b0_0 .net *"_ivl_356", 0 0, L_000002c4727dc8e0;  1 drivers
v000002c4727bfe10_0 .net *"_ivl_362", 0 0, L_000002c4727deaa0;  1 drivers
v000002c4727bfff0_0 .net *"_ivl_364", 0 0, L_000002c4727de3c0;  1 drivers
v000002c4727c0770_0 .net *"_ivl_368", 0 0, L_000002c4727dcb60;  1 drivers
v000002c4727c0950_0 .net *"_ivl_37", 1 0, L_000002c4727d12e0;  1 drivers
v000002c4727c34b0_0 .net *"_ivl_370", 0 0, L_000002c4727dde20;  1 drivers
v000002c4727c25b0_0 .net *"_ivl_38", 1 0, L_000002c47275ff50;  1 drivers
v000002c4727c3230_0 .net *"_ivl_382", 0 0, L_000002c4727dcca0;  1 drivers
v000002c4727c1cf0_0 .net *"_ivl_387", 0 0, L_000002c4727de500;  1 drivers
v000002c4727c2470_0 .net *"_ivl_391", 0 0, L_000002c4727dd740;  1 drivers
v000002c4727c32d0_0 .net *"_ivl_396", 0 0, L_000002c4727ddce0;  1 drivers
v000002c4727c1d90_0 .net *"_ivl_400", 0 0, L_000002c4727de000;  1 drivers
v000002c4727c2c90_0 .net *"_ivl_402", 0 0, L_000002c4727de0a0;  1 drivers
v000002c4727c1e30_0 .net *"_ivl_403", 0 0, L_000002c4727d8d50;  1 drivers
v000002c4727c2510_0 .net *"_ivl_409", 0 0, L_000002c4727de6e0;  1 drivers
v000002c4727c20b0_0 .net *"_ivl_41", 0 0, L_000002c4727d1c40;  1 drivers
v000002c4727c2d30_0 .net *"_ivl_411", 0 0, L_000002c4727dfae0;  1 drivers
v000002c4727c1750_0 .net *"_ivl_412", 0 0, L_000002c4727d8dc0;  1 drivers
v000002c4727c1a70_0 .net *"_ivl_415", 0 0, L_000002c4727dfcc0;  1 drivers
v000002c4727c17f0_0 .net *"_ivl_417", 0 0, L_000002c4727e0ee0;  1 drivers
v000002c4727c3d70_0 .net *"_ivl_418", 0 0, L_000002c4727d8f10;  1 drivers
v000002c4727c2dd0_0 .net *"_ivl_42", 0 0, L_000002c47275f230;  1 drivers
v000002c4727c1890_0 .net *"_ivl_421", 0 0, L_000002c4727e08a0;  1 drivers
v000002c4727c2e70_0 .net *"_ivl_425", 0 0, L_000002c4727df180;  1 drivers
v000002c4727c3730_0 .net *"_ivl_427", 0 0, L_000002c4727df040;  1 drivers
v000002c4727c2970_0 .net *"_ivl_435", 0 0, L_000002c4727df900;  1 drivers
v000002c4727c37d0_0 .net *"_ivl_437", 0 0, L_000002c4727dfd60;  1 drivers
v000002c4727c21f0_0 .net *"_ivl_438", 0 0, L_000002c4727e2750;  1 drivers
v000002c4727c2f10_0 .net *"_ivl_443", 0 0, L_000002c4727e0800;  1 drivers
v000002c4727c2fb0_0 .net *"_ivl_445", 0 0, L_000002c4727df220;  1 drivers
v000002c4727c3870_0 .net *"_ivl_446", 0 0, L_000002c4727e2d70;  1 drivers
v000002c4727c2650_0 .net *"_ivl_449", 0 0, L_000002c4727dff40;  1 drivers
v000002c4727c3910_0 .net *"_ivl_450", 0 0, L_000002c4727e27c0;  1 drivers
v000002c4727c3370_0 .net *"_ivl_453", 0 0, L_000002c4727df360;  1 drivers
v000002c4727c16b0_0 .net *"_ivl_454", 0 0, L_000002c4727e3550;  1 drivers
v000002c4727c3410_0 .net *"_ivl_459", 0 0, L_000002c4727e0300;  1 drivers
v000002c4727c3550_0 .net *"_ivl_461", 0 0, L_000002c4727e0760;  1 drivers
v000002c4727c1c50_0 .net *"_ivl_462", 0 0, L_000002c4727e3080;  1 drivers
v000002c4727c2a10_0 .net *"_ivl_465", 0 0, L_000002c4727e01c0;  1 drivers
v000002c4727c3050_0 .net *"_ivl_466", 0 0, L_000002c4727e26e0;  1 drivers
v000002c4727c26f0_0 .net *"_ivl_469", 0 0, L_000002c4727e04e0;  1 drivers
v000002c4727c2830_0 .net *"_ivl_47", 0 0, L_000002c4727d1920;  1 drivers
v000002c4727c30f0_0 .net *"_ivl_470", 0 0, L_000002c4727e39b0;  1 drivers
v000002c4727c35f0_0 .net *"_ivl_473", 0 0, L_000002c4727e12a0;  1 drivers
v000002c4727c3690_0 .net *"_ivl_474", 0 0, L_000002c4727e2830;  1 drivers
v000002c4727c3e10_0 .net *"_ivl_480", 0 0, L_000002c4727e0e40;  1 drivers
v000002c4727c1bb0_0 .net *"_ivl_482", 0 0, L_000002c4727df9a0;  1 drivers
v000002c4727c1ed0_0 .net *"_ivl_483", 0 0, L_000002c4727e2de0;  1 drivers
v000002c4727c39b0_0 .net *"_ivl_486", 0 0, L_000002c4727df540;  1 drivers
v000002c4727c2290_0 .net *"_ivl_487", 0 0, L_000002c4727e2910;  1 drivers
v000002c4727c1b10_0 .net *"_ivl_49", 0 0, L_000002c4727d20a0;  1 drivers
v000002c4727c2010_0 .net *"_ivl_490", 0 0, L_000002c4727e06c0;  1 drivers
v000002c4727c1f70_0 .net *"_ivl_491", 0 0, L_000002c4727e30f0;  1 drivers
v000002c4727c23d0_0 .net *"_ivl_494", 0 0, L_000002c4727e0f80;  1 drivers
v000002c4727c2150_0 .net *"_ivl_495", 0 0, L_000002c4727e28a0;  1 drivers
v000002c4727c2ab0_0 .net *"_ivl_51", 0 0, L_000002c4727d2140;  1 drivers
v000002c4727c2790_0 .net *"_ivl_52", 0 0, L_000002c47275faf0;  1 drivers
v000002c4727c2330_0 .net *"_ivl_55", 0 0, L_000002c4727d2280;  1 drivers
v000002c4727c1930_0 .net *"_ivl_56", 0 0, L_000002c47275fd90;  1 drivers
v000002c4727c28d0_0 .net *"_ivl_59", 1 0, L_000002c4727d2320;  1 drivers
v000002c4727c3a50_0 .net *"_ivl_61", 0 0, L_000002c4727d2500;  1 drivers
v000002c4727c2b50_0 .net *"_ivl_62", 0 0, L_000002c47275f7e0;  1 drivers
v000002c4727c3190_0 .net *"_ivl_67", 0 0, L_000002c4727d0700;  1 drivers
v000002c4727c3af0_0 .net *"_ivl_69", 0 0, L_000002c4727d2460;  1 drivers
v000002c4727c19d0_0 .net *"_ivl_7", 2 0, L_000002c4727d0b60;  1 drivers
v000002c4727c2bf0_0 .net *"_ivl_71", 0 0, L_000002c4727d2e60;  1 drivers
v000002c4727c3b90_0 .net *"_ivl_72", 0 0, L_000002c47275f8c0;  1 drivers
v000002c4727c3c30_0 .net *"_ivl_75", 0 0, L_000002c4727d25a0;  1 drivers
v000002c4727c3cd0_0 .net *"_ivl_77", 0 0, L_000002c4727d2b40;  1 drivers
v000002c4727c4130_0 .net *"_ivl_78", 0 0, L_000002c47275fb60;  1 drivers
v000002c4727c4a90_0 .net *"_ivl_81", 0 0, L_000002c4727d2c80;  1 drivers
v000002c4727c4b30_0 .net *"_ivl_82", 0 0, L_000002c47275f460;  1 drivers
v000002c4727c4d10_0 .net *"_ivl_87", 0 0, L_000002c4727d3c20;  1 drivers
v000002c4727c4bd0_0 .net *"_ivl_89", 0 0, L_000002c4727d3f40;  1 drivers
v000002c4727c46d0_0 .net *"_ivl_9", 0 0, L_000002c4727d0c00;  1 drivers
v000002c4727c5530_0 .net *"_ivl_91", 1 0, L_000002c4727d3040;  1 drivers
v000002c4727c3ff0_0 .net *"_ivl_92", 1 0, L_000002c47275f5b0;  1 drivers
v000002c4727c5350_0 .net *"_ivl_95", 0 0, L_000002c4727d3d60;  1 drivers
v000002c4727c53f0_0 .net *"_ivl_96", 0 0, L_000002c47275f3f0;  1 drivers
v000002c4727c4db0_0 .net *"_ivl_99", 0 0, L_000002c4727d3720;  1 drivers
L_000002c4727d1b00 .reduce/nor v000002c4727cde10_0;
L_000002c4727d0b60 .part v000002c4727cde10_0, 1, 3;
L_000002c4727d0c00 .reduce/nor L_000002c4727d0b60;
L_000002c4727d0ca0 .part v000002c4727cde10_0, 0, 1;
L_000002c4727d1880 .part v000002c4727cde10_0, 2, 2;
L_000002c4727d0d40 .reduce/nor L_000002c4727d1880;
L_000002c4727d2960 .part v000002c4727cde10_0, 1, 1;
L_000002c4727d0fc0 .part v000002c4727cde10_0, 0, 1;
L_000002c4727d1ba0 .reduce/nor L_000002c4727d0fc0;
L_000002c4727d1060 .part v000002c4727cde10_0, 2, 2;
L_000002c4727d11a0 .reduce/nor L_000002c4727d1060;
L_000002c4727d12e0 .part v000002c4727cde10_0, 0, 2;
L_000002c4727d1c40 .reduce/nor L_000002c47275ff50;
L_000002c4727d1920 .part v000002c4727cde10_0, 3, 1;
L_000002c4727d20a0 .reduce/nor L_000002c4727d1920;
L_000002c4727d2140 .part v000002c4727cde10_0, 2, 1;
L_000002c4727d2280 .reduce/nor L_000002c47275faf0;
L_000002c4727d2320 .part v000002c4727cde10_0, 0, 2;
L_000002c4727d2500 .reduce/nor L_000002c4727d2320;
L_000002c4727d0700 .part v000002c4727cde10_0, 3, 1;
L_000002c4727d2460 .reduce/nor L_000002c4727d0700;
L_000002c4727d2e60 .part v000002c4727cde10_0, 2, 1;
L_000002c4727d25a0 .part v000002c4727cde10_0, 1, 1;
L_000002c4727d2b40 .reduce/nor L_000002c4727d25a0;
L_000002c4727d2c80 .part v000002c4727cde10_0, 0, 1;
L_000002c4727d3c20 .part v000002c4727cde10_0, 3, 1;
L_000002c4727d3f40 .reduce/nor L_000002c4727d3c20;
L_000002c4727d3040 .part v000002c4727cde10_0, 1, 2;
L_000002c4727d3d60 .reduce/nor L_000002c47275f5b0;
L_000002c4727d3720 .part v000002c4727cde10_0, 0, 1;
L_000002c4727d4580 .reduce/nor L_000002c4727d3720;
L_000002c4727d3900 .part v000002c4727cde10_0, 3, 1;
L_000002c4727d3e00 .reduce/nor L_000002c4727d3900;
L_000002c4727d37c0 .part v000002c4727cde10_0, 0, 3;
L_000002c4727d3ea0 .reduce/nor L_000002c47275f4d0;
L_000002c4727d3220 .part v000002c4727cde10_0, 3, 1;
L_000002c4727d3fe0 .part v000002c4727cde10_0, 0, 3;
L_000002c4727d3cc0 .reduce/nor L_000002c4727d3fe0;
L_000002c4727d4080 .part v000002c4727cde10_0, 3, 1;
L_000002c4727d4120 .part v000002c4727cde10_0, 1, 2;
L_000002c4727d39a0 .reduce/nor L_000002c4727d4120;
L_000002c4727d3a40 .part v000002c4727cde10_0, 0, 1;
L_000002c4727d3ae0 .part v000002c47275a820_0, 2, 4;
L_000002c4727d41c0 .reduce/nor L_000002c4727d3ae0;
L_000002c4727d3860 .part v000002c47275a820_0, 1, 1;
L_000002c4727d4260 .part v000002c47275a820_0, 0, 1;
L_000002c4727d3400 .reduce/nor L_000002c4727d4260;
L_000002c4727d4300 .part v000002c4727cde10_0, 1, 3;
L_000002c4727d44e0 .reduce/nor L_000002c4727d4300;
L_000002c4727d43a0 .part v000002c4727cde10_0, 0, 1;
L_000002c4727d4440 .part v000002c47275a820_0, 3, 3;
L_000002c4727d2f00 .reduce/nor L_000002c4727d4440;
L_000002c4727d3680 .part v000002c47275a820_0, 2, 1;
L_000002c4727d2fa0 .part v000002c47275a820_0, 0, 2;
L_000002c4727d30e0 .reduce/nor L_000002c4727d2fa0;
L_000002c4727d3b80 .part v000002c4727cde10_0, 1, 3;
L_000002c4727d3180 .reduce/nor L_000002c4727d3b80;
L_000002c4727d32c0 .part v000002c4727cde10_0, 0, 1;
L_000002c4727d3360 .reduce/nor v000002c47275a820_0;
L_000002c4727d34a0 .part v000002c4727cde10_0, 1, 3;
L_000002c4727d3540 .reduce/nor L_000002c4727d34a0;
L_000002c4727d35e0 .part v000002c4727cde10_0, 0, 1;
L_000002c4727ddec0 .part v000002c47275a820_0, 5, 1;
L_000002c4727dce80 .part v000002c47275a820_0, 2, 3;
L_000002c4727dcac0 .reduce/nor L_000002c4727dce80;
L_000002c4727dd7e0 .part v000002c47275a820_0, 0, 2;
L_000002c4727dc7a0 .reduce/nor L_000002c4727d9530;
L_000002c4727dd600 .part v000002c4727cde10_0, 2, 2;
L_000002c4727dd9c0 .reduce/nor L_000002c4727dd600;
L_000002c4727dd1a0 .part v000002c4727cde10_0, 1, 1;
L_000002c4727dd880 .part v000002c4727cde10_0, 0, 1;
L_000002c4727de140 .reduce/nor L_000002c4727dd880;
L_000002c4727dc480 .part v000002c47275a820_0, 5, 1;
L_000002c4727de1e0 .part v000002c47275a820_0, 4, 1;
L_000002c4727de280 .reduce/nor L_000002c4727de1e0;
L_000002c4727de320 .part v000002c47275a820_0, 3, 1;
L_000002c4727dd100 .part v000002c47275a820_0, 2, 1;
L_000002c4727de820 .reduce/nor L_000002c4727dd100;
L_000002c4727de780 .part v000002c47275a820_0, 0, 2;
L_000002c4727dc660 .reduce/nor L_000002c4727d94c0;
L_000002c4727de8c0 .part v000002c4727cde10_0, 1, 3;
L_000002c4727dda60 .reduce/nor L_000002c4727de8c0;
L_000002c4727dcf20 .part v000002c4727cde10_0, 0, 1;
L_000002c4727ddb00 .part v000002c47275a820_0, 5, 1;
L_000002c4727de640 .part v000002c47275a820_0, 2, 3;
L_000002c4727dc3e0 .reduce/nor L_000002c4727de640;
L_000002c4727dc520 .part v000002c47275a820_0, 0, 2;
L_000002c4727dcd40 .reduce/nor L_000002c4727d9300;
L_000002c4727dd240 .part v000002c4727cde10_0, 1, 3;
L_000002c4727ddf60 .reduce/nor L_000002c4727dd240;
L_000002c4727dd380 .part v000002c4727cde10_0, 0, 1;
LS_000002c4727de960_0_0 .concat8 [ 1 1 1 1], L_000002c4727d8b90, L_000002c4727d9680, L_000002c4727d97d0, L_000002c4727d90d0;
LS_000002c4727de960_0_4 .concat8 [ 1 1 1 1], L_000002c4727d9060, L_000002c472303a70, L_000002c47275fee0, L_000002c47275fcb0;
LS_000002c4727de960_0_8 .concat8 [ 1 1 1 1], L_000002c47275f540, L_000002c47275fc40, L_000002c47275f620, L_000002c47275f460;
LS_000002c4727de960_0_12 .concat8 [ 1 1 1 1], L_000002c47275f7e0, L_000002c47275f230, L_000002c47275fe00, L_000002c47275f9a0;
LS_000002c4727de960_0_16 .concat8 [ 1 0 0 0], L_000002c4727d1b00;
LS_000002c4727de960_1_0 .concat8 [ 4 4 4 4], LS_000002c4727de960_0_0, LS_000002c4727de960_0_4, LS_000002c4727de960_0_8, LS_000002c4727de960_0_12;
LS_000002c4727de960_1_4 .concat8 [ 1 0 0 0], LS_000002c4727de960_0_16;
L_000002c4727de960 .concat8 [ 16 1 0 0], LS_000002c4727de960_1_0, LS_000002c4727de960_1_4;
L_000002c4727dea00 .part v000002c47275a820_0, 5, 1;
L_000002c4727dc340 .part v000002c47275a820_0, 4, 1;
L_000002c4727dd2e0 .reduce/nor L_000002c4727dc340;
L_000002c4727ddd80 .part v000002c47275a820_0, 3, 1;
L_000002c4727dc700 .part v000002c47275a820_0, 2, 1;
L_000002c4727dc5c0 .reduce/nor L_000002c4727dc700;
L_000002c4727dd6a0 .part v000002c47275a820_0, 0, 2;
L_000002c4727dd420 .reduce/nor L_000002c4727d8ea0;
L_000002c4727dd060 .part v000002c4727cde10_0, 2, 2;
L_000002c4727dc840 .reduce/nor L_000002c4727dd060;
L_000002c4727dcc00 .part v000002c4727cde10_0, 1, 1;
L_000002c4727dd920 .part v000002c4727cde10_0, 0, 1;
L_000002c4727ddba0 .reduce/nor L_000002c4727dd920;
L_000002c4727dca20 .part L_000002c4727de960, 16, 1;
L_000002c4727dc8e0 .part L_000002c4727de960, 7, 1;
L_000002c4727dc980 .part L_000002c4727de960, 8, 1;
L_000002c4727deaa0 .part L_000002c4727de960, 13, 1;
L_000002c4727de3c0 .part L_000002c4727de960, 11, 1;
L_000002c4727dcb60 .part L_000002c4727de960, 16, 1;
L_000002c4727dde20 .part L_000002c4727de960, 13, 1;
L_000002c4727de460 .part L_000002c4727de960, 11, 1;
L_000002c4727dcde0 .part L_000002c4727de960, 16, 1;
L_000002c4727dd4c0 .part L_000002c4727de960, 12, 1;
L_000002c4727dcca0 .part L_000002c4727de960, 7, 1;
L_000002c4727dd560 .concat8 [ 1 1 0 0], L_000002c4727de500, L_000002c4727dcca0;
L_000002c4727de500 .part L_000002c4727de960, 8, 1;
L_000002c4727dd740 .part L_000002c4727de960, 10, 1;
L_000002c4727ddc40 .concat8 [ 1 1 0 0], L_000002c4727ddce0, L_000002c4727dd740;
L_000002c4727ddce0 .part L_000002c4727de960, 8, 1;
L_000002c4727de000 .part L_000002c4727de960, 15, 1;
L_000002c4727de0a0 .part L_000002c4727de960, 14, 1;
L_000002c4727de5a0 .concat8 [ 1 1 0 0], L_000002c4727d8dc0, L_000002c4727d8d50;
L_000002c4727de6e0 .part L_000002c4727de960, 16, 1;
L_000002c4727dfae0 .part L_000002c4727de960, 15, 1;
L_000002c4727dfcc0 .part L_000002c4727de960, 14, 1;
L_000002c4727e0ee0 .part L_000002c4727de960, 10, 1;
L_000002c4727e08a0 .part L_000002c4727de960, 8, 1;
L_000002c4727df180 .part L_000002c4727de960, 12, 1;
L_000002c4727df040 .part L_000002c4727de960, 9, 1;
L_000002c4727dfea0 .part L_000002c4727de960, 9, 1;
L_000002c4727df900 .part L_000002c4727de960, 6, 1;
L_000002c4727dfd60 .part L_000002c4727de960, 5, 1;
L_000002c4727e0800 .part L_000002c4727de960, 13, 1;
L_000002c4727df220 .part L_000002c4727de960, 10, 1;
L_000002c4727dff40 .part L_000002c4727de960, 4, 1;
L_000002c4727df360 .part L_000002c4727de960, 0, 1;
L_000002c4727e0300 .part L_000002c4727de960, 10, 1;
L_000002c4727e0760 .part L_000002c4727de960, 4, 1;
L_000002c4727e01c0 .part L_000002c4727de960, 3, 1;
L_000002c4727e04e0 .part L_000002c4727de960, 2, 1;
L_000002c4727e12a0 .part L_000002c4727de960, 1, 1;
L_000002c4727df2c0 .concat8 [ 1 1 1 1], L_000002c4727e28a0, L_000002c4727e2830, L_000002c4727e3550, L_000002c4727e2750;
L_000002c4727e0e40 .part L_000002c4727de960, 16, 1;
L_000002c4727df9a0 .part L_000002c4727de960, 10, 1;
L_000002c4727df540 .part L_000002c4727de960, 6, 1;
L_000002c4727e06c0 .part L_000002c4727de960, 3, 1;
L_000002c4727e0f80 .part L_000002c4727de960, 0, 1;
S_000002c4722bbef0 .scope module, "mdr" "MDR" 3 51, 10 2 0, S_000002c4722bb860;
 .timescale -9 -12;
    .port_info 0 /INPUT 1 "clk";
    .port_info 1 /INPUT 32 "Data";
    .port_info 2 /OUTPUT 32 "Output";
v000002c4727c4c70_0 .net "Data", 31 0, L_000002c4727e3860;  alias, 1 drivers
v000002c4727c44f0_0 .var "Output", 31 0;
v000002c4727c4450_0 .net "clk", 0 0, v000002c4727d21e0_0;  alias, 1 drivers
S_000002c4722a2d70 .scope module, "mux32_21" "MUX32_2" 3 39, 11 2 0, S_000002c4722bb860;
 .timescale -9 -12;
    .port_info 0 /INPUT 1 "Ctrl";
    .port_info 1 /INPUT 32 "i0";
    .port_info 2 /INPUT 32 "i1";
    .port_info 3 /OUTPUT 32 "out";
v000002c4727c48b0_0 .net "Ctrl", 0 0, L_000002c4727e2440;  alias, 1 drivers
v000002c4727c4630_0 .net *"_ivl_0", 31 0, L_000002c4727dffe0;  1 drivers
L_000002c4727e8498 .functor BUFT 1, C4<0000000000000000000000000000000>, C4<0>, C4<0>, C4<0>;
v000002c4727c4590_0 .net *"_ivl_3", 30 0, L_000002c4727e8498;  1 drivers
L_000002c4727e84e0 .functor BUFT 1, C4<00000000000000000000000000000000>, C4<0>, C4<0>, C4<0>;
v000002c4727c5210_0 .net/2u *"_ivl_4", 31 0, L_000002c4727e84e0;  1 drivers
v000002c4727c4f90_0 .net *"_ivl_6", 0 0, L_000002c4727e0a80;  1 drivers
v000002c4727c4770_0 .net "i0", 31 0, L_000002c4727e2590;  alias, 1 drivers
v000002c4727c4e50_0 .net "i1", 31 0, L_000002c4727e24b0;  alias, 1 drivers
v000002c4727c4270_0 .net "out", 31 0, L_000002c4727e03a0;  alias, 1 drivers
L_000002c4727dffe0 .concat [ 1 31 0 0], L_000002c4727e2440, L_000002c4727e8498;
L_000002c4727e0a80 .cmp/eq 32, L_000002c4727dffe0, L_000002c4727e84e0;
L_000002c4727e03a0 .functor MUXZ 32, L_000002c4727e24b0, L_000002c4727e2590, L_000002c4727e0a80, C4<>;
S_000002c4722a2f00 .scope module, "mux32_22" "MUX32_2" 3 40, 11 2 0, S_000002c4722bb860;
 .timescale -9 -12;
    .port_info 0 /INPUT 1 "Ctrl";
    .port_info 1 /INPUT 32 "i0";
    .port_info 2 /INPUT 32 "i1";
    .port_info 3 /OUTPUT 32 "out";
v000002c4727c4ef0_0 .net "Ctrl", 0 0, L_000002c4727e2a60;  alias, 1 drivers
v000002c4727c4310_0 .net *"_ivl_0", 31 0, L_000002c4727defa0;  1 drivers
L_000002c4727e8528 .functor BUFT 1, C4<0000000000000000000000000000000>, C4<0>, C4<0>, C4<0>;
v000002c4727c5490_0 .net *"_ivl_3", 30 0, L_000002c4727e8528;  1 drivers
L_000002c4727e8570 .functor BUFT 1, C4<00000000000000000000000000000000>, C4<0>, C4<0>, C4<0>;
v000002c4727c5030_0 .net/2u *"_ivl_4", 31 0, L_000002c4727e8570;  1 drivers
v000002c4727c3eb0_0 .net *"_ivl_6", 0 0, L_000002c4727e0580;  1 drivers
v000002c4727c41d0_0 .net "i0", 31 0, L_000002c4727e3710;  alias, 1 drivers
v000002c4727c3f50_0 .net "i1", 31 0, L_000002c4727e3a20;  alias, 1 drivers
v000002c4727c4090_0 .net "out", 31 0, L_000002c4727dfa40;  alias, 1 drivers
L_000002c4727defa0 .concat [ 1 31 0 0], L_000002c4727e2a60, L_000002c4727e8528;
L_000002c4727e0580 .cmp/eq 32, L_000002c4727defa0, L_000002c4727e8570;
L_000002c4727dfa40 .functor MUXZ 32, L_000002c4727e3a20, L_000002c4727e3710, L_000002c4727e0580, C4<>;
S_000002c4722a5200 .scope module, "mux32_23" "MUX32_2" 3 41, 11 2 0, S_000002c4722bb860;
 .timescale -9 -12;
    .port_info 0 /INPUT 1 "Ctrl";
    .port_info 1 /INPUT 32 "i0";
    .port_info 2 /INPUT 32 "i1";
    .port_info 3 /OUTPUT 32 "out";
v000002c4727c4810_0 .net "Ctrl", 0 0, L_000002c4727e35c0;  alias, 1 drivers
v000002c4727c50d0_0 .net *"_ivl_0", 31 0, L_000002c4727dfe00;  1 drivers
L_000002c4727e85b8 .functor BUFT 1, C4<0000000000000000000000000000000>, C4<0>, C4<0>, C4<0>;
v000002c4727c43b0_0 .net *"_ivl_3", 30 0, L_000002c4727e85b8;  1 drivers
L_000002c4727e8600 .functor BUFT 1, C4<00000000000000000000000000000000>, C4<0>, C4<0>, C4<0>;
v000002c4727c4950_0 .net/2u *"_ivl_4", 31 0, L_000002c4727e8600;  1 drivers
v000002c4727c5170_0 .net *"_ivl_6", 0 0, L_000002c4727e1020;  1 drivers
v000002c4727c49f0_0 .net "i0", 31 0, L_000002c4727e31d0;  alias, 1 drivers
v000002c4727c52b0_0 .net "i1", 31 0, L_000002c4727e23d0;  alias, 1 drivers
v000002c4727c79c0_0 .net "out", 31 0, L_000002c4727dee60;  alias, 1 drivers
L_000002c4727dfe00 .concat [ 1 31 0 0], L_000002c4727e35c0, L_000002c4727e85b8;
L_000002c4727e1020 .cmp/eq 32, L_000002c4727dfe00, L_000002c4727e8600;
L_000002c4727dee60 .functor MUXZ 32, L_000002c4727e23d0, L_000002c4727e31d0, L_000002c4727e1020, C4<>;
S_000002c4722a5390 .scope module, "mux32_41" "MUX32_4" 3 42, 12 2 0, S_000002c4722bb860;
 .timescale -9 -12;
    .port_info 0 /INPUT 2 "Ctrl";
    .port_info 1 /INPUT 32 "i0";
    .port_info 2 /INPUT 32 "i1";
    .port_info 3 /INPUT 32 "i2";
    .port_info 4 /INPUT 32 "i3";
    .port_info 5 /OUTPUT 32 "out";
v000002c4727c68e0_0 .net "Ctrl", 1 0, L_000002c4727e2210;  alias, 1 drivers
L_000002c4727e8648 .functor BUFT 1, C4<00>, C4<0>, C4<0>, C4<0>;
v000002c4727c6480_0 .net/2u *"_ivl_0", 1 0, L_000002c4727e8648;  1 drivers
v000002c4727c6a20_0 .net *"_ivl_10", 0 0, L_000002c4727df5e0;  1 drivers
v000002c4727c7060_0 .net *"_ivl_12", 31 0, L_000002c4727e0120;  1 drivers
v000002c4727c6700_0 .net *"_ivl_14", 31 0, L_000002c4727e10c0;  1 drivers
v000002c4727c7d80_0 .net *"_ivl_2", 0 0, L_000002c4727debe0;  1 drivers
L_000002c4727e8690 .functor BUFT 1, C4<01>, C4<0>, C4<0>, C4<0>;
v000002c4727c7100_0 .net/2u *"_ivl_4", 1 0, L_000002c4727e8690;  1 drivers
v000002c4727c7420_0 .net *"_ivl_6", 0 0, L_000002c4727e0080;  1 drivers
L_000002c4727e86d8 .functor BUFT 1, C4<10>, C4<0>, C4<0>, C4<0>;
v000002c4727c76a0_0 .net/2u *"_ivl_8", 1 0, L_000002c4727e86d8;  1 drivers
v000002c4727c7e20_0 .net "i0", 31 0, L_000002c4727e34e0;  alias, 1 drivers
v000002c4727c5bc0_0 .net "i1", 31 0, L_000002c4727e2ad0;  alias, 1 drivers
v000002c4727c5c60_0 .net "i2", 31 0, L_000002c4727db620;  alias, 1 drivers
v000002c4727c7880_0 .net "i3", 31 0, o000002c472774978;  alias, 0 drivers
v000002c4727c6200_0 .net "out", 31 0, L_000002c4727dfb80;  alias, 1 drivers
L_000002c4727debe0 .cmp/eq 2, L_000002c4727e2210, L_000002c4727e8648;
L_000002c4727e0080 .cmp/eq 2, L_000002c4727e2210, L_000002c4727e8690;
L_000002c4727df5e0 .cmp/eq 2, L_000002c4727e2210, L_000002c4727e86d8;
L_000002c4727e0120 .functor MUXZ 32, o000002c472774978, L_000002c4727db620, L_000002c4727df5e0, C4<>;
L_000002c4727e10c0 .functor MUXZ 32, L_000002c4727e0120, L_000002c4727e2ad0, L_000002c4727e0080, C4<>;
L_000002c4727dfb80 .functor MUXZ 32, L_000002c4727e10c0, L_000002c4727e34e0, L_000002c4727debe0, C4<>;
S_000002c4722bb360 .scope module, "mux32_42" "MUX32_4" 3 43, 12 2 0, S_000002c4722bb860;
 .timescale -9 -12;
    .port_info 0 /INPUT 2 "Ctrl";
    .port_info 1 /INPUT 32 "i0";
    .port_info 2 /INPUT 32 "i1";
    .port_info 3 /INPUT 32 "i2";
    .port_info 4 /INPUT 32 "i3";
    .port_info 5 /OUTPUT 32 "out";
v000002c4727c7380_0 .net "Ctrl", 1 0, L_000002c4727e2fa0;  alias, 1 drivers
L_000002c4727e8720 .functor BUFT 1, C4<00>, C4<0>, C4<0>, C4<0>;
v000002c4727c6ac0_0 .net/2u *"_ivl_0", 1 0, L_000002c4727e8720;  1 drivers
v000002c4727c74c0_0 .net *"_ivl_10", 0 0, L_000002c4727e0b20;  1 drivers
v000002c4727c62a0_0 .net *"_ivl_12", 31 0, L_000002c4727e0bc0;  1 drivers
v000002c4727c7560_0 .net *"_ivl_14", 31 0, L_000002c4727dfc20;  1 drivers
v000002c4727c7600_0 .net *"_ivl_2", 0 0, L_000002c4727e09e0;  1 drivers
L_000002c4727e8768 .functor BUFT 1, C4<01>, C4<0>, C4<0>, C4<0>;
v000002c4727c63e0_0 .net/2u *"_ivl_4", 1 0, L_000002c4727e8768;  1 drivers
v000002c4727c6e80_0 .net *"_ivl_6", 0 0, L_000002c4727df4a0;  1 drivers
L_000002c4727e87b0 .functor BUFT 1, C4<10>, C4<0>, C4<0>, C4<0>;
v000002c4727c72e0_0 .net/2u *"_ivl_8", 1 0, L_000002c4727e87b0;  1 drivers
v000002c4727c6660_0 .net "i0", 31 0, L_000002c4727e2b40;  alias, 1 drivers
v000002c4727c7740_0 .net "i1", 31 0, L_000002c4727e8f00;  alias, 1 drivers
v000002c4727c6c00_0 .net "i2", 31 0, L_000002c4727e2e50;  alias, 1 drivers
v000002c4727c77e0_0 .net "i3", 31 0, L_000002c4727e3a90;  alias, 1 drivers
v000002c4727c6f20_0 .net "out", 31 0, L_000002c4727e1160;  alias, 1 drivers
L_000002c4727e09e0 .cmp/eq 2, L_000002c4727e2fa0, L_000002c4727e8720;
L_000002c4727df4a0 .cmp/eq 2, L_000002c4727e2fa0, L_000002c4727e8768;
L_000002c4727e0b20 .cmp/eq 2, L_000002c4727e2fa0, L_000002c4727e87b0;
L_000002c4727e0bc0 .functor MUXZ 32, L_000002c4727e3a90, L_000002c4727e2e50, L_000002c4727e0b20, C4<>;
L_000002c4727dfc20 .functor MUXZ 32, L_000002c4727e0bc0, L_000002c4727e8f00, L_000002c4727df4a0, C4<>;
L_000002c4727e1160 .functor MUXZ 32, L_000002c4727dfc20, L_000002c4727e2b40, L_000002c4727e09e0, C4<>;
S_000002c4722bb4f0 .scope module, "mux5" "MUX5" 3 38, 13 2 0, S_000002c4722bb860;
 .timescale -9 -12;
    .port_info 0 /INPUT 1 "Ctrl";
    .port_info 1 /INPUT 5 "i0";
    .port_info 2 /INPUT 5 "i1";
    .port_info 3 /OUTPUT 5 "out";
v000002c4727c6340_0 .net "Ctrl", 0 0, L_000002c4727e3470;  alias, 1 drivers
v000002c4727c7ce0_0 .net *"_ivl_0", 31 0, L_000002c4727e0940;  1 drivers
L_000002c4727e8408 .functor BUFT 1, C4<0000000000000000000000000000000>, C4<0>, C4<0>, C4<0>;
v000002c4727c7920_0 .net *"_ivl_3", 30 0, L_000002c4727e8408;  1 drivers
L_000002c4727e8450 .functor BUFT 1, C4<00000000000000000000000000000000>, C4<0>, C4<0>, C4<0>;
v000002c4727c6840_0 .net/2u *"_ivl_4", 31 0, L_000002c4727e8450;  1 drivers
v000002c4727c7b00_0 .net *"_ivl_6", 0 0, L_000002c4727df680;  1 drivers
v000002c4727c71a0_0 .net "i0", 4 0, L_000002c4727e29f0;  alias, 1 drivers
v000002c4727c65c0_0 .net "i1", 4 0, L_000002c4727e3940;  alias, 1 drivers
v000002c4727c56c0_0 .net "out", 4 0, L_000002c4727df400;  alias, 1 drivers
L_000002c4727e0940 .concat [ 1 31 0 0], L_000002c4727e3470, L_000002c4727e8408;
L_000002c4727df680 .cmp/eq 32, L_000002c4727e0940, L_000002c4727e8450;
L_000002c4727df400 .functor MUXZ 5, L_000002c4727e3940, L_000002c4727e29f0, L_000002c4727df680, C4<>;
S_000002c47228a540 .scope module, "pc" "PC" 3 44, 14 2 0, S_000002c4722bb860;
 .timescale -9 -12;
    .port_info 0 /INPUT 1 "clk";
    .port_info 1 /INPUT 1 "reset";
    .port_info 2 /INPUT 1 "W";
    .port_info 3 /INPUT 32 "addrin";
    .port_info 4 /OUTPUT 32 "addrout";
v000002c4727c6fc0_0 .var "TmpAddr", 31 0;
v000002c4727c7240_0 .net "W", 0 0, L_000002c4727e3390;  alias, 1 drivers
v000002c4727c6160_0 .net "addrin", 31 0, L_000002c4727e2c20;  alias, 1 drivers
v000002c4727c60c0_0 .var "addrout", 31 0;
v000002c4727c6520_0 .net "clk", 0 0, v000002c4727d21e0_0;  alias, 1 drivers
v000002c4727c7a60_0 .net "reset", 0 0, v000002c4727d1100_0;  alias, 1 drivers
E_000002c472735a10 .event negedge, v000002c47275adc0_0;
S_000002c47228a6d0 .scope module, "regA" "TmpR" 3 50, 4 2 0, S_000002c4722bb860;
 .timescale -9 -12;
    .port_info 0 /INPUT 1 "clk";
    .port_info 1 /INPUT 32 "Data";
    .port_info 2 /OUTPUT 32 "Output";
v000002c4727c67a0_0 .net "Data", 31 0, L_000002c4727e3160;  alias, 1 drivers
v000002c4727c6980_0 .var "Output", 31 0;
v000002c4727c7ba0_0 .net "clk", 0 0, v000002c4727d21e0_0;  alias, 1 drivers
S_000002c4727c96c0 .scope module, "regB" "TmpR" 3 50, 4 2 0, S_000002c4722bb860;
 .timescale -9 -12;
    .port_info 0 /INPUT 1 "clk";
    .port_info 1 /INPUT 32 "Data";
    .port_info 2 /OUTPUT 32 "Output";
v000002c4727c7c40_0 .net "Data", 31 0, L_000002c4727e3240;  alias, 1 drivers
v000002c4727c6ca0_0 .var "Output", 31 0;
v000002c4727c5760_0 .net "clk", 0 0, v000002c4727d21e0_0;  alias, 1 drivers
S_000002c4727ca4d0 .scope module, "rf" "RF" 3 45, 15 2 0, S_000002c4722bb860;
 .timescale -9 -12;
    .port_info 0 /INPUT 1 "clk";
    .port_info 1 /INPUT 1 "W";
    .port_info 2 /INPUT 5 "R_Reg1";
    .port_info 3 /INPUT 5 "R_Reg2";
    .port_info 4 /INPUT 5 "W_Reg";
    .port_info 5 /INPUT 32 "W_data";
    .port_info 6 /OUTPUT 32 "R_data1";
    .port_info 7 /OUTPUT 32 "R_data2";
v000002c4727c5da0_0 .net "R_Reg1", 4 0, L_000002c4727e2520;  alias, 1 drivers
v000002c4727c5800_0 .net "R_Reg2", 4 0, L_000002c4727e2ec0;  alias, 1 drivers
v000002c4727c58a0_0 .net "R_data1", 31 0, L_000002c4727e1a20;  alias, 1 drivers
v000002c4727c59e0_0 .net "R_data2", 31 0, L_000002c4727d9fa0;  alias, 1 drivers
v000002c4727c5940_0 .net "W", 0 0, L_000002c4727e2c90;  alias, 1 drivers
v000002c4727c6b60_0 .net "W_Reg", 4 0, L_000002c4727e3780;  alias, 1 drivers
v000002c4727c5a80_0 .net "W_data", 31 0, L_000002c4727e2d00;  alias, 1 drivers
v000002c4727c5d00_0 .net *"_ivl_0", 7 0, L_000002c4727e0da0;  1 drivers
v000002c4727c6d40_0 .net *"_ivl_100", 7 0, L_000002c4727dbb20;  1 drivers
v000002c4727c5b20_0 .net *"_ivl_102", 7 0, L_000002c4727dc2a0;  1 drivers
v000002c4727c6de0_0 .net *"_ivl_104", 31 0, L_000002c4727da040;  1 drivers
L_000002c4727e8c78 .functor BUFT 1, C4<000000000000000000000000000>, C4<0>, C4<0>, C4<0>;
v000002c4727c5e40_0 .net *"_ivl_107", 26 0, L_000002c4727e8c78;  1 drivers
v000002c4727c5ee0_0 .net *"_ivl_108", 31 0, L_000002c4727db300;  1 drivers
L_000002c4727e8840 .functor BUFT 1, C4<00>, C4<0>, C4<0>, C4<0>;
v000002c4727c5f80_0 .net *"_ivl_11", 1 0, L_000002c4727e8840;  1 drivers
v000002c4727c6020_0 .net *"_ivl_110", 29 0, L_000002c4727dbf80;  1 drivers
L_000002c4727e8cc0 .functor BUFT 1, C4<00>, C4<0>, C4<0>, C4<0>;
v000002c4727c7f60_0 .net *"_ivl_112", 1 0, L_000002c4727e8cc0;  1 drivers
L_000002c4727e8d08 .functor BUFT 1, C4<00000000000000000000000000000010>, C4<0>, C4<0>, C4<0>;
v000002c4727c80a0_0 .net/2u *"_ivl_114", 31 0, L_000002c4727e8d08;  1 drivers
v000002c4727c8000_0 .net *"_ivl_116", 31 0, L_000002c4727db440;  1 drivers
v000002c4727c88c0_0 .net *"_ivl_118", 7 0, L_000002c4727db580;  1 drivers
v000002c4727c8640_0 .net *"_ivl_12", 7 0, L_000002c4727e0260;  1 drivers
v000002c4727c8e60_0 .net *"_ivl_120", 7 0, L_000002c4727d9c80;  1 drivers
v000002c4727c9360_0 .net *"_ivl_122", 31 0, L_000002c4727d9f00;  1 drivers
L_000002c4727e8d50 .functor BUFT 1, C4<000000000000000000000000000>, C4<0>, C4<0>, C4<0>;
v000002c4727c8820_0 .net *"_ivl_125", 26 0, L_000002c4727e8d50;  1 drivers
v000002c4727c8960_0 .net *"_ivl_126", 31 0, L_000002c4727dac20;  1 drivers
v000002c4727c94a0_0 .net *"_ivl_128", 29 0, L_000002c4727da720;  1 drivers
L_000002c4727e8d98 .functor BUFT 1, C4<00>, C4<0>, C4<0>, C4<0>;
v000002c4727c9540_0 .net *"_ivl_130", 1 0, L_000002c4727e8d98;  1 drivers
L_000002c4727e8de0 .functor BUFT 1, C4<00000000000000000000000000000011>, C4<0>, C4<0>, C4<0>;
v000002c4727c8c80_0 .net/2u *"_ivl_132", 31 0, L_000002c4727e8de0;  1 drivers
v000002c4727c90e0_0 .net *"_ivl_134", 31 0, L_000002c4727db080;  1 drivers
v000002c4727c8be0_0 .net *"_ivl_136", 7 0, L_000002c4727db8a0;  1 drivers
v000002c4727c81e0_0 .net *"_ivl_14", 7 0, L_000002c4727e0d00;  1 drivers
v000002c4727c83c0_0 .net *"_ivl_16", 31 0, L_000002c4727df720;  1 drivers
L_000002c4727e8888 .functor BUFT 1, C4<000000000000000000000000000>, C4<0>, C4<0>, C4<0>;
v000002c4727c9040_0 .net *"_ivl_19", 26 0, L_000002c4727e8888;  1 drivers
v000002c4727c8d20_0 .net *"_ivl_2", 4 0, L_000002c4727e1200;  1 drivers
v000002c4727c8a00_0 .net *"_ivl_20", 31 0, L_000002c4727ded20;  1 drivers
v000002c4727c8500_0 .net *"_ivl_22", 29 0, L_000002c4727dec80;  1 drivers
L_000002c4727e88d0 .functor BUFT 1, C4<00>, C4<0>, C4<0>, C4<0>;
v000002c4727c86e0_0 .net *"_ivl_24", 1 0, L_000002c4727e88d0;  1 drivers
L_000002c4727e8918 .functor BUFT 1, C4<00000000000000000000000000000001>, C4<0>, C4<0>, C4<0>;
v000002c4727c8460_0 .net/2u *"_ivl_26", 31 0, L_000002c4727e8918;  1 drivers
v000002c4727c8aa0_0 .net *"_ivl_28", 31 0, L_000002c4727df7c0;  1 drivers
v000002c4727c8b40_0 .net *"_ivl_30", 7 0, L_000002c4727df860;  1 drivers
v000002c4727c85a0_0 .net *"_ivl_32", 7 0, L_000002c4727e0440;  1 drivers
v000002c4727c8780_0 .net *"_ivl_34", 31 0, L_000002c4727e0620;  1 drivers
L_000002c4727e8960 .functor BUFT 1, C4<000000000000000000000000000>, C4<0>, C4<0>, C4<0>;
v000002c4727c8dc0_0 .net *"_ivl_37", 26 0, L_000002c4727e8960;  1 drivers
v000002c4727c8f00_0 .net *"_ivl_38", 31 0, L_000002c4727def00;  1 drivers
v000002c4727c9400_0 .net *"_ivl_4", 2 0, L_000002c4727e0c60;  1 drivers
v000002c4727c8fa0_0 .net *"_ivl_40", 29 0, L_000002c4727dedc0;  1 drivers
L_000002c4727e89a8 .functor BUFT 1, C4<00>, C4<0>, C4<0>, C4<0>;
v000002c4727c9180_0 .net *"_ivl_42", 1 0, L_000002c4727e89a8;  1 drivers
L_000002c4727e89f0 .functor BUFT 1, C4<00000000000000000000000000000010>, C4<0>, C4<0>, C4<0>;
v000002c4727c7ec0_0 .net/2u *"_ivl_44", 31 0, L_000002c4727e89f0;  1 drivers
v000002c4727c8140_0 .net *"_ivl_46", 31 0, L_000002c4727df0e0;  1 drivers
v000002c4727c9220_0 .net *"_ivl_48", 7 0, L_000002c4727e1520;  1 drivers
v000002c4727c8280_0 .net *"_ivl_50", 7 0, L_000002c4727e17a0;  1 drivers
v000002c4727c92c0_0 .net *"_ivl_52", 31 0, L_000002c4727e1980;  1 drivers
L_000002c4727e8a38 .functor BUFT 1, C4<000000000000000000000000000>, C4<0>, C4<0>, C4<0>;
v000002c4727c8320_0 .net *"_ivl_55", 26 0, L_000002c4727e8a38;  1 drivers
v000002c4727cd0f0_0 .net *"_ivl_56", 31 0, L_000002c4727e1840;  1 drivers
v000002c4727cdc30_0 .net *"_ivl_58", 29 0, L_000002c4727e1340;  1 drivers
L_000002c4727e87f8 .functor BUFT 1, C4<00>, C4<0>, C4<0>, C4<0>;
v000002c4727cc6f0_0 .net *"_ivl_6", 1 0, L_000002c4727e87f8;  1 drivers
L_000002c4727e8a80 .functor BUFT 1, C4<00>, C4<0>, C4<0>, C4<0>;
v000002c4727ce090_0 .net *"_ivl_60", 1 0, L_000002c4727e8a80;  1 drivers
L_000002c4727e8ac8 .functor BUFT 1, C4<00000000000000000000000000000011>, C4<0>, C4<0>, C4<0>;
v000002c4727cd230_0 .net/2u *"_ivl_62", 31 0, L_000002c4727e8ac8;  1 drivers
v000002c4727cd410_0 .net *"_ivl_64", 31 0, L_000002c4727e18e0;  1 drivers
v000002c4727ccfb0_0 .net *"_ivl_66", 7 0, L_000002c4727e1700;  1 drivers
v000002c4727cdaf0_0 .net *"_ivl_70", 7 0, L_000002c4727e13e0;  1 drivers
v000002c4727cd730_0 .net *"_ivl_72", 4 0, L_000002c4727e1480;  1 drivers
v000002c4727cd190_0 .net *"_ivl_74", 2 0, L_000002c4727e15c0;  1 drivers
L_000002c4727e8b10 .functor BUFT 1, C4<00>, C4<0>, C4<0>, C4<0>;
v000002c4727cd370_0 .net *"_ivl_76", 1 0, L_000002c4727e8b10;  1 drivers
v000002c4727ccf10_0 .net *"_ivl_78", 6 0, L_000002c4727e1660;  1 drivers
v000002c4727cdeb0_0 .net *"_ivl_8", 6 0, L_000002c4727deb40;  1 drivers
L_000002c4727e8b58 .functor BUFT 1, C4<00>, C4<0>, C4<0>, C4<0>;
v000002c4727cdb90_0 .net *"_ivl_81", 1 0, L_000002c4727e8b58;  1 drivers
v000002c4727ce310_0 .net *"_ivl_82", 7 0, L_000002c4727db1c0;  1 drivers
v000002c4727cc8d0_0 .net *"_ivl_84", 7 0, L_000002c4727da4a0;  1 drivers
v000002c4727cdcd0_0 .net *"_ivl_86", 31 0, L_000002c4727da0e0;  1 drivers
L_000002c4727e8ba0 .functor BUFT 1, C4<000000000000000000000000000>, C4<0>, C4<0>, C4<0>;
v000002c4727cd2d0_0 .net *"_ivl_89", 26 0, L_000002c4727e8ba0;  1 drivers
v000002c4727ce810_0 .net *"_ivl_90", 31 0, L_000002c4727dab80;  1 drivers
v000002c4727cd4b0_0 .net *"_ivl_92", 29 0, L_000002c4727daae0;  1 drivers
L_000002c4727e8be8 .functor BUFT 1, C4<00>, C4<0>, C4<0>, C4<0>;
v000002c4727ced10_0 .net *"_ivl_94", 1 0, L_000002c4727e8be8;  1 drivers
L_000002c4727e8c30 .functor BUFT 1, C4<00000000000000000000000000000001>, C4<0>, C4<0>, C4<0>;
v000002c4727cee50_0 .net/2u *"_ivl_96", 31 0, L_000002c4727e8c30;  1 drivers
v000002c4727cc970_0 .net *"_ivl_98", 31 0, L_000002c4727db4e0;  1 drivers
v000002c4727cea90_0 .net "clk", 0 0, v000002c4727d21e0_0;  alias, 1 drivers
v000002c4727ccd30_0 .var/i "fd1", 31 0;
v000002c4727cd550_0 .var/i "i", 31 0;
v000002c4727ce590 .array "mem", 31 0, 7 0;
L_000002c4727e0da0 .array/port v000002c4727ce590, L_000002c4727deb40;
L_000002c4727e0c60 .part L_000002c4727e2520, 0, 3;
L_000002c4727e1200 .concat [ 2 3 0 0], L_000002c4727e87f8, L_000002c4727e0c60;
L_000002c4727deb40 .concat [ 5 2 0 0], L_000002c4727e1200, L_000002c4727e8840;
L_000002c4727e0260 .concat [ 8 0 0 0], L_000002c4727e0da0;
L_000002c4727e0d00 .array/port v000002c4727ce590, L_000002c4727df7c0;
L_000002c4727df720 .concat [ 5 27 0 0], L_000002c4727e2520, L_000002c4727e8888;
L_000002c4727dec80 .part L_000002c4727df720, 0, 30;
L_000002c4727ded20 .concat [ 2 30 0 0], L_000002c4727e88d0, L_000002c4727dec80;
L_000002c4727df7c0 .arith/sum 32, L_000002c4727ded20, L_000002c4727e8918;
L_000002c4727df860 .concat [ 8 0 0 0], L_000002c4727e0d00;
L_000002c4727e0440 .array/port v000002c4727ce590, L_000002c4727df0e0;
L_000002c4727e0620 .concat [ 5 27 0 0], L_000002c4727e2520, L_000002c4727e8960;
L_000002c4727dedc0 .part L_000002c4727e0620, 0, 30;
L_000002c4727def00 .concat [ 2 30 0 0], L_000002c4727e89a8, L_000002c4727dedc0;
L_000002c4727df0e0 .arith/sum 32, L_000002c4727def00, L_000002c4727e89f0;
L_000002c4727e1520 .concat [ 8 0 0 0], L_000002c4727e0440;
L_000002c4727e17a0 .array/port v000002c4727ce590, L_000002c4727e18e0;
L_000002c4727e1980 .concat [ 5 27 0 0], L_000002c4727e2520, L_000002c4727e8a38;
L_000002c4727e1340 .part L_000002c4727e1980, 0, 30;
L_000002c4727e1840 .concat [ 2 30 0 0], L_000002c4727e8a80, L_000002c4727e1340;
L_000002c4727e18e0 .arith/sum 32, L_000002c4727e1840, L_000002c4727e8ac8;
L_000002c4727e1700 .concat [ 8 0 0 0], L_000002c4727e17a0;
L_000002c4727e1a20 .concat [ 8 8 8 8], L_000002c4727e1700, L_000002c4727e1520, L_000002c4727df860, L_000002c4727e0260;
L_000002c4727e13e0 .array/port v000002c4727ce590, L_000002c4727e1660;
L_000002c4727e15c0 .part L_000002c4727e2ec0, 0, 3;
L_000002c4727e1480 .concat [ 2 3 0 0], L_000002c4727e8b10, L_000002c4727e15c0;
L_000002c4727e1660 .concat [ 5 2 0 0], L_000002c4727e1480, L_000002c4727e8b58;
L_000002c4727db1c0 .concat [ 8 0 0 0], L_000002c4727e13e0;
L_000002c4727da4a0 .array/port v000002c4727ce590, L_000002c4727db4e0;
L_000002c4727da0e0 .concat [ 5 27 0 0], L_000002c4727e2ec0, L_000002c4727e8ba0;
L_000002c4727daae0 .part L_000002c4727da0e0, 0, 30;
L_000002c4727dab80 .concat [ 2 30 0 0], L_000002c4727e8be8, L_000002c4727daae0;
L_000002c4727db4e0 .arith/sum 32, L_000002c4727dab80, L_000002c4727e8c30;
L_000002c4727dbb20 .concat [ 8 0 0 0], L_000002c4727da4a0;
L_000002c4727dc2a0 .array/port v000002c4727ce590, L_000002c4727db440;
L_000002c4727da040 .concat [ 5 27 0 0], L_000002c4727e2ec0, L_000002c4727e8c78;
L_000002c4727dbf80 .part L_000002c4727da040, 0, 30;
L_000002c4727db300 .concat [ 2 30 0 0], L_000002c4727e8cc0, L_000002c4727dbf80;
L_000002c4727db440 .arith/sum 32, L_000002c4727db300, L_000002c4727e8d08;
L_000002c4727db580 .concat [ 8 0 0 0], L_000002c4727dc2a0;
L_000002c4727d9c80 .array/port v000002c4727ce590, L_000002c4727db080;
L_000002c4727d9f00 .concat [ 5 27 0 0], L_000002c4727e2ec0, L_000002c4727e8d50;
L_000002c4727da720 .part L_000002c4727d9f00, 0, 30;
L_000002c4727dac20 .concat [ 2 30 0 0], L_000002c4727e8d98, L_000002c4727da720;
L_000002c4727db080 .arith/sum 32, L_000002c4727dac20, L_000002c4727e8de0;
L_000002c4727db8a0 .concat [ 8 0 0 0], L_000002c4727d9c80;
L_000002c4727d9fa0 .concat [ 8 8 8 8], L_000002c4727db8a0, L_000002c4727db580, L_000002c4727dbb20, L_000002c4727db1c0;
S_000002c4727c9d00 .scope module, "shl2_26" "SHL2_26" 3 46, 16 2 0, S_000002c4722bb860;
 .timescale -9 -12;
    .port_info 0 /INPUT 26 "in";
    .port_info 1 /OUTPUT 28 "out";
v000002c4727cdd70_0 .net *"_ivl_0", 25 0, L_000002c4727dbc60;  1 drivers
L_000002c4727e8e28 .functor BUFT 1, C4<00>, C4<0>, C4<0>, C4<0>;
v000002c4727ce450_0 .net/2u *"_ivl_2", 1 0, L_000002c4727e8e28;  1 drivers
v000002c4727ceb30_0 .net "in", 25 0, L_000002c4727e3400;  alias, 1 drivers
v000002c4727ce3b0_0 .net "out", 27 0, L_000002c4727dc160;  alias, 1 drivers
L_000002c4727dbc60 .concat [ 26 0 0 0], L_000002c4727e3400;
L_000002c4727dc160 .concat [ 2 26 0 0], L_000002c4727e8e28, L_000002c4727dbc60;
S_000002c4727ca340 .scope module, "shl2_32" "SHL2_32" 3 47, 17 2 0, S_000002c4722bb860;
 .timescale -9 -12;
    .port_info 0 /INPUT 32 "in";
    .port_info 1 /OUTPUT 32 "out";
v000002c4727cebd0_0 .net *"_ivl_2", 29 0, L_000002c4727d9dc0;  1 drivers
L_000002c4727e8e70 .functor BUFT 1, C4<00>, C4<0>, C4<0>, C4<0>;
v000002c4727cd5f0_0 .net *"_ivl_4", 1 0, L_000002c4727e8e70;  1 drivers
v000002c4727cd690_0 .net "in", 31 0, L_000002c4727e2670;  alias, 1 drivers
v000002c4727cd7d0_0 .net "out", 31 0, L_000002c4727dacc0;  alias, 1 drivers
L_000002c4727d9dc0 .part L_000002c4727e2670, 0, 30;
L_000002c4727dacc0 .concat [ 2 30 0 0], L_000002c4727e8e70, L_000002c4727d9dc0;
S_000002c4727c9850 .scope module, "sigext" "SigExt" 3 48, 18 2 0, S_000002c4722bb860;
 .timescale -9 -12;
    .port_info 0 /INPUT 16 "in";
    .port_info 1 /OUTPUT 32 "out";
L_000002c4727e8eb8 .functor BUFT 1, C4<0000000000000000>, C4<0>, C4<0>, C4<0>;
v000002c4727cca10_0 .net/2u *"_ivl_0", 15 0, L_000002c4727e8eb8;  1 drivers
v000002c4727ce630_0 .net *"_ivl_2", 15 0, L_000002c4727da9a0;  1 drivers
v000002c4727cd050_0 .net "in", 15 0, L_000002c4727e2600;  alias, 1 drivers
v000002c4727ccdd0_0 .net "out", 31 0, L_000002c4727da7c0;  alias, 1 drivers
L_000002c4727da9a0 .concat [ 16 0 0 0], L_000002c4727e2600;
L_000002c4727da7c0 .concat [ 16 16 0 0], L_000002c4727da9a0, L_000002c4727e8eb8;
S_000002c4727c9b70 .scope module, "sr" "SR" 3 49, 19 2 0, S_000002c4722bb860;
 .timescale -9 -12;
    .port_info 0 /INPUT 1 "clk";
    .port_info 1 /INPUT 4 "NS";
    .port_info 2 /OUTPUT 4 "S";
v000002c4727cec70_0 .net "NS", 3 0, L_000002c4727df2c0;  alias, 1 drivers
v000002c4727cde10_0 .var "S", 3 0;
v000002c4727ce950_0 .net "clk", 0 0, v000002c4727d21e0_0;  alias, 1 drivers
    .scope S_000002c4722b9550;
T_0 ;
    %wait E_000002c472735c50;
    %pushi/vec4 0, 0, 32;
    %store/vec4 v000002c472759e20_0, 0, 32;
    %load/vec4 v000002c472759240_0;
    %dup/vec4;
    %pushi/vec4 0, 0, 3;
    %cmp/u;
    %jmp/1 T_0.0, 6;
    %dup/vec4;
    %pushi/vec4 1, 0, 3;
    %cmp/u;
    %jmp/1 T_0.1, 6;
    %dup/vec4;
    %pushi/vec4 4, 0, 3;
    %cmp/u;
    %jmp/1 T_0.2, 6;
    %dup/vec4;
    %pushi/vec4 5, 0, 3;
    %cmp/u;
    %jmp/1 T_0.3, 6;
    %dup/vec4;
    %pushi/vec4 6, 0, 3;
    %cmp/u;
    %jmp/1 T_0.4, 6;
    %dup/vec4;
    %pushi/vec4 3, 0, 3;
    %cmp/u;
    %jmp/1 T_0.5, 6;
    %dup/vec4;
    %pushi/vec4 2, 0, 3;
    %cmp/u;
    %jmp/1 T_0.6, 6;
    %jmp T_0.7;
T_0.0 ;
    %load/vec4 v000002c4727594c0_0;
    %load/vec4 v000002c47275aaa0_0;
    %and;
    %store/vec4 v000002c472759e20_0, 0, 32;
    %jmp T_0.7;
T_0.1 ;
    %load/vec4 v000002c4727594c0_0;
    %load/vec4 v000002c47275aaa0_0;
    %or;
    %store/vec4 v000002c472759e20_0, 0, 32;
    %jmp T_0.7;
T_0.2 ;
    %load/vec4 v000002c4727594c0_0;
    %load/vec4 v000002c47275aaa0_0;
    %add;
    %store/vec4 v000002c472759e20_0, 0, 32;
    %load/vec4 v000002c4727594c0_0;
    %parti/s 1, 31, 6;
    %load/vec4 v000002c47275aaa0_0;
    %parti/s 1, 31, 6;
    %cmp/e;
    %flag_get/vec4 4;
    %jmp/0 T_0.10, 4;
    %load/vec4 v000002c472759e20_0;
    %parti/s 1, 31, 6;
    %load/vec4 v000002c4727594c0_0;
    %parti/s 1, 31, 6;
    %cmp/ne;
    %flag_get/vec4 4;
    %and;
T_0.10;
    %flag_set/vec4 8;
    %jmp/0 T_0.8, 8;
    %pushi/vec4 1, 0, 2;
    %jmp/1 T_0.9, 8;
T_0.8 ; End of true expr.
    %pushi/vec4 0, 0, 2;
    %jmp/0 T_0.9, 8;
 ; End of false expr.
    %blend;
T_0.9;
    %pad/s 1;
    %store/vec4 v000002c472759b00_0, 0, 1;
    %jmp T_0.7;
T_0.3 ;
    %load/vec4 v000002c4727594c0_0;
    %load/vec4 v000002c47275aaa0_0;
    %add;
    %store/vec4 v000002c472759e20_0, 0, 32;
    %jmp T_0.7;
T_0.4 ;
    %load/vec4 v000002c4727594c0_0;
    %load/vec4 v000002c47275aaa0_0;
    %sub;
    %store/vec4 v000002c472759e20_0, 0, 32;
    %load/vec4 v000002c4727594c0_0;
    %parti/s 1, 31, 6;
    %load/vec4 v000002c47275aaa0_0;
    %parti/s 1, 31, 6;
    %cmp/ne;
    %flag_get/vec4 4;
    %jmp/0 T_0.13, 4;
    %load/vec4 v000002c472759e20_0;
    %parti/s 1, 31, 6;
    %load/vec4 v000002c47275aaa0_0;
    %parti/s 1, 31, 6;
    %cmp/e;
    %flag_get/vec4 4;
    %and;
T_0.13;
    %flag_set/vec4 8;
    %jmp/0 T_0.11, 8;
    %pushi/vec4 1, 0, 2;
    %jmp/1 T_0.12, 8;
T_0.11 ; End of true expr.
    %pushi/vec4 0, 0, 2;
    %jmp/0 T_0.12, 8;
 ; End of false expr.
    %blend;
T_0.12;
    %pad/s 1;
    %store/vec4 v000002c472759b00_0, 0, 1;
    %jmp T_0.7;
T_0.5 ;
    %load/vec4 v000002c4727594c0_0;
    %load/vec4 v000002c47275aaa0_0;
    %or;
    %inv;
    %store/vec4 v000002c472759e20_0, 0, 32;
    %jmp T_0.7;
T_0.6 ;
    %load/vec4 v000002c4727594c0_0;
    %load/vec4 v000002c47275aaa0_0;
    %cmp/u;
    %flag_mov 8, 5;
    %jmp/0 T_0.14, 8;
    %pushi/vec4 1, 0, 32;
    %jmp/1 T_0.15, 8;
T_0.14 ; End of true expr.
    %pushi/vec4 0, 0, 32;
    %jmp/0 T_0.15, 8;
 ; End of false expr.
    %blend;
T_0.15;
    %store/vec4 v000002c472759e20_0, 0, 32;
    %jmp T_0.7;
T_0.7 ;
    %pop/vec4 1;
    %load/vec4 v000002c472759e20_0;
    %cmpi/e 0, 0, 32;
    %flag_mov 8, 4;
    %jmp/0 T_0.16, 8;
    %pushi/vec4 1, 0, 2;
    %jmp/1 T_0.17, 8;
T_0.16 ; End of true expr.
    %pushi/vec4 0, 0, 2;
    %jmp/0 T_0.17, 8;
 ; End of false expr.
    %blend;
T_0.17;
    %pad/s 1;
    %store/vec4 v000002c472759c40_0, 0, 1;
    %jmp T_0;
    .thread T_0, $push;
    .scope S_000002c4722b96e0;
T_1 ;
    %wait E_000002c472735250;
    %pushi/vec4 0, 0, 3;
    %store/vec4 v000002c472759560_0, 0, 3;
    %load/vec4 v000002c47275ad20_0;
    %dup/vec4;
    %pushi/vec4 0, 0, 2;
    %cmp/u;
    %jmp/1 T_1.0, 6;
    %dup/vec4;
    %pushi/vec4 1, 0, 2;
    %cmp/u;
    %jmp/1 T_1.1, 6;
    %load/vec4 v000002c47275ab40_0;
    %dup/vec4;
    %pushi/vec4 32, 0, 6;
    %cmp/u;
    %jmp/1 T_1.4, 6;
    %dup/vec4;
    %pushi/vec4 33, 0, 6;
    %cmp/u;
    %jmp/1 T_1.5, 6;
    %dup/vec4;
    %pushi/vec4 34, 0, 6;
    %cmp/u;
    %jmp/1 T_1.6, 6;
    %dup/vec4;
    %pushi/vec4 36, 0, 6;
    %cmp/u;
    %jmp/1 T_1.7, 6;
    %dup/vec4;
    %pushi/vec4 37, 0, 6;
    %cmp/u;
    %jmp/1 T_1.8, 6;
    %dup/vec4;
    %pushi/vec4 39, 0, 6;
    %cmp/u;
    %jmp/1 T_1.9, 6;
    %dup/vec4;
    %pushi/vec4 42, 0, 6;
    %cmp/u;
    %jmp/1 T_1.10, 6;
    %jmp T_1.11;
T_1.4 ;
    %pushi/vec4 4, 0, 3;
    %store/vec4 v000002c472759560_0, 0, 3;
    %jmp T_1.11;
T_1.5 ;
    %pushi/vec4 5, 0, 3;
    %store/vec4 v000002c472759560_0, 0, 3;
    %jmp T_1.11;
T_1.6 ;
    %pushi/vec4 6, 0, 3;
    %store/vec4 v000002c472759560_0, 0, 3;
    %jmp T_1.11;
T_1.7 ;
    %pushi/vec4 0, 0, 3;
    %store/vec4 v000002c472759560_0, 0, 3;
    %jmp T_1.11;
T_1.8 ;
    %pushi/vec4 1, 0, 3;
    %store/vec4 v000002c472759560_0, 0, 3;
    %jmp T_1.11;
T_1.9 ;
    %pushi/vec4 3, 0, 3;
    %store/vec4 v000002c472759560_0, 0, 3;
    %jmp T_1.11;
T_1.10 ;
    %pushi/vec4 2, 0, 3;
    %store/vec4 v000002c472759560_0, 0, 3;
    %jmp T_1.11;
T_1.11 ;
    %pop/vec4 1;
    %jmp T_1.3;
T_1.0 ;
    %pushi/vec4 4, 0, 3;
    %store/vec4 v000002c472759560_0, 0, 3;
    %jmp T_1.3;
T_1.1 ;
    %pushi/vec4 6, 0, 3;
    %store/vec4 v000002c472759560_0, 0, 3;
    %jmp T_1.3;
T_1.3 ;
    %pop/vec4 1;
    %jmp T_1;
    .thread T_1, $push;
    .scope S_000002c4722b8cc0;
T_2 ;
    %vpi_call 7 13 "$readmemb", "DM.txt", v000002c472759600 {0 0 0};
    %end;
    .thread T_2;
    .scope S_000002c4722b8cc0;
T_3 ;
    %wait E_000002c472735390;
    %load/vec4 v000002c472759f60_0;
    %pad/u 32;
    %cmpi/e 1, 0, 32;
    %jmp/0xz  T_3.0, 4;
    %load/vec4 v000002c47275a640_0;
    %pad/u 32;
    %cmpi/e 0, 0, 32;
    %jmp/0xz  T_3.2, 4;
    %pushi/vec4 32, 0, 32;
    %load/vec4 v000002c47275a1e0_0;
    %add;
    %ix/vec4 4;
    %load/vec4a v000002c472759600, 4;
    %pushi/vec4 32, 0, 32;
    %load/vec4 v000002c47275a1e0_0;
    %add;
    %addi 1, 0, 32;
    %ix/vec4 4;
    %load/vec4a v000002c472759600, 4;
    %concat/vec4; draw_concat_vec4
    %pushi/vec4 32, 0, 32;
    %load/vec4 v000002c47275a1e0_0;
    %add;
    %addi 2, 0, 32;
    %ix/vec4 4;
    %load/vec4a v000002c472759600, 4;
    %concat/vec4; draw_concat_vec4
    %pushi/vec4 32, 0, 32;
    %load/vec4 v000002c47275a1e0_0;
    %add;
    %addi 3, 0, 32;
    %ix/vec4 4;
    %load/vec4a v000002c472759600, 4;
    %concat/vec4; draw_concat_vec4
    %store/vec4 v000002c47275a000_0, 0, 32;
    %jmp T_3.3;
T_3.2 ;
    %load/vec4 v000002c47275a1e0_0;
    %ix/load 5, 2, 0;
    %flag_set/imm 4, 0;
    %shiftl 5;
    %ix/vec4 4;
    %load/vec4a v000002c472759600, 4;
    %load/vec4 v000002c47275a1e0_0;
    %ix/load 5, 2, 0;
    %flag_set/imm 4, 0;
    %shiftl 5;
    %addi 1, 0, 32;
    %ix/vec4 4;
    %load/vec4a v000002c472759600, 4;
    %concat/vec4; draw_concat_vec4
    %load/vec4 v000002c47275a1e0_0;
    %ix/load 5, 2, 0;
    %flag_set/imm 4, 0;
    %shiftl 5;
    %addi 2, 0, 32;
    %ix/vec4 4;
    %load/vec4a v000002c472759600, 4;
    %concat/vec4; draw_concat_vec4
    %load/vec4 v000002c47275a1e0_0;
    %ix/load 5, 2, 0;
    %flag_set/imm 4, 0;
    %shiftl 5;
    %addi 3, 0, 32;
    %ix/vec4 4;
    %load/vec4a v000002c472759600, 4;
    %concat/vec4; draw_concat_vec4
    %store/vec4 v000002c47275a000_0, 0, 32;
T_3.3 ;
T_3.0 ;
    %load/vec4 v000002c47275a6e0_0;
    %pad/u 32;
    %cmpi/e 1, 0, 32;
    %jmp/0xz  T_3.4, 4;
    %load/vec4 v000002c47275a8c0_0;
    %parti/s 8, 24, 6;
    %load/vec4 v000002c47275a1e0_0;
    %ix/load 5, 2, 0;
    %flag_set/imm 4, 0;
    %shiftl 5;
    %ix/vec4 4;
    %store/vec4a v000002c472759600, 4, 0;
    %load/vec4 v000002c47275a8c0_0;
    %parti/s 8, 16, 6;
    %load/vec4 v000002c47275a1e0_0;
    %ix/load 5, 2, 0;
    %flag_set/imm 4, 0;
    %shiftl 5;
    %addi 1, 0, 32;
    %ix/vec4 4;
    %store/vec4a v000002c472759600, 4, 0;
    %load/vec4 v000002c47275a8c0_0;
    %parti/s 8, 8, 5;
    %load/vec4 v000002c47275a1e0_0;
    %ix/load 5, 2, 0;
    %flag_set/imm 4, 0;
    %shiftl 5;
    %addi 2, 0, 32;
    %ix/vec4 4;
    %store/vec4a v000002c472759600, 4, 0;
    %load/vec4 v000002c47275a8c0_0;
    %parti/s 8, 0, 2;
    %load/vec4 v000002c47275a1e0_0;
    %ix/load 5, 2, 0;
    %flag_set/imm 4, 0;
    %shiftl 5;
    %addi 3, 0, 32;
    %ix/vec4 4;
    %store/vec4a v000002c472759600, 4, 0;
    %vpi_func 7 28 "$fopen" 32, "DM.txt" {0 0 0};
    %store/vec4 v000002c47275a960_0, 0, 32;
    %pushi/vec4 0, 0, 32;
    %store/vec4 v000002c47275b040_0, 0, 32;
T_3.6 ;
    %load/vec4 v000002c47275b040_0;
    %cmpi/s 95, 0, 32;
    %flag_or 5, 4;
    %jmp/0xz T_3.7, 5;
    %vpi_call 7 30 "$fdisplay", v000002c47275a960_0, "%b", &A<v000002c472759600, v000002c47275b040_0 > {0 0 0};
    %load/vec4 v000002c47275b040_0;
    %pushi/vec4 4, 0, 32;
    %mod/s;
    %cmpi/e 3, 0, 32;
    %jmp/0xz  T_3.8, 4;
    %vpi_call 7 32 "$fdisplay", v000002c47275a960_0, "\000" {0 0 0};
T_3.8 ;
    %load/vec4 v000002c47275b040_0;
    %addi 1, 0, 32;
    %store/vec4 v000002c47275b040_0, 0, 32;
    %jmp T_3.6;
T_3.7 ;
    %vpi_call 7 34 "$fclose", v000002c47275a960_0 {0 0 0};
T_3.4 ;
    %jmp T_3;
    .thread T_3, $push;
    .scope S_000002c4722b8e50;
T_4 ;
    %wait E_000002c472735510;
    %load/vec4 v000002c47275a320_0;
    %pad/u 32;
    %cmpi/e 1, 0, 32;
    %jmp/0xz  T_4.0, 4;
    %load/vec4 v000002c47275ae60_0;
    %assign/vec4 v000002c472759740_0, 0;
T_4.0 ;
    %jmp T_4;
    .thread T_4, $push;
    .scope S_000002c4722b8e50;
T_5 ;
    %wait E_000002c472735750;
    %load/vec4 v000002c472759740_0;
    %parti/s 6, 26, 6;
    %assign/vec4 v000002c47275a820_0, 0;
    %load/vec4 v000002c472759740_0;
    %parti/s 5, 21, 6;
    %assign/vec4 v000002c4727591a0_0, 0;
    %load/vec4 v000002c472759740_0;
    %parti/s 5, 16, 6;
    %assign/vec4 v000002c47275a0a0_0, 0;
    %load/vec4 v000002c472759740_0;
    %parti/s 5, 11, 5;
    %assign/vec4 v000002c472759d80_0, 0;
    %load/vec4 v000002c472759740_0;
    %parti/s 5, 6, 4;
    %assign/vec4 v000002c47275a3c0_0, 0;
    %load/vec4 v000002c472759740_0;
    %parti/s 6, 0, 2;
    %assign/vec4 v000002c47275a460_0, 0;
    %load/vec4 v000002c472759740_0;
    %parti/s 16, 0, 2;
    %assign/vec4 v000002c472759ce0_0, 0;
    %load/vec4 v000002c472759740_0;
    %parti/s 26, 0, 2;
    %assign/vec4 v000002c47275a780_0, 0;
    %jmp T_5;
    .thread T_5;
    .scope S_000002c47228a540;
T_6 ;
    %pushi/vec4 0, 0, 32;
    %store/vec4 v000002c4727c60c0_0, 0, 32;
    %pushi/vec4 4, 0, 32;
    %store/vec4 v000002c4727c6fc0_0, 0, 32;
    %end;
    .thread T_6;
    .scope S_000002c47228a540;
T_7 ;
    %wait E_000002c472735750;
    %load/vec4 v000002c4727c7a60_0;
    %pad/u 32;
    %cmpi/e 0, 0, 32;
    %jmp/0xz  T_7.0, 4;
    %load/vec4 v000002c4727c6fc0_0;
    %assign/vec4 v000002c4727c60c0_0, 0;
T_7.0 ;
    %jmp T_7;
    .thread T_7;
    .scope S_000002c47228a540;
T_8 ;
    %wait E_000002c472735a10;
    %load/vec4 v000002c4727c7240_0;
    %pad/u 32;
    %cmpi/e 1, 0, 32;
    %jmp/0xz  T_8.0, 4;
    %load/vec4 v000002c4727c6160_0;
    %assign/vec4 v000002c4727c6fc0_0, 0;
T_8.0 ;
    %jmp T_8;
    .thread T_8;
    .scope S_000002c4727ca4d0;
T_9 ;
    %vpi_call 15 15 "$readmemb", "RF.txt", v000002c4727ce590 {0 0 0};
    %end;
    .thread T_9;
    .scope S_000002c4727ca4d0;
T_10 ;
    %wait E_000002c472735a10;
    %load/vec4 v000002c4727c5940_0;
    %pad/u 32;
    %cmpi/e 1, 0, 32;
    %jmp/0xz  T_10.0, 4;
    %load/vec4 v000002c4727c5a80_0;
    %parti/s 8, 24, 6;
    %load/vec4 v000002c4727c6b60_0;
    %ix/load 5, 2, 0;
    %flag_set/imm 4, 0;
    %shiftl 5;
    %pad/u 7;
    %ix/vec4 4;
    %store/vec4a v000002c4727ce590, 4, 0;
    %load/vec4 v000002c4727c5a80_0;
    %parti/s 8, 16, 6;
    %load/vec4 v000002c4727c6b60_0;
    %pad/u 32;
    %ix/load 5, 2, 0;
    %flag_set/imm 4, 0;
    %shiftl 5;
    %addi 1, 0, 32;
    %ix/vec4 4;
    %store/vec4a v000002c4727ce590, 4, 0;
    %load/vec4 v000002c4727c5a80_0;
    %parti/s 8, 8, 5;
    %load/vec4 v000002c4727c6b60_0;
    %pad/u 32;
    %ix/load 5, 2, 0;
    %flag_set/imm 4, 0;
    %shiftl 5;
    %addi 2, 0, 32;
    %ix/vec4 4;
    %store/vec4a v000002c4727ce590, 4, 0;
    %load/vec4 v000002c4727c5a80_0;
    %parti/s 8, 0, 2;
    %load/vec4 v000002c4727c6b60_0;
    %pad/u 32;
    %ix/load 5, 2, 0;
    %flag_set/imm 4, 0;
    %shiftl 5;
    %addi 3, 0, 32;
    %ix/vec4 4;
    %store/vec4a v000002c4727ce590, 4, 0;
T_10.0 ;
    %vpi_func 15 27 "$fopen" 32, "RF.txt" {0 0 0};
    %store/vec4 v000002c4727ccd30_0, 0, 32;
    %pushi/vec4 0, 0, 32;
    %store/vec4 v000002c4727cd550_0, 0, 32;
T_10.2 ;
    %load/vec4 v000002c4727cd550_0;
    %cmpi/s 32, 0, 32;
    %jmp/0xz T_10.3, 5;
    %vpi_call 15 29 "$fdisplay", v000002c4727ccd30_0, "%b", &A<v000002c4727ce590, v000002c4727cd550_0 > {0 0 0};
    %load/vec4 v000002c4727cd550_0;
    %pushi/vec4 4, 0, 32;
    %mod/s;
    %cmpi/e 3, 0, 32;
    %jmp/0xz  T_10.4, 4;
    %vpi_call 15 31 "$fdisplay", v000002c4727ccd30_0, "\000" {0 0 0};
T_10.4 ;
    %load/vec4 v000002c4727cd550_0;
    %addi 1, 0, 32;
    %store/vec4 v000002c4727cd550_0, 0, 32;
    %jmp T_10.2;
T_10.3 ;
    %vpi_call 15 33 "$fclose", v000002c4727ccd30_0 {0 0 0};
    %jmp T_10;
    .thread T_10;
    .scope S_000002c4727c9b70;
T_11 ;
    %pushi/vec4 0, 0, 4;
    %store/vec4 v000002c4727cde10_0, 0, 4;
    %delay 10000, 0;
    %end;
    .thread T_11;
    .scope S_000002c4727c9b70;
T_12 ;
    %wait E_000002c472735750;
    %load/vec4 v000002c4727cec70_0;
    %assign/vec4 v000002c4727cde10_0, 0;
    %jmp T_12;
    .thread T_12;
    .scope S_000002c47228a6d0;
T_13 ;
    %wait E_000002c472735750;
    %load/vec4 v000002c4727c67a0_0;
    %assign/vec4 v000002c4727c6980_0, 0;
    %jmp T_13;
    .thread T_13;
    .scope S_000002c4727c96c0;
T_14 ;
    %wait E_000002c472735750;
    %load/vec4 v000002c4727c7c40_0;
    %assign/vec4 v000002c4727c6ca0_0, 0;
    %jmp T_14;
    .thread T_14;
    .scope S_000002c4722bb9f0;
T_15 ;
    %wait E_000002c472735750;
    %load/vec4 v000002c47275aa00_0;
    %assign/vec4 v000002c4727596a0_0, 0;
    %jmp T_15;
    .thread T_15;
    .scope S_000002c4722bbef0;
T_16 ;
    %wait E_000002c472735750;
    %load/vec4 v000002c4727c4c70_0;
    %assign/vec4 v000002c4727c44f0_0, 0;
    %jmp T_16;
    .thread T_16;
    .scope S_000002c47276f1c0;
T_17 ;
    %vpi_call 2 10 "$dumpfile", "./build/tmp.vcd" {0 0 0};
    %vpi_call 2 11 "$dumpvars", 32'sb00000000000000000000000000000000, S_000002c47276f1c0 {0 0 0};
    %pushi/vec4 0, 0, 1;
    %store/vec4 v000002c4727d21e0_0, 0, 1;
    %pushi/vec4 1, 0, 1;
    %store/vec4 v000002c4727d1100_0, 0, 1;
    %delay 5000, 0;
    %pushi/vec4 0, 0, 1;
    %store/vec4 v000002c4727d1100_0, 0, 1;
    %pushi/vec4 0, 0, 32;
    %store/vec4 v000002c4727d17e0_0, 0, 32;
T_17.0 ;
    %load/vec4 v000002c4727d17e0_0;
    %cmpi/s 128, 0, 32;
    %jmp/0xz T_17.1, 5;
    %load/vec4 v000002c4727d21e0_0;
    %inv;
    %store/vec4 v000002c4727d21e0_0, 0, 1;
    %delay 5000, 0;
    %load/vec4 v000002c4727d17e0_0;
    %addi 1, 0, 32;
    %store/vec4 v000002c4727d17e0_0, 0, 32;
    %jmp T_17.0;
T_17.1 ;
    %vpi_call 2 20 "$finish" {0 0 0};
    %end;
    .thread T_17;
# The file index is used to find the file name in the following table.
:file_names 20;
    "N/A";
    "<interactive>";
    "./src/Multi_tb.v";
    "./src/Multi.v";
    "./src/TmpR.v";
    "./src/ALU.v";
    "./src/ALUCU.v";
    "./src/DM.v";
    "./src/IR.v";
    "./src/MCU.v";
    "./src/MDR.v";
    "./src/MUX32_2.v";
    "./src/MUX32_4.v";
    "./src/MUX5.v";
    "./src/PC.v";
    "./src/RF.v";
    "./src/SHL2_26.v";
    "./src/SHL2_32.v";
    "./src/SigExt.v";
    "./src/SR.v";
