#! /c/Source/iverilog-install/bin/vvp
:ivl_version "12.0 (devel)" "(s20150603-1539-g2693dd32b)";
:ivl_delay_selection "TYPICAL";
:vpi_time_precision - 12;
:vpi_module "D:\iverilog\lib\ivl\system.vpi";
:vpi_module "D:\iverilog\lib\ivl\vhdl_sys.vpi";
:vpi_module "D:\iverilog\lib\ivl\vhdl_textio.vpi";
:vpi_module "D:\iverilog\lib\ivl\v2005_math.vpi";
:vpi_module "D:\iverilog\lib\ivl\va_math.vpi";
S_0000020191bf89f0 .scope module, "Single_tb" "Single_tb" 2 2;
 .timescale -9 -12;
v0000020191fd7090_0 .var "clk", 0 0;
v0000020191fd7130_0 .var/i "i", 31 0;
v0000020191fd7bd0_0 .var "reset", 0 0;
S_0000020191bc8f50 .scope module, "Single" "Single" 2 7, 3 2 0, S_0000020191bf89f0;
 .timescale -9 -12;
    .port_info 0 /INPUT 1 "clk";
    .port_info 1 /INPUT 1 "reset";
L_0000020191bc9880 .functor BUFZ 32, v0000020191c3d1d0_0, C4<00000000000000000000000000000000>, C4<00000000000000000000000000000000>, C4<00000000000000000000000000000000>;
L_0000020191bc9960 .functor BUFZ 32, L_0000020191fd7c70, C4<00000000000000000000000000000000>, C4<00000000000000000000000000000000>, C4<00000000000000000000000000000000>;
L_0000020191bc9c00 .functor BUFZ 32, L_0000020191fd93c0, C4<00000000000000000000000000000000>, C4<00000000000000000000000000000000>, C4<00000000000000000000000000000000>;
L_0000020191bc9ea0 .functor BUFZ 32, L_0000020191bc9f10, C4<00000000000000000000000000000000>, C4<00000000000000000000000000000000>, C4<00000000000000000000000000000000>;
L_0000020192033450 .functor BUFZ 32, L_0000020191fda720, C4<00000000000000000000000000000000>, C4<00000000000000000000000000000000>, C4<00000000000000000000000000000000>;
L_0000020192033680 .functor BUFZ 3, v0000020191bf9420_0, C4<000>, C4<000>, C4<000>;
L_0000020192033ca0 .functor BUFZ 6, L_0000020191fd9a00, C4<000000>, C4<000000>, C4<000000>;
L_00000201920337d0 .functor BUFZ 32, v0000020191bf9b00_0, C4<00000000000000000000000000000000>, C4<00000000000000000000000000000000>, C4<00000000000000000000000000000000>;
L_0000020192033760 .functor BUFZ 32, L_0000020191bca0d0, C4<00000000000000000000000000000000>, C4<00000000000000000000000000000000>, C4<00000000000000000000000000000000>;
L_00000201920331b0 .functor BUFZ 1, v0000020191bf9e20_0, C4<0>, C4<0>, C4<0>;
L_0000020192033d80 .functor BUFZ 1, v0000020191bf9ec0_0, C4<0>, C4<0>, C4<0>;
L_0000020192033ed0 .functor BUFZ 32, v0000020191c3d1d0_0, C4<00000000000000000000000000000000>, C4<00000000000000000000000000000000>, C4<00000000000000000000000000000000>;
L_0000020192033530 .functor BUFZ 1, v0000020191bfa640_0, C4<0>, C4<0>, C4<0>;
L_0000020192033d10 .functor BUFZ 5, L_0000020191fdad60, C4<00000>, C4<00000>, C4<00000>;
L_0000020192033a70 .functor BUFZ 5, L_0000020191fd9f00, C4<00000>, C4<00000>, C4<00000>;
L_0000020192033920 .functor BUFZ 1, v0000020191bf9ce0_0, C4<0>, C4<0>, C4<0>;
L_00000201920335a0 .functor BUFZ 32, L_0000020191fdaa40, C4<00000000000000000000000000000000>, C4<00000000000000000000000000000000>, C4<00000000000000000000000000000000>;
L_00000201920334c0 .functor AND 1, v0000020191bf9c40_0, v0000020191bf9d80_0, C4<1>, C4<1>;
L_0000020192033df0 .functor BUFZ 32, L_0000020191fd7c70, C4<00000000000000000000000000000000>, C4<00000000000000000000000000000000>, C4<00000000000000000000000000000000>;
L_0000020192033bc0 .functor BUFZ 32, L_0000020191fd7d10, C4<00000000000000000000000000000000>, C4<00000000000000000000000000000000>, C4<00000000000000000000000000000000>;
L_0000020192033ae0 .functor BUFZ 1, v0000020191bfa0a0_0, C4<0>, C4<0>, C4<0>;
L_0000020192033f40 .functor BUFZ 32, L_0000020191bca0d0, C4<00000000000000000000000000000000>, C4<00000000000000000000000000000000>, C4<00000000000000000000000000000000>;
L_0000020192033fb0 .functor BUFZ 32, L_0000020191fda220, C4<00000000000000000000000000000000>, C4<00000000000000000000000000000000>, C4<00000000000000000000000000000000>;
L_0000020192033c30 .functor BUFZ 1, v0000020191bfa140_0, C4<0>, C4<0>, C4<0>;
L_00000201920330d0 .functor BUFZ 32, v0000020191bf9b00_0, C4<00000000000000000000000000000000>, C4<00000000000000000000000000000000>, C4<00000000000000000000000000000000>;
L_00000201920336f0 .functor BUFZ 32, v0000020191bf9740_0, C4<00000000000000000000000000000000>, C4<00000000000000000000000000000000>, C4<00000000000000000000000000000000>;
L_0000020192033b50 .functor BUFZ 32, L_0000020191fd9460, C4<00000000000000000000000000000000>, C4<00000000000000000000000000000000>, C4<00000000000000000000000000000000>;
L_0000020192033140 .functor BUFZ 1, v0000020191bfa280_0, C4<0>, C4<0>, C4<0>;
L_0000020192033840 .functor BUFZ 32, L_0000020191fd9be0, C4<00000000000000000000000000000000>, C4<00000000000000000000000000000000>, C4<00000000000000000000000000000000>;
L_0000020192033990 .functor BUFZ 5, L_0000020191fda540, C4<00000>, C4<00000>, C4<00000>;
L_0000020192033a00 .functor BUFZ 5, L_0000020191fdacc0, C4<00000>, C4<00000>, C4<00000>;
L_0000020192033610 .functor BUFZ 5, L_0000020191fdad60, C4<00000>, C4<00000>, C4<00000>;
L_00000201920338b0 .functor BUFZ 26, L_0000020191fd9b40, C4<00000000000000000000000000>, C4<00000000000000000000000000>, C4<00000000000000000000000000>;
L_0000020192033e60 .functor BUFZ 32, L_0000020191fda220, C4<00000000000000000000000000000000>, C4<00000000000000000000000000000000>, C4<00000000000000000000000000000000>;
L_0000020192033220 .functor BUFZ 16, L_0000020191fda900, C4<0000000000000000>, C4<0000000000000000>, C4<0000000000000000>;
v0000020191fd2e20_0 .net "ALUCU_funct", 5 0, L_0000020192033ca0;  1 drivers
v0000020191fd3320_0 .net "ALUCtrl", 2 0, v0000020191bf9420_0;  1 drivers
v0000020191fd2ec0_0 .net "ALUOp", 1 0, v0000020191bf9ba0_0;  1 drivers
v0000020191fd3500_0 .net "ALUSrc", 0 0, v0000020191bfa0a0_0;  1 drivers
v0000020191fd31e0_0 .net "ALU_a", 31 0, L_0000020191bc9ea0;  1 drivers
v0000020191fd3dc0_0 .net "ALU_b", 31 0, L_0000020192033450;  1 drivers
v0000020191fd2600_0 .net "ALU_c", 31 0, v0000020191bf9b00_0;  1 drivers
v0000020191fd2560_0 .net "ALU_mod", 2 0, L_0000020192033680;  1 drivers
v0000020191fd2060_0 .net "ALU_o", 0 0, v0000020191bf8fc0_0;  1 drivers
v0000020191fd3640_0 .net "ALU_z", 0 0, v0000020191bf9d80_0;  1 drivers
L_0000020191fdb4a0 .functor BUFT 1, C4<00000000000000000000000000000100>, C4<0>, C4<0>, C4<0>;
v0000020191fd36e0_0 .net "Add1_a", 31 0, L_0000020191fdb4a0;  1 drivers
v0000020191fd27e0_0 .net "Add1_b", 31 0, L_0000020191bc9880;  1 drivers
v0000020191fd3b40_0 .net "Add1_c", 31 0, L_0000020191fd7c70;  1 drivers
v0000020191fd2880_0 .net "Add2_a", 31 0, L_0000020191bc9960;  1 drivers
v0000020191fd29c0_0 .net "Add2_b", 31 0, L_0000020191bc9c00;  1 drivers
v0000020191fd3780_0 .net "Add2_c", 31 0, L_0000020191fd7d10;  1 drivers
v0000020191fd3be0_0 .net "Addr26", 25 0, L_0000020191fd9b40;  1 drivers
v0000020191fd2ce0_0 .net "Branch", 0 0, v0000020191bf9c40_0;  1 drivers
v0000020191fd2100_0 .net "DM_Addr", 31 0, L_00000201920337d0;  1 drivers
v0000020191fd2c40_0 .net "DM_R", 0 0, L_00000201920331b0;  1 drivers
v0000020191fd21a0_0 .net "DM_R_data", 31 0, v0000020191bf9740_0;  1 drivers
v0000020191fd2f60_0 .net "DM_W", 0 0, L_0000020192033d80;  1 drivers
v0000020191fd2420_0 .net "DM_W_data", 31 0, L_0000020192033760;  1 drivers
v0000020191fd3000_0 .net "Func", 5 0, L_0000020191fd9a00;  1 drivers
v0000020191fd22e0_0 .net "Imm16", 15 0, L_0000020191fda900;  1 drivers
v0000020191fd3c80_0 .net "Inst_Addr", 31 0, L_0000020192033ed0;  1 drivers
v0000020191fd3e60_0 .net "Jump", 0 0, v0000020191bf9ce0_0;  1 drivers
v0000020191fd3f00_0 .net "MUX32_1_c", 0 0, L_0000020192033920;  1 drivers
v0000020191fd2240_0 .net "MUX32_1_i0", 31 0, L_00000201920335a0;  1 drivers
v0000020191fd2a60_0 .net "MUX32_1_i1", 31 0, L_0000020191fda400;  1 drivers
v0000020191fd2b00_0 .net "MUX32_1_out", 31 0, L_0000020191fd9460;  1 drivers
v0000020191fd2ba0_0 .net "MUX32_2_c", 0 0, L_00000201920334c0;  1 drivers
v0000020191fd7db0_0 .net "MUX32_2_i0", 31 0, L_0000020192033df0;  1 drivers
v0000020191fd8990_0 .net "MUX32_2_i1", 31 0, L_0000020192033bc0;  1 drivers
v0000020191fd8490_0 .net "MUX32_2_out", 31 0, L_0000020191fdaa40;  1 drivers
v0000020191fd8710_0 .net "MUX32_3_c", 0 0, L_0000020192033ae0;  1 drivers
v0000020191fd7e50_0 .net "MUX32_3_i0", 31 0, L_0000020192033f40;  1 drivers
v0000020191fd7810_0 .net "MUX32_3_i1", 31 0, L_0000020192033fb0;  1 drivers
v0000020191fd7310_0 .net "MUX32_3_out", 31 0, L_0000020191fda720;  1 drivers
v0000020191fd7450_0 .net "MUX32_4_c", 0 0, L_0000020192033c30;  1 drivers
v0000020191fd8df0_0 .net "MUX32_4_i0", 31 0, L_00000201920330d0;  1 drivers
v0000020191fd8b70_0 .net "MUX32_4_i1", 31 0, L_00000201920336f0;  1 drivers
v0000020191fd8c10_0 .net "MUX32_4_out", 31 0, L_0000020191fd9be0;  1 drivers
v0000020191fd7270_0 .net "MUX5_c", 0 0, L_0000020192033530;  1 drivers
v0000020191fd82b0_0 .net "MUX5_i0", 4 0, L_0000020192033d10;  1 drivers
v0000020191fd7770_0 .net "MUX5_i1", 4 0, L_0000020192033a70;  1 drivers
v0000020191fd73b0_0 .net "MUX5_out", 4 0, L_0000020191fda540;  1 drivers
v0000020191fd74f0_0 .net "MemRd", 0 0, v0000020191bf9e20_0;  1 drivers
v0000020191fd7ef0_0 .net "MemWr", 0 0, v0000020191bf9ec0_0;  1 drivers
v0000020191fd7a90_0 .net "MemtoReg", 0 0, v0000020191bfa140_0;  1 drivers
v0000020191fd71d0_0 .net "OP_Code", 5 0, L_0000020191fd9960;  1 drivers
v0000020191fd8cb0_0 .net "PC_in", 31 0, L_0000020192033b50;  1 drivers
v0000020191fd8850_0 .net "PC_out", 31 0, v0000020191c3d1d0_0;  1 drivers
v0000020191fd7590_0 .net "RF_R_Reg1", 4 0, L_0000020192033a00;  1 drivers
v0000020191fd8030_0 .net "RF_R_Reg2", 4 0, L_0000020192033610;  1 drivers
v0000020191fd8a30_0 .net "RF_R_data1", 31 0, L_0000020191bc9f10;  1 drivers
v0000020191fd80d0_0 .net "RF_R_data2", 31 0, L_0000020191bca0d0;  1 drivers
v0000020191fd78b0_0 .net "RF_W", 0 0, L_0000020192033140;  1 drivers
v0000020191fd8170_0 .net "RF_W_Reg", 4 0, L_0000020192033990;  1 drivers
v0000020191fd8350_0 .net "RF_W_data", 31 0, L_0000020192033840;  1 drivers
v0000020191fd8530_0 .net "Rd", 4 0, L_0000020191fd9f00;  1 drivers
v0000020191fd87b0_0 .net "RegDst", 0 0, v0000020191bfa640_0;  1 drivers
v0000020191fd7f90_0 .net "RegWr", 0 0, v0000020191bfa280_0;  1 drivers
v0000020191fd8ad0_0 .net "Rs", 4 0, L_0000020191fdacc0;  1 drivers
v0000020191fd8210_0 .net "Rt", 4 0, L_0000020191fdad60;  1 drivers
v0000020191fd88f0_0 .net "SHL26_in", 25 0, L_00000201920338b0;  1 drivers
v0000020191fd7630_0 .net "SHL26_out", 27 0, L_0000020191fdaf40;  1 drivers
v0000020191fd8d50_0 .net "SHL32_in", 31 0, L_0000020192033e60;  1 drivers
v0000020191fd83f0_0 .net "SHL32_out", 31 0, L_0000020191fd93c0;  1 drivers
v0000020191fd76d0_0 .net "Shamt", 4 0, L_0000020191fd9d20;  1 drivers
v0000020191fd7950_0 .net "Sig16", 15 0, L_0000020192033220;  1 drivers
v0000020191fd79f0_0 .net "Sig32", 31 0, L_0000020191fda220;  1 drivers
v0000020191fd85d0_0 .net *"_ivl_37", 3 0, L_0000020191fd9500;  1 drivers
v0000020191fd8670_0 .net *"_ivl_38", 3 0, L_0000020191fda360;  1 drivers
v0000020191fd8e90_0 .net *"_ivl_40", 27 0, L_0000020191fdae00;  1 drivers
v0000020191fd7b30_0 .net "clk", 0 0, v0000020191fd7090_0;  1 drivers
v0000020191fd8f30_0 .net "reset", 0 0, v0000020191fd7bd0_0;  1 drivers
L_0000020191fd9500 .part L_0000020191fd7c70, 28, 4;
L_0000020191fda360 .concat [ 4 0 0 0], L_0000020191fd9500;
L_0000020191fdae00 .concat [ 28 0 0 0], L_0000020191fdaf40;
L_0000020191fda400 .concat [ 28 4 0 0], L_0000020191fdae00, L_0000020191fda360;
S_0000020191bc90e0 .scope module, "add1" "ADD" 3 30, 4 2 0, S_0000020191bc8f50;
 .timescale -9 -12;
    .port_info 0 /INPUT 32 "a";
    .port_info 1 /INPUT 32 "b";
    .port_info 2 /OUTPUT 32 "c";
v0000020191bf9100_0 .net "a", 31 0, L_0000020191fdb4a0;  alias, 1 drivers
v0000020191bfac80_0 .net "b", 31 0, L_0000020191bc9880;  alias, 1 drivers
v0000020191bf9f60_0 .net "c", 31 0, L_0000020191fd7c70;  alias, 1 drivers
L_0000020191fd7c70 .arith/sum 32, L_0000020191fdb4a0, L_0000020191bc9880;
S_0000020191bb1af0 .scope module, "add2" "ADD" 3 30, 4 2 0, S_0000020191bc8f50;
 .timescale -9 -12;
    .port_info 0 /INPUT 32 "a";
    .port_info 1 /INPUT 32 "b";
    .port_info 2 /OUTPUT 32 "c";
v0000020191bfa960_0 .net "a", 31 0, L_0000020191bc9960;  alias, 1 drivers
v0000020191bfaa00_0 .net "b", 31 0, L_0000020191bc9c00;  alias, 1 drivers
v0000020191bf9380_0 .net "c", 31 0, L_0000020191fd7d10;  alias, 1 drivers
L_0000020191fd7d10 .arith/sum 32, L_0000020191bc9960, L_0000020191bc9c00;
S_0000020191bb1c80 .scope module, "alu" "ALU" 3 31, 5 2 0, S_0000020191bc8f50;
 .timescale -9 -12;
    .port_info 0 /INPUT 32 "a";
    .port_info 1 /INPUT 32 "b";
    .port_info 2 /OUTPUT 32 "out";
    .port_info 3 /INPUT 3 "mod";
    .port_info 4 /OUTPUT 1 "zero";
    .port_info 5 /OUTPUT 1 "overflow";
v0000020191bfabe0_0 .net "a", 31 0, L_0000020191bc9ea0;  alias, 1 drivers
v0000020191bfad20_0 .net "b", 31 0, L_0000020192033450;  alias, 1 drivers
v0000020191bfab40_0 .net "mod", 2 0, L_0000020192033680;  alias, 1 drivers
v0000020191bf9b00_0 .var "out", 31 0;
v0000020191bf8fc0_0 .var "overflow", 0 0;
v0000020191bf9d80_0 .var "zero", 0 0;
E_0000020191bda350 .event anyedge, v0000020191bfab40_0, v0000020191bfabe0_0, v0000020191bfad20_0, v0000020191bf9b00_0;
S_0000020191bada40 .scope module, "alucu" "ALUCU" 3 32, 6 2 0, S_0000020191bc8f50;
 .timescale -9 -12;
    .port_info 0 /INPUT 2 "ALUOp";
    .port_info 1 /INPUT 6 "funct";
    .port_info 2 /OUTPUT 3 "ALUCtrl";
v0000020191bf9420_0 .var "ALUCtrl", 2 0;
v0000020191bfa3c0_0 .net "ALUOp", 1 0, v0000020191bf9ba0_0;  alias, 1 drivers
v0000020191bfa8c0_0 .net "funct", 5 0, L_0000020192033ca0;  alias, 1 drivers
E_0000020191bd9ad0 .event anyedge, v0000020191bfa3c0_0, v0000020191bfa8c0_0;
S_0000020191badbd0 .scope module, "dm" "DM" 3 33, 7 2 0, S_0000020191bc8f50;
 .timescale -9 -12;
    .port_info 0 /INPUT 1 "R";
    .port_info 1 /INPUT 1 "W";
    .port_info 2 /INPUT 32 "Addr";
    .port_info 3 /INPUT 32 "W_data";
    .port_info 4 /OUTPUT 32 "R_data";
v0000020191bf91a0_0 .net "Addr", 31 0, L_00000201920337d0;  alias, 1 drivers
v0000020191bf96a0_0 .net "R", 0 0, L_00000201920331b0;  alias, 1 drivers
v0000020191bf9740_0 .var "R_data", 31 0;
v0000020191bfaaa0_0 .net "W", 0 0, L_0000020192033d80;  alias, 1 drivers
v0000020191bf8f20_0 .net "W_data", 31 0, L_0000020192033760;  alias, 1 drivers
v0000020191bfa5a0_0 .var/i "fd1", 31 0;
v0000020191bf94c0_0 .var/i "i", 31 0;
v0000020191bf9560 .array "mem", 31 0, 31 0;
v0000020191bf9560_0 .array/port v0000020191bf9560, 0;
v0000020191bf9560_1 .array/port v0000020191bf9560, 1;
E_0000020191bda510/0 .event anyedge, v0000020191bf96a0_0, v0000020191bf91a0_0, v0000020191bf9560_0, v0000020191bf9560_1;
v0000020191bf9560_2 .array/port v0000020191bf9560, 2;
v0000020191bf9560_3 .array/port v0000020191bf9560, 3;
v0000020191bf9560_4 .array/port v0000020191bf9560, 4;
v0000020191bf9560_5 .array/port v0000020191bf9560, 5;
E_0000020191bda510/1 .event anyedge, v0000020191bf9560_2, v0000020191bf9560_3, v0000020191bf9560_4, v0000020191bf9560_5;
v0000020191bf9560_6 .array/port v0000020191bf9560, 6;
v0000020191bf9560_7 .array/port v0000020191bf9560, 7;
v0000020191bf9560_8 .array/port v0000020191bf9560, 8;
v0000020191bf9560_9 .array/port v0000020191bf9560, 9;
E_0000020191bda510/2 .event anyedge, v0000020191bf9560_6, v0000020191bf9560_7, v0000020191bf9560_8, v0000020191bf9560_9;
v0000020191bf9560_10 .array/port v0000020191bf9560, 10;
v0000020191bf9560_11 .array/port v0000020191bf9560, 11;
v0000020191bf9560_12 .array/port v0000020191bf9560, 12;
v0000020191bf9560_13 .array/port v0000020191bf9560, 13;
E_0000020191bda510/3 .event anyedge, v0000020191bf9560_10, v0000020191bf9560_11, v0000020191bf9560_12, v0000020191bf9560_13;
v0000020191bf9560_14 .array/port v0000020191bf9560, 14;
v0000020191bf9560_15 .array/port v0000020191bf9560, 15;
v0000020191bf9560_16 .array/port v0000020191bf9560, 16;
v0000020191bf9560_17 .array/port v0000020191bf9560, 17;
E_0000020191bda510/4 .event anyedge, v0000020191bf9560_14, v0000020191bf9560_15, v0000020191bf9560_16, v0000020191bf9560_17;
v0000020191bf9560_18 .array/port v0000020191bf9560, 18;
v0000020191bf9560_19 .array/port v0000020191bf9560, 19;
v0000020191bf9560_20 .array/port v0000020191bf9560, 20;
v0000020191bf9560_21 .array/port v0000020191bf9560, 21;
E_0000020191bda510/5 .event anyedge, v0000020191bf9560_18, v0000020191bf9560_19, v0000020191bf9560_20, v0000020191bf9560_21;
v0000020191bf9560_22 .array/port v0000020191bf9560, 22;
v0000020191bf9560_23 .array/port v0000020191bf9560, 23;
v0000020191bf9560_24 .array/port v0000020191bf9560, 24;
v0000020191bf9560_25 .array/port v0000020191bf9560, 25;
E_0000020191bda510/6 .event anyedge, v0000020191bf9560_22, v0000020191bf9560_23, v0000020191bf9560_24, v0000020191bf9560_25;
v0000020191bf9560_26 .array/port v0000020191bf9560, 26;
v0000020191bf9560_27 .array/port v0000020191bf9560, 27;
v0000020191bf9560_28 .array/port v0000020191bf9560, 28;
v0000020191bf9560_29 .array/port v0000020191bf9560, 29;
E_0000020191bda510/7 .event anyedge, v0000020191bf9560_26, v0000020191bf9560_27, v0000020191bf9560_28, v0000020191bf9560_29;
v0000020191bf9560_30 .array/port v0000020191bf9560, 30;
v0000020191bf9560_31 .array/port v0000020191bf9560, 31;
E_0000020191bda510/8 .event anyedge, v0000020191bf9560_30, v0000020191bf9560_31, v0000020191bfaaa0_0, v0000020191bf8f20_0;
E_0000020191bda510/9 .event anyedge, v0000020191bfa5a0_0;
E_0000020191bda510 .event/or E_0000020191bda510/0, E_0000020191bda510/1, E_0000020191bda510/2, E_0000020191bda510/3, E_0000020191bda510/4, E_0000020191bda510/5, E_0000020191bda510/6, E_0000020191bda510/7, E_0000020191bda510/8, E_0000020191bda510/9;
S_0000020191bac500 .scope module, "im" "IM" 3 34, 8 2 0, S_0000020191bc8f50;
 .timescale -9 -12;
    .port_info 0 /INPUT 32 "Addr";
    .port_info 1 /OUTPUT 6 "OP_Code";
    .port_info 2 /OUTPUT 5 "Rs";
    .port_info 3 /OUTPUT 5 "Rt";
    .port_info 4 /OUTPUT 5 "Rd";
    .port_info 5 /OUTPUT 5 "Shamt";
    .port_info 6 /OUTPUT 6 "Func";
    .port_info 7 /OUTPUT 16 "Imm16";
    .port_info 8 /OUTPUT 26 "Addr26";
v0000020191bf9060_0 .net "Addr", 31 0, L_0000020192033ed0;  alias, 1 drivers
v0000020191bfa820_0 .net "Addr26", 25 0, L_0000020191fd9b40;  alias, 1 drivers
v0000020191bf97e0_0 .net "Func", 5 0, L_0000020191fd9a00;  alias, 1 drivers
v0000020191bf9240_0 .net "Imm16", 15 0, L_0000020191fda900;  alias, 1 drivers
v0000020191bf9880_0 .var "Inst", 31 0;
v0000020191bfa000_0 .net "OP_Code", 5 0, L_0000020191fd9960;  alias, 1 drivers
v0000020191bf9920_0 .net "Rd", 4 0, L_0000020191fd9f00;  alias, 1 drivers
v0000020191bf92e0_0 .net "Rs", 4 0, L_0000020191fdacc0;  alias, 1 drivers
v0000020191bf9600_0 .net "Rt", 4 0, L_0000020191fdad60;  alias, 1 drivers
v0000020191bf99c0_0 .net "Shamt", 4 0, L_0000020191fd9d20;  alias, 1 drivers
v0000020191bf9a60 .array "mem", 9 0, 31 0;
v0000020191bf9a60_0 .array/port v0000020191bf9a60, 0;
v0000020191bf9a60_1 .array/port v0000020191bf9a60, 1;
v0000020191bf9a60_2 .array/port v0000020191bf9a60, 2;
E_0000020191bda550/0 .event anyedge, v0000020191bf9060_0, v0000020191bf9a60_0, v0000020191bf9a60_1, v0000020191bf9a60_2;
v0000020191bf9a60_3 .array/port v0000020191bf9a60, 3;
v0000020191bf9a60_4 .array/port v0000020191bf9a60, 4;
v0000020191bf9a60_5 .array/port v0000020191bf9a60, 5;
v0000020191bf9a60_6 .array/port v0000020191bf9a60, 6;
E_0000020191bda550/1 .event anyedge, v0000020191bf9a60_3, v0000020191bf9a60_4, v0000020191bf9a60_5, v0000020191bf9a60_6;
v0000020191bf9a60_7 .array/port v0000020191bf9a60, 7;
v0000020191bf9a60_8 .array/port v0000020191bf9a60, 8;
v0000020191bf9a60_9 .array/port v0000020191bf9a60, 9;
E_0000020191bda550/2 .event anyedge, v0000020191bf9a60_7, v0000020191bf9a60_8, v0000020191bf9a60_9;
E_0000020191bda550 .event/or E_0000020191bda550/0, E_0000020191bda550/1, E_0000020191bda550/2;
L_0000020191fd9960 .part v0000020191bf9880_0, 26, 6;
L_0000020191fdacc0 .part v0000020191bf9880_0, 21, 5;
L_0000020191fdad60 .part v0000020191bf9880_0, 16, 5;
L_0000020191fd9f00 .part v0000020191bf9880_0, 11, 5;
L_0000020191fd9d20 .part v0000020191bf9880_0, 6, 5;
L_0000020191fd9a00 .part v0000020191bf9880_0, 0, 6;
L_0000020191fda900 .part v0000020191bf9880_0, 0, 16;
L_0000020191fd9b40 .part v0000020191bf9880_0, 0, 26;
S_0000020191bac690 .scope module, "mcu" "MCU" 3 35, 9 2 0, S_0000020191bc8f50;
 .timescale -9 -12;
    .port_info 0 /INPUT 6 "OP_Code";
    .port_info 1 /OUTPUT 2 "ALUOp";
    .port_info 2 /OUTPUT 1 "ALUSrc";
    .port_info 3 /OUTPUT 1 "RegDst";
    .port_info 4 /OUTPUT 1 "RegWr";
    .port_info 5 /OUTPUT 1 "MemtoReg";
    .port_info 6 /OUTPUT 1 "MemRd";
    .port_info 7 /OUTPUT 1 "MemWr";
    .port_info 8 /OUTPUT 1 "Jump";
    .port_info 9 /OUTPUT 1 "Branch";
v0000020191bf9ba0_0 .var "ALUOp", 1 0;
v0000020191bfa0a0_0 .var "ALUSrc", 0 0;
v0000020191bf9c40_0 .var "Branch", 0 0;
v0000020191bf9ce0_0 .var "Jump", 0 0;
v0000020191bf9e20_0 .var "MemRd", 0 0;
v0000020191bf9ec0_0 .var "MemWr", 0 0;
v0000020191bfa140_0 .var "MemtoReg", 0 0;
v0000020191bfa1e0_0 .net "OP_Code", 5 0, L_0000020191fd9960;  alias, 1 drivers
v0000020191bfa640_0 .var "RegDst", 0 0;
v0000020191bfa280_0 .var "RegWr", 0 0;
E_0000020191bd9c90 .event anyedge, v0000020191bfa000_0;
S_0000020191babfd0 .scope module, "mux32_1" "MUX32" 3 37, 10 2 0, S_0000020191bc8f50;
 .timescale -9 -12;
    .port_info 0 /INPUT 1 "Ctrl";
    .port_info 1 /INPUT 32 "i0";
    .port_info 2 /INPUT 32 "i1";
    .port_info 3 /OUTPUT 32 "out";
v0000020191bfa320_0 .net "Ctrl", 0 0, L_0000020192033920;  alias, 1 drivers
v0000020191bfa460_0 .net *"_ivl_0", 31 0, L_0000020191fda4a0;  1 drivers
L_0000020191fdb0f8 .functor BUFT 1, C4<0000000000000000000000000000000>, C4<0>, C4<0>, C4<0>;
v0000020191bfa500_0 .net *"_ivl_3", 30 0, L_0000020191fdb0f8;  1 drivers
L_0000020191fdb140 .functor BUFT 1, C4<00000000000000000000000000000000>, C4<0>, C4<0>, C4<0>;
v0000020191bfa6e0_0 .net/2u *"_ivl_4", 31 0, L_0000020191fdb140;  1 drivers
v0000020191bfa780_0 .net *"_ivl_6", 0 0, L_0000020191fd98c0;  1 drivers
v0000020191c3d450_0 .net "i0", 31 0, L_00000201920335a0;  alias, 1 drivers
v0000020191c3d770_0 .net "i1", 31 0, L_0000020191fda400;  alias, 1 drivers
v0000020191c3c5f0_0 .net "out", 31 0, L_0000020191fd9460;  alias, 1 drivers
L_0000020191fda4a0 .concat [ 1 31 0 0], L_0000020192033920, L_0000020191fdb0f8;
L_0000020191fd98c0 .cmp/eq 32, L_0000020191fda4a0, L_0000020191fdb140;
L_0000020191fd9460 .functor MUXZ 32, L_0000020191fda400, L_00000201920335a0, L_0000020191fd98c0, C4<>;
S_0000020191bac160 .scope module, "mux32_2" "MUX32" 3 38, 10 2 0, S_0000020191bc8f50;
 .timescale -9 -12;
    .port_info 0 /INPUT 1 "Ctrl";
    .port_info 1 /INPUT 32 "i0";
    .port_info 2 /INPUT 32 "i1";
    .port_info 3 /OUTPUT 32 "out";
v0000020191c3d130_0 .net "Ctrl", 0 0, L_00000201920334c0;  alias, 1 drivers
v0000020191c3c0f0_0 .net *"_ivl_0", 31 0, L_0000020191fd90a0;  1 drivers
L_0000020191fdb188 .functor BUFT 1, C4<0000000000000000000000000000000>, C4<0>, C4<0>, C4<0>;
v0000020191c3cb90_0 .net *"_ivl_3", 30 0, L_0000020191fdb188;  1 drivers
L_0000020191fdb1d0 .functor BUFT 1, C4<00000000000000000000000000000000>, C4<0>, C4<0>, C4<0>;
v0000020191c3cc30_0 .net/2u *"_ivl_4", 31 0, L_0000020191fdb1d0;  1 drivers
v0000020191c3c690_0 .net *"_ivl_6", 0 0, L_0000020191fd9aa0;  1 drivers
v0000020191c3c870_0 .net "i0", 31 0, L_0000020192033df0;  alias, 1 drivers
v0000020191c3dc70_0 .net "i1", 31 0, L_0000020192033bc0;  alias, 1 drivers
v0000020191c3c730_0 .net "out", 31 0, L_0000020191fdaa40;  alias, 1 drivers
L_0000020191fd90a0 .concat [ 1 31 0 0], L_00000201920334c0, L_0000020191fdb188;
L_0000020191fd9aa0 .cmp/eq 32, L_0000020191fd90a0, L_0000020191fdb1d0;
L_0000020191fdaa40 .functor MUXZ 32, L_0000020192033bc0, L_0000020192033df0, L_0000020191fd9aa0, C4<>;
S_0000020191ba78b0 .scope module, "mux32_3" "MUX32" 3 39, 10 2 0, S_0000020191bc8f50;
 .timescale -9 -12;
    .port_info 0 /INPUT 1 "Ctrl";
    .port_info 1 /INPUT 32 "i0";
    .port_info 2 /INPUT 32 "i1";
    .port_info 3 /OUTPUT 32 "out";
v0000020191c3d630_0 .net "Ctrl", 0 0, L_0000020192033ae0;  alias, 1 drivers
v0000020191c3c550_0 .net *"_ivl_0", 31 0, L_0000020191fd9280;  1 drivers
L_0000020191fdb218 .functor BUFT 1, C4<0000000000000000000000000000000>, C4<0>, C4<0>, C4<0>;
v0000020191c3ccd0_0 .net *"_ivl_3", 30 0, L_0000020191fdb218;  1 drivers
L_0000020191fdb260 .functor BUFT 1, C4<00000000000000000000000000000000>, C4<0>, C4<0>, C4<0>;
v0000020191c3ca50_0 .net/2u *"_ivl_4", 31 0, L_0000020191fdb260;  1 drivers
v0000020191c3c050_0 .net *"_ivl_6", 0 0, L_0000020191fd9e60;  1 drivers
v0000020191c3d3b0_0 .net "i0", 31 0, L_0000020192033f40;  alias, 1 drivers
v0000020191c3dbd0_0 .net "i1", 31 0, L_0000020192033fb0;  alias, 1 drivers
v0000020191c3dd10_0 .net "out", 31 0, L_0000020191fda720;  alias, 1 drivers
L_0000020191fd9280 .concat [ 1 31 0 0], L_0000020192033ae0, L_0000020191fdb218;
L_0000020191fd9e60 .cmp/eq 32, L_0000020191fd9280, L_0000020191fdb260;
L_0000020191fda720 .functor MUXZ 32, L_0000020192033fb0, L_0000020192033f40, L_0000020191fd9e60, C4<>;
S_0000020191ba7a40 .scope module, "mux32_4" "MUX32" 3 40, 10 2 0, S_0000020191bc8f50;
 .timescale -9 -12;
    .port_info 0 /INPUT 1 "Ctrl";
    .port_info 1 /INPUT 32 "i0";
    .port_info 2 /INPUT 32 "i1";
    .port_info 3 /OUTPUT 32 "out";
v0000020191c3cf50_0 .net "Ctrl", 0 0, L_0000020192033c30;  alias, 1 drivers
v0000020191c3d270_0 .net *"_ivl_0", 31 0, L_0000020191fda7c0;  1 drivers
L_0000020191fdb2a8 .functor BUFT 1, C4<0000000000000000000000000000000>, C4<0>, C4<0>, C4<0>;
v0000020191c3d810_0 .net *"_ivl_3", 30 0, L_0000020191fdb2a8;  1 drivers
L_0000020191fdb2f0 .functor BUFT 1, C4<00000000000000000000000000000000>, C4<0>, C4<0>, C4<0>;
v0000020191c3ceb0_0 .net/2u *"_ivl_4", 31 0, L_0000020191fdb2f0;  1 drivers
v0000020191c3d950_0 .net *"_ivl_6", 0 0, L_0000020191fd9320;  1 drivers
v0000020191c3ddb0_0 .net "i0", 31 0, L_00000201920330d0;  alias, 1 drivers
v0000020191c3c190_0 .net "i1", 31 0, L_00000201920336f0;  alias, 1 drivers
v0000020191c3caf0_0 .net "out", 31 0, L_0000020191fd9be0;  alias, 1 drivers
L_0000020191fda7c0 .concat [ 1 31 0 0], L_0000020192033c30, L_0000020191fdb2a8;
L_0000020191fd9320 .cmp/eq 32, L_0000020191fda7c0, L_0000020191fdb2f0;
L_0000020191fd9be0 .functor MUXZ 32, L_00000201920336f0, L_00000201920330d0, L_0000020191fd9320, C4<>;
S_0000020191ba3f80 .scope module, "mux5" "MUX5" 3 36, 11 2 0, S_0000020191bc8f50;
 .timescale -9 -12;
    .port_info 0 /INPUT 1 "Ctrl";
    .port_info 1 /INPUT 5 "i0";
    .port_info 2 /INPUT 5 "i1";
    .port_info 3 /OUTPUT 5 "out";
v0000020191c3c910_0 .net "Ctrl", 0 0, L_0000020192033530;  alias, 1 drivers
v0000020191c3c7d0_0 .net *"_ivl_0", 31 0, L_0000020191fd9820;  1 drivers
L_0000020191fdb068 .functor BUFT 1, C4<0000000000000000000000000000000>, C4<0>, C4<0>, C4<0>;
v0000020191c3d4f0_0 .net *"_ivl_3", 30 0, L_0000020191fdb068;  1 drivers
L_0000020191fdb0b0 .functor BUFT 1, C4<00000000000000000000000000000000>, C4<0>, C4<0>, C4<0>;
v0000020191c3c9b0_0 .net/2u *"_ivl_4", 31 0, L_0000020191fdb0b0;  1 drivers
v0000020191c3c230_0 .net *"_ivl_6", 0 0, L_0000020191fda0e0;  1 drivers
v0000020191c3cff0_0 .net "i0", 4 0, L_0000020192033d10;  alias, 1 drivers
v0000020191c3cd70_0 .net "i1", 4 0, L_0000020192033a70;  alias, 1 drivers
v0000020191c3de50_0 .net "out", 4 0, L_0000020191fda540;  alias, 1 drivers
L_0000020191fd9820 .concat [ 1 31 0 0], L_0000020192033530, L_0000020191fdb068;
L_0000020191fda0e0 .cmp/eq 32, L_0000020191fd9820, L_0000020191fdb0b0;
L_0000020191fda540 .functor MUXZ 5, L_0000020192033a70, L_0000020192033d10, L_0000020191fda0e0, C4<>;
S_0000020191ba4110 .scope module, "pc" "PC" 3 41, 12 2 0, S_0000020191bc8f50;
 .timescale -9 -12;
    .port_info 0 /INPUT 1 "clk";
    .port_info 1 /INPUT 1 "reset";
    .port_info 2 /INPUT 32 "addrin";
    .port_info 3 /OUTPUT 32 "addrout";
v0000020191c3d9f0_0 .net "addrin", 31 0, L_0000020192033b50;  alias, 1 drivers
v0000020191c3d1d0_0 .var "addrout", 31 0;
v0000020191c3ce10_0 .net "clk", 0 0, v0000020191fd7090_0;  alias, 1 drivers
v0000020191c3d090_0 .net "reset", 0 0, v0000020191fd7bd0_0;  alias, 1 drivers
E_0000020191bda590 .event posedge, v0000020191c3ce10_0;
S_0000020191ba14f0 .scope module, "rf" "RF" 3 42, 13 2 0, S_0000020191bc8f50;
 .timescale -9 -12;
    .port_info 0 /INPUT 1 "clk";
    .port_info 1 /INPUT 1 "W";
    .port_info 2 /INPUT 5 "R_Reg1";
    .port_info 3 /INPUT 5 "R_Reg2";
    .port_info 4 /INPUT 5 "W_Reg";
    .port_info 5 /INPUT 32 "W_data";
    .port_info 6 /OUTPUT 32 "R_data1";
    .port_info 7 /OUTPUT 32 "R_data2";
L_0000020191bc9f10 .functor BUFZ 32, L_0000020191fd9c80, C4<00000000000000000000000000000000>, C4<00000000000000000000000000000000>, C4<00000000000000000000000000000000>;
L_0000020191bca0d0 .functor BUFZ 32, L_0000020191fd9fa0, C4<00000000000000000000000000000000>, C4<00000000000000000000000000000000>, C4<00000000000000000000000000000000>;
v0000020191c3d310_0 .net "R_Reg1", 4 0, L_0000020192033a00;  alias, 1 drivers
v0000020191c3d8b0_0 .net "R_Reg2", 4 0, L_0000020192033610;  alias, 1 drivers
v0000020191c3d590_0 .net "R_data1", 31 0, L_0000020191bc9f10;  alias, 1 drivers
v0000020191c3d6d0_0 .net "R_data2", 31 0, L_0000020191bca0d0;  alias, 1 drivers
v0000020191c3da90_0 .net "W", 0 0, L_0000020192033140;  alias, 1 drivers
v0000020191c3db30_0 .net "W_Reg", 4 0, L_0000020192033990;  alias, 1 drivers
v0000020191c3c370_0 .net "W_data", 31 0, L_0000020192033840;  alias, 1 drivers
v0000020191c3bfb0_0 .net *"_ivl_0", 31 0, L_0000020191fd9c80;  1 drivers
v0000020191c3c2d0_0 .net *"_ivl_10", 6 0, L_0000020191fd9640;  1 drivers
L_0000020191fdb380 .functor BUFT 1, C4<00>, C4<0>, C4<0>, C4<0>;
v0000020191c3c410_0 .net *"_ivl_13", 1 0, L_0000020191fdb380;  1 drivers
v0000020191c3c4b0_0 .net *"_ivl_2", 6 0, L_0000020191fd9dc0;  1 drivers
L_0000020191fdb338 .functor BUFT 1, C4<00>, C4<0>, C4<0>, C4<0>;
v0000020191fd24c0_0 .net *"_ivl_5", 1 0, L_0000020191fdb338;  1 drivers
v0000020191fd3d20_0 .net *"_ivl_8", 31 0, L_0000020191fd9fa0;  1 drivers
v0000020191fd3280_0 .net "clk", 0 0, v0000020191fd7090_0;  alias, 1 drivers
v0000020191fd35a0_0 .var/i "fd1", 31 0;
v0000020191fd3460_0 .var/i "i", 31 0;
v0000020191fd30a0 .array "mem", 31 0, 31 0;
E_0000020191bda5d0 .event negedge, v0000020191c3ce10_0;
L_0000020191fd9c80 .array/port v0000020191fd30a0, L_0000020191fd9dc0;
L_0000020191fd9dc0 .concat [ 5 2 0 0], L_0000020192033a00, L_0000020191fdb338;
L_0000020191fd9fa0 .array/port v0000020191fd30a0, L_0000020191fd9640;
L_0000020191fd9640 .concat [ 5 2 0 0], L_0000020192033610, L_0000020191fdb380;
S_0000020191ba1680 .scope module, "shl2_26" "SHL2_26" 3 43, 14 2 0, S_0000020191bc8f50;
 .timescale -9 -12;
    .port_info 0 /INPUT 26 "in";
    .port_info 1 /OUTPUT 28 "out";
v0000020191fd2740_0 .net *"_ivl_0", 25 0, L_0000020191fda2c0;  1 drivers
L_0000020191fdb3c8 .functor BUFT 1, C4<00>, C4<0>, C4<0>, C4<0>;
v0000020191fd2d80_0 .net/2u *"_ivl_2", 1 0, L_0000020191fdb3c8;  1 drivers
v0000020191fd33c0_0 .net "in", 25 0, L_00000201920338b0;  alias, 1 drivers
v0000020191fd26a0_0 .net "out", 27 0, L_0000020191fdaf40;  alias, 1 drivers
L_0000020191fda2c0 .concat [ 26 0 0 0], L_00000201920338b0;
L_0000020191fdaf40 .concat [ 2 26 0 0], L_0000020191fdb3c8, L_0000020191fda2c0;
S_0000020191c3e2e0 .scope module, "shl2_32" "SHL2_32" 3 44, 15 2 0, S_0000020191bc8f50;
 .timescale -9 -12;
    .port_info 0 /INPUT 32 "in";
    .port_info 1 /OUTPUT 32 "out";
v0000020191fd3960_0 .net *"_ivl_2", 29 0, L_0000020191fda040;  1 drivers
L_0000020191fdb410 .functor BUFT 1, C4<00>, C4<0>, C4<0>, C4<0>;
v0000020191fd38c0_0 .net *"_ivl_4", 1 0, L_0000020191fdb410;  1 drivers
v0000020191fd3140_0 .net "in", 31 0, L_0000020192033e60;  alias, 1 drivers
v0000020191fd3820_0 .net "out", 31 0, L_0000020191fd93c0;  alias, 1 drivers
L_0000020191fda040 .part L_0000020192033e60, 0, 30;
L_0000020191fd93c0 .concat [ 2 30 0 0], L_0000020191fdb410, L_0000020191fda040;
S_0000020191c3eab0 .scope module, "sigext" "SigExt" 3 45, 16 2 0, S_0000020191bc8f50;
 .timescale -9 -12;
    .port_info 0 /INPUT 16 "in";
    .port_info 1 /OUTPUT 32 "out";
L_0000020191fdb458 .functor BUFT 1, C4<0000000000000000>, C4<0>, C4<0>, C4<0>;
v0000020191fd2920_0 .net/2u *"_ivl_0", 15 0, L_0000020191fdb458;  1 drivers
v0000020191fd3a00_0 .net *"_ivl_2", 15 0, L_0000020191fda180;  1 drivers
v0000020191fd3aa0_0 .net "in", 15 0, L_0000020192033220;  alias, 1 drivers
v0000020191fd2380_0 .net "out", 31 0, L_0000020191fda220;  alias, 1 drivers
L_0000020191fda180 .concat [ 16 0 0 0], L_0000020192033220;
L_0000020191fda220 .concat [ 16 16 0 0], L_0000020191fda180, L_0000020191fdb458;
    .scope S_0000020191bb1c80;
T_0 ;
    %wait E_0000020191bda350;
    %pushi/vec4 0, 0, 32;
    %store/vec4 v0000020191bf9b00_0, 0, 32;
    %load/vec4 v0000020191bfab40_0;
    %dup/vec4;
    %pushi/vec4 0, 0, 3;
    %cmp/u;
    %jmp/1 T_0.0, 6;
    %dup/vec4;
    %pushi/vec4 1, 0, 3;
    %cmp/u;
    %jmp/1 T_0.1, 6;
    %dup/vec4;
    %pushi/vec4 4, 0, 3;
    %cmp/u;
    %jmp/1 T_0.2, 6;
    %dup/vec4;
    %pushi/vec4 5, 0, 3;
    %cmp/u;
    %jmp/1 T_0.3, 6;
    %dup/vec4;
    %pushi/vec4 6, 0, 3;
    %cmp/u;
    %jmp/1 T_0.4, 6;
    %dup/vec4;
    %pushi/vec4 3, 0, 3;
    %cmp/u;
    %jmp/1 T_0.5, 6;
    %dup/vec4;
    %pushi/vec4 2, 0, 3;
    %cmp/u;
    %jmp/1 T_0.6, 6;
    %jmp T_0.7;
T_0.0 ;
    %load/vec4 v0000020191bfabe0_0;
    %load/vec4 v0000020191bfad20_0;
    %and;
    %store/vec4 v0000020191bf9b00_0, 0, 32;
    %jmp T_0.7;
T_0.1 ;
    %load/vec4 v0000020191bfabe0_0;
    %load/vec4 v0000020191bfad20_0;
    %or;
    %store/vec4 v0000020191bf9b00_0, 0, 32;
    %jmp T_0.7;
T_0.2 ;
    %load/vec4 v0000020191bfabe0_0;
    %load/vec4 v0000020191bfad20_0;
    %add;
    %store/vec4 v0000020191bf9b00_0, 0, 32;
    %load/vec4 v0000020191bfabe0_0;
    %parti/s 1, 31, 6;
    %load/vec4 v0000020191bfad20_0;
    %parti/s 1, 31, 6;
    %cmp/e;
    %flag_get/vec4 4;
    %jmp/0 T_0.10, 4;
    %load/vec4 v0000020191bf9b00_0;
    %parti/s 1, 31, 6;
    %load/vec4 v0000020191bfabe0_0;
    %parti/s 1, 31, 6;
    %cmp/ne;
    %flag_get/vec4 4;
    %and;
T_0.10;
    %flag_set/vec4 8;
    %jmp/0 T_0.8, 8;
    %pushi/vec4 1, 0, 2;
    %jmp/1 T_0.9, 8;
T_0.8 ; End of true expr.
    %pushi/vec4 0, 0, 2;
    %jmp/0 T_0.9, 8;
 ; End of false expr.
    %blend;
T_0.9;
    %pad/s 1;
    %store/vec4 v0000020191bf8fc0_0, 0, 1;
    %jmp T_0.7;
T_0.3 ;
    %load/vec4 v0000020191bfabe0_0;
    %load/vec4 v0000020191bfad20_0;
    %add;
    %store/vec4 v0000020191bf9b00_0, 0, 32;
    %jmp T_0.7;
T_0.4 ;
    %load/vec4 v0000020191bfabe0_0;
    %load/vec4 v0000020191bfad20_0;
    %sub;
    %store/vec4 v0000020191bf9b00_0, 0, 32;
    %load/vec4 v0000020191bfabe0_0;
    %parti/s 1, 31, 6;
    %load/vec4 v0000020191bfad20_0;
    %parti/s 1, 31, 6;
    %cmp/ne;
    %flag_get/vec4 4;
    %jmp/0 T_0.13, 4;
    %load/vec4 v0000020191bf9b00_0;
    %parti/s 1, 31, 6;
    %load/vec4 v0000020191bfad20_0;
    %parti/s 1, 31, 6;
    %cmp/e;
    %flag_get/vec4 4;
    %and;
T_0.13;
    %flag_set/vec4 8;
    %jmp/0 T_0.11, 8;
    %pushi/vec4 1, 0, 2;
    %jmp/1 T_0.12, 8;
T_0.11 ; End of true expr.
    %pushi/vec4 0, 0, 2;
    %jmp/0 T_0.12, 8;
 ; End of false expr.
    %blend;
T_0.12;
    %pad/s 1;
    %store/vec4 v0000020191bf8fc0_0, 0, 1;
    %jmp T_0.7;
T_0.5 ;
    %load/vec4 v0000020191bfabe0_0;
    %load/vec4 v0000020191bfad20_0;
    %or;
    %inv;
    %store/vec4 v0000020191bf9b00_0, 0, 32;
    %jmp T_0.7;
T_0.6 ;
    %load/vec4 v0000020191bfabe0_0;
    %load/vec4 v0000020191bfad20_0;
    %cmp/u;
    %flag_mov 8, 5;
    %jmp/0 T_0.14, 8;
    %pushi/vec4 1, 0, 32;
    %jmp/1 T_0.15, 8;
T_0.14 ; End of true expr.
    %pushi/vec4 0, 0, 32;
    %jmp/0 T_0.15, 8;
 ; End of false expr.
    %blend;
T_0.15;
    %store/vec4 v0000020191bf9b00_0, 0, 32;
    %jmp T_0.7;
T_0.7 ;
    %pop/vec4 1;
    %load/vec4 v0000020191bf9b00_0;
    %cmpi/e 0, 0, 32;
    %flag_mov 8, 4;
    %jmp/0 T_0.16, 8;
    %pushi/vec4 1, 0, 2;
    %jmp/1 T_0.17, 8;
T_0.16 ; End of true expr.
    %pushi/vec4 0, 0, 2;
    %jmp/0 T_0.17, 8;
 ; End of false expr.
    %blend;
T_0.17;
    %pad/s 1;
    %store/vec4 v0000020191bf9d80_0, 0, 1;
    %jmp T_0;
    .thread T_0, $push;
    .scope S_0000020191bada40;
T_1 ;
    %wait E_0000020191bd9ad0;
    %pushi/vec4 0, 0, 3;
    %store/vec4 v0000020191bf9420_0, 0, 3;
    %load/vec4 v0000020191bfa3c0_0;
    %dup/vec4;
    %pushi/vec4 0, 0, 2;
    %cmp/u;
    %jmp/1 T_1.0, 6;
    %dup/vec4;
    %pushi/vec4 1, 0, 2;
    %cmp/u;
    %jmp/1 T_1.1, 6;
    %load/vec4 v0000020191bfa8c0_0;
    %dup/vec4;
    %pushi/vec4 32, 0, 6;
    %cmp/u;
    %jmp/1 T_1.4, 6;
    %dup/vec4;
    %pushi/vec4 33, 0, 6;
    %cmp/u;
    %jmp/1 T_1.5, 6;
    %dup/vec4;
    %pushi/vec4 34, 0, 6;
    %cmp/u;
    %jmp/1 T_1.6, 6;
    %dup/vec4;
    %pushi/vec4 36, 0, 6;
    %cmp/u;
    %jmp/1 T_1.7, 6;
    %dup/vec4;
    %pushi/vec4 37, 0, 6;
    %cmp/u;
    %jmp/1 T_1.8, 6;
    %dup/vec4;
    %pushi/vec4 39, 0, 6;
    %cmp/u;
    %jmp/1 T_1.9, 6;
    %dup/vec4;
    %pushi/vec4 42, 0, 6;
    %cmp/u;
    %jmp/1 T_1.10, 6;
    %jmp T_1.11;
T_1.4 ;
    %pushi/vec4 4, 0, 3;
    %store/vec4 v0000020191bf9420_0, 0, 3;
    %jmp T_1.11;
T_1.5 ;
    %pushi/vec4 5, 0, 3;
    %store/vec4 v0000020191bf9420_0, 0, 3;
    %jmp T_1.11;
T_1.6 ;
    %pushi/vec4 6, 0, 3;
    %store/vec4 v0000020191bf9420_0, 0, 3;
    %jmp T_1.11;
T_1.7 ;
    %pushi/vec4 0, 0, 3;
    %store/vec4 v0000020191bf9420_0, 0, 3;
    %jmp T_1.11;
T_1.8 ;
    %pushi/vec4 1, 0, 3;
    %store/vec4 v0000020191bf9420_0, 0, 3;
    %jmp T_1.11;
T_1.9 ;
    %pushi/vec4 3, 0, 3;
    %store/vec4 v0000020191bf9420_0, 0, 3;
    %jmp T_1.11;
T_1.10 ;
    %pushi/vec4 2, 0, 3;
    %store/vec4 v0000020191bf9420_0, 0, 3;
    %jmp T_1.11;
T_1.11 ;
    %pop/vec4 1;
    %jmp T_1.3;
T_1.0 ;
    %pushi/vec4 4, 0, 3;
    %store/vec4 v0000020191bf9420_0, 0, 3;
    %jmp T_1.3;
T_1.1 ;
    %pushi/vec4 6, 0, 3;
    %store/vec4 v0000020191bf9420_0, 0, 3;
    %jmp T_1.3;
T_1.3 ;
    %pop/vec4 1;
    %jmp T_1;
    .thread T_1, $push;
    .scope S_0000020191badbd0;
T_2 ;
    %vpi_call 7 12 "$readmemb", "DM.txt", v0000020191bf9560 {0 0 0};
    %end;
    .thread T_2;
    .scope S_0000020191badbd0;
T_3 ;
    %wait E_0000020191bda510;
    %load/vec4 v0000020191bf96a0_0;
    %pad/u 32;
    %cmpi/e 1, 0, 32;
    %jmp/0xz  T_3.0, 4;
    %ix/getv 4, v0000020191bf91a0_0;
    %load/vec4a v0000020191bf9560, 4;
    %store/vec4 v0000020191bf9740_0, 0, 32;
T_3.0 ;
    %load/vec4 v0000020191bfaaa0_0;
    %pad/u 32;
    %cmpi/e 1, 0, 32;
    %jmp/0xz  T_3.2, 4;
    %load/vec4 v0000020191bf8f20_0;
    %ix/getv 4, v0000020191bf91a0_0;
    %store/vec4a v0000020191bf9560, 4, 0;
    %vpi_func 7 21 "$fopen" 32, "DM.txt", "w" {0 0 0};
    %store/vec4 v0000020191bfa5a0_0, 0, 32;
    %pushi/vec4 0, 0, 32;
    %store/vec4 v0000020191bf94c0_0, 0, 32;
T_3.4 ;
    %load/vec4 v0000020191bf94c0_0;
    %cmpi/s 32, 0, 32;
    %jmp/0xz T_3.5, 5;
    %vpi_call 7 23 "$fdisplay", v0000020191bfa5a0_0, "%h", &A<v0000020191bf9560, v0000020191bf94c0_0 > {0 0 0};
    %load/vec4 v0000020191bf94c0_0;
    %addi 1, 0, 32;
    %store/vec4 v0000020191bf94c0_0, 0, 32;
    %jmp T_3.4;
T_3.5 ;
    %vpi_call 7 25 "$fclose", v0000020191bfa5a0_0 {0 0 0};
T_3.2 ;
    %jmp T_3;
    .thread T_3, $push;
    .scope S_0000020191bac500;
T_4 ;
    %vpi_call 8 16 "$readmemb", "IM.txt", v0000020191bf9a60 {0 0 0};
    %end;
    .thread T_4;
    .scope S_0000020191bac500;
T_5 ;
    %wait E_0000020191bda550;
    %ix/getv 4, v0000020191bf9060_0;
    %load/vec4a v0000020191bf9a60, 4;
    %store/vec4 v0000020191bf9880_0, 0, 32;
    %jmp T_5;
    .thread T_5, $push;
    .scope S_0000020191bac690;
T_6 ;
    %wait E_0000020191bd9c90;
    %pushi/vec4 0, 0, 2;
    %store/vec4 v0000020191bf9ba0_0, 0, 2;
    %pushi/vec4 0, 0, 1;
    %store/vec4 v0000020191bfa0a0_0, 0, 1;
    %pushi/vec4 0, 0, 1;
    %store/vec4 v0000020191bfa640_0, 0, 1;
    %pushi/vec4 0, 0, 1;
    %store/vec4 v0000020191bfa280_0, 0, 1;
    %pushi/vec4 0, 0, 1;
    %store/vec4 v0000020191bfa140_0, 0, 1;
    %pushi/vec4 0, 0, 1;
    %store/vec4 v0000020191bf9e20_0, 0, 1;
    %pushi/vec4 0, 0, 1;
    %store/vec4 v0000020191bf9ec0_0, 0, 1;
    %pushi/vec4 0, 0, 1;
    %store/vec4 v0000020191bf9ce0_0, 0, 1;
    %pushi/vec4 0, 0, 1;
    %store/vec4 v0000020191bf9c40_0, 0, 1;
    %load/vec4 v0000020191bfa1e0_0;
    %dup/vec4;
    %pushi/vec4 0, 0, 6;
    %cmp/u;
    %jmp/1 T_6.0, 6;
    %dup/vec4;
    %pushi/vec4 35, 0, 6;
    %cmp/u;
    %jmp/1 T_6.1, 6;
    %dup/vec4;
    %pushi/vec4 43, 0, 6;
    %cmp/u;
    %jmp/1 T_6.2, 6;
    %dup/vec4;
    %pushi/vec4 4, 0, 6;
    %cmp/u;
    %jmp/1 T_6.3, 6;
    %dup/vec4;
    %pushi/vec4 2, 0, 6;
    %cmp/u;
    %jmp/1 T_6.4, 6;
    %jmp T_6.5;
T_6.0 ;
    %pushi/vec4 1, 0, 1;
    %store/vec4 v0000020191bfa640_0, 0, 1;
    %pushi/vec4 1, 0, 1;
    %store/vec4 v0000020191bfa280_0, 0, 1;
    %pushi/vec4 2, 0, 2;
    %store/vec4 v0000020191bf9ba0_0, 0, 2;
    %jmp T_6.5;
T_6.1 ;
    %pushi/vec4 1, 0, 1;
    %store/vec4 v0000020191bfa280_0, 0, 1;
    %pushi/vec4 1, 0, 1;
    %store/vec4 v0000020191bfa0a0_0, 0, 1;
    %pushi/vec4 1, 0, 1;
    %store/vec4 v0000020191bf9e20_0, 0, 1;
    %pushi/vec4 1, 0, 1;
    %store/vec4 v0000020191bfa140_0, 0, 1;
    %jmp T_6.5;
T_6.2 ;
    %pushi/vec4 1, 0, 1;
    %store/vec4 v0000020191bfa0a0_0, 0, 1;
    %pushi/vec4 1, 0, 1;
    %store/vec4 v0000020191bf9ec0_0, 0, 1;
    %jmp T_6.5;
T_6.3 ;
    %pushi/vec4 1, 0, 1;
    %store/vec4 v0000020191bf9c40_0, 0, 1;
    %pushi/vec4 1, 0, 2;
    %store/vec4 v0000020191bf9ba0_0, 0, 2;
    %jmp T_6.5;
T_6.4 ;
    %pushi/vec4 1, 0, 1;
    %store/vec4 v0000020191bf9ce0_0, 0, 1;
    %jmp T_6.5;
T_6.5 ;
    %pop/vec4 1;
    %jmp T_6;
    .thread T_6, $push;
    .scope S_0000020191ba4110;
T_7 ;
    %pushi/vec4 0, 0, 32;
    %store/vec4 v0000020191c3d1d0_0, 0, 32;
    %end;
    .thread T_7;
    .scope S_0000020191ba4110;
T_8 ;
    %wait E_0000020191bda590;
    %load/vec4 v0000020191c3d090_0;
    %pad/u 32;
    %cmpi/e 1, 0, 32;
    %jmp/0xz  T_8.0, 4;
    %pushi/vec4 0, 0, 32;
    %store/vec4 v0000020191c3d1d0_0, 0, 32;
    %jmp T_8.1;
T_8.0 ;
    %load/vec4 v0000020191c3d9f0_0;
    %store/vec4 v0000020191c3d1d0_0, 0, 32;
T_8.1 ;
    %jmp T_8;
    .thread T_8;
    .scope S_0000020191ba14f0;
T_9 ;
    %vpi_call 13 15 "$readmemb", "RF.txt", v0000020191fd30a0 {0 0 0};
    %end;
    .thread T_9;
    .scope S_0000020191ba14f0;
T_10 ;
    %wait E_0000020191bda5d0;
    %load/vec4 v0000020191c3da90_0;
    %pad/u 32;
    %cmpi/e 1, 0, 32;
    %jmp/0xz  T_10.0, 4;
    %load/vec4 v0000020191c3c370_0;
    %load/vec4 v0000020191c3db30_0;
    %pad/u 7;
    %ix/vec4 4;
    %store/vec4a v0000020191fd30a0, 4, 0;
T_10.0 ;
    %vpi_func 13 24 "$fopen" 32, "RF.txt", "w" {0 0 0};
    %store/vec4 v0000020191fd35a0_0, 0, 32;
    %pushi/vec4 0, 0, 32;
    %store/vec4 v0000020191fd3460_0, 0, 32;
T_10.2 ;
    %load/vec4 v0000020191fd3460_0;
    %cmpi/s 32, 0, 32;
    %jmp/0xz T_10.3, 5;
    %vpi_call 13 26 "$fdisplay", v0000020191fd35a0_0, "%h", &A<v0000020191fd30a0, v0000020191fd3460_0 > {0 0 0};
    %load/vec4 v0000020191fd3460_0;
    %addi 1, 0, 32;
    %store/vec4 v0000020191fd3460_0, 0, 32;
    %jmp T_10.2;
T_10.3 ;
    %vpi_call 13 28 "$fclose", v0000020191fd35a0_0 {0 0 0};
    %jmp T_10;
    .thread T_10;
    .scope S_0000020191bf89f0;
T_11 ;
    %vpi_call 2 10 "$dumpfile", "./build/sc_wave.vcd" {0 0 0};
    %vpi_call 2 11 "$dumpvars", 32'sb00000000000000000000000000000000, S_0000020191bf89f0 {0 0 0};
    %pushi/vec4 0, 0, 1;
    %store/vec4 v0000020191fd7090_0, 0, 1;
    %pushi/vec4 1, 0, 1;
    %store/vec4 v0000020191fd7bd0_0, 0, 1;
    %delay 5000, 0;
    %load/vec4 v0000020191fd7090_0;
    %inv;
    %store/vec4 v0000020191fd7090_0, 0, 1;
    %delay 5000, 0;
    %pushi/vec4 0, 0, 1;
    %store/vec4 v0000020191fd7bd0_0, 0, 1;
    %pushi/vec4 0, 0, 32;
    %store/vec4 v0000020191fd7130_0, 0, 32;
T_11.0 ;
    %load/vec4 v0000020191fd7130_0;
    %cmpi/s 31, 0, 32;
    %jmp/0xz T_11.1, 5;
    %load/vec4 v0000020191fd7090_0;
    %inv;
    %store/vec4 v0000020191fd7090_0, 0, 1;
    %delay 5000, 0;
    %load/vec4 v0000020191fd7130_0;
    %addi 1, 0, 32;
    %store/vec4 v0000020191fd7130_0, 0, 32;
    %jmp T_11.0;
T_11.1 ;
    %vpi_call 2 22 "$finish" {0 0 0};
    %end;
    .thread T_11;
# The file index is used to find the file name in the following table.
:file_names 17;
    "N/A";
    "<interactive>";
    "./src/Single_tb.v";
    "./src/Single.v";
    "./src/ADD.v";
    "./src/ALU.v";
    "./src/ALUCU.v";
    "./src/DM2.v";
    "./src/IM2.v";
    "./src/MCU.v";
    "./src/MUX32.v";
    "./src/MUX5.v";
    "./src/PC.v";
    "./src/RF2.v";
    "./src/SHL2_26.v";
    "./src/SHL2_32.v";
    "./src/SigExt.v";
